
===========================================================================
report_checks -unconstrained
===========================================================================
======================= Fastest Corner ===================================

Startpoint: _343_ (rising edge-triggered flip-flop clocked by core_clock)
Endpoint: _354_ (rising edge-triggered flip-flop clocked by core_clock)
Path Group: core_clock
Path Type: max
Corner: Fastest

Fanout     Cap    Slew   Delay    Time   Description
-----------------------------------------------------------------------------
                          0.00    0.00   clock core_clock (rise edge)
                          0.00    0.00   clock source latency
     1    0.02    0.00    0.00    0.00 ^ clk (in)
                                         clk (net)
                  0.00    0.00    0.00 ^ clkbuf_0_clk/A (sky130_fd_sc_hd__clkbuf_16)
     4    0.07    0.07    0.10    0.11 ^ clkbuf_0_clk/X (sky130_fd_sc_hd__clkbuf_16)
                                         clknet_0_clk (net)
                  0.07    0.00    0.11 ^ clkbuf_2_1__f_clk/A (sky130_fd_sc_hd__clkbuf_16)
     9    0.04    0.05    0.11    0.21 ^ clkbuf_2_1__f_clk/X (sky130_fd_sc_hd__clkbuf_16)
                                         clknet_2_1__leaf_clk (net)
                  0.05    0.00    0.22 ^ _343_/CLK (sky130_fd_sc_hd__dfrtp_4)
     5    0.08    0.11    0.38    0.60 v _343_/Q (sky130_fd_sc_hd__dfrtp_4)
                                         one_second_counter[13] (net)
                  0.11    0.01    0.60 v _180_/D (sky130_fd_sc_hd__and4_2)
     3    0.03    0.07    0.23    0.83 v _180_/X (sky130_fd_sc_hd__and4_2)
                                         _078_ (net)
                  0.07    0.00    0.83 v _181_/D (sky130_fd_sc_hd__or4_1)
     1    0.01    0.08    0.26    1.09 v _181_/X (sky130_fd_sc_hd__or4_1)
                                         _079_ (net)
                  0.08    0.00    1.09 v _184_/A3 (sky130_fd_sc_hd__o31a_2)
     1    0.03    0.08    0.24    1.33 v _184_/X (sky130_fd_sc_hd__o31a_2)
                                         _082_ (net)
                  0.08    0.00    1.33 v _186_/A2 (sky130_fd_sc_hd__o211ai_4)
     2    0.04    0.26    0.24    1.57 ^ _186_/Y (sky130_fd_sc_hd__o211ai_4)
                                         _084_ (net)
                  0.26    0.00    1.58 ^ _187_/A2 (sky130_fd_sc_hd__a21bo_4)
    11    0.12    0.31    0.29    1.86 ^ _187_/X (sky130_fd_sc_hd__a21bo_4)
                                         _085_ (net)
                  0.31    0.01    1.88 ^ _188_/A (sky130_fd_sc_hd__inv_2)
     2    0.04    0.12    0.09    1.97 v _188_/Y (sky130_fd_sc_hd__inv_2)
                                         _086_ (net)
                  0.12    0.00    1.97 v _189_/A (sky130_fd_sc_hd__buf_8)
    10    0.14    0.08    0.16    2.13 v _189_/X (sky130_fd_sc_hd__buf_8)
                                         _027_ (net)
                  0.08    0.01    2.14 v _278_/A (sky130_fd_sc_hd__nor3_2)
     2    0.04    0.48    0.41    2.56 ^ _278_/Y (sky130_fd_sc_hd__nor3_2)
                                         _016_ (net)
                  0.48    0.01    2.56 ^ _354_/D (sky130_fd_sc_hd__dfrtp_4)
                                  2.56   data arrival time

                         10.00   10.00   clock core_clock (rise edge)
                          0.00   10.00   clock source latency
     1    0.02    0.00    0.00   10.00 ^ clk (in)
                                         clk (net)
                  0.00    0.00   10.00 ^ clkbuf_0_clk/A (sky130_fd_sc_hd__clkbuf_16)
     4    0.07    0.07    0.10   10.11 ^ clkbuf_0_clk/X (sky130_fd_sc_hd__clkbuf_16)
                                         clknet_0_clk (net)
                  0.07    0.00   10.11 ^ clkbuf_2_2__f_clk/A (sky130_fd_sc_hd__clkbuf_16)
     7    0.05    0.05    0.11   10.22 ^ clkbuf_2_2__f_clk/X (sky130_fd_sc_hd__clkbuf_16)
                                         clknet_2_2__leaf_clk (net)
                  0.05    0.00   10.22 ^ _354_/CLK (sky130_fd_sc_hd__dfrtp_4)
                          0.00   10.22   clock reconvergence pessimism
                         -0.08   10.14   library setup time
                                 10.14   data required time
-----------------------------------------------------------------------------
                                 10.14   data required time
                                 -2.56   data arrival time
-----------------------------------------------------------------------------
                                  7.58   slack (MET)



======================= Slowest Corner ===================================

Startpoint: _343_ (rising edge-triggered flip-flop clocked by core_clock)
Endpoint: _346_ (rising edge-triggered flip-flop clocked by core_clock)
Path Group: core_clock
Path Type: max
Corner: Slowest

Fanout     Cap    Slew   Delay    Time   Description
-----------------------------------------------------------------------------
                          0.00    0.00   clock core_clock (rise edge)
                          0.00    0.00   clock source latency
     1    0.02    0.00    0.00    0.00 ^ clk (in)
                                         clk (net)
                  0.00    0.00    0.00 ^ clkbuf_0_clk/A (sky130_fd_sc_hd__clkbuf_16)
     4    0.07    0.13    0.25    0.25 ^ clkbuf_0_clk/X (sky130_fd_sc_hd__clkbuf_16)
                                         clknet_0_clk (net)
                  0.13    0.00    0.25 ^ clkbuf_2_1__f_clk/A (sky130_fd_sc_hd__clkbuf_16)
     9    0.04    0.10    0.28    0.54 ^ clkbuf_2_1__f_clk/X (sky130_fd_sc_hd__clkbuf_16)
                                         clknet_2_1__leaf_clk (net)
                  0.10    0.00    0.54 ^ _343_/CLK (sky130_fd_sc_hd__dfrtp_4)
     5    0.08    0.30    1.23    1.76 v _343_/Q (sky130_fd_sc_hd__dfrtp_4)
                                         one_second_counter[13] (net)
                  0.30    0.01    1.77 v _180_/D (sky130_fd_sc_hd__and4_2)
     3    0.03    0.18    0.73    2.50 v _180_/X (sky130_fd_sc_hd__and4_2)
                                         _078_ (net)
                  0.18    0.00    2.51 v _181_/D (sky130_fd_sc_hd__or4_1)
     1    0.01    0.25    1.11    3.61 v _181_/X (sky130_fd_sc_hd__or4_1)
                                         _079_ (net)
                  0.25    0.00    3.61 v _184_/A3 (sky130_fd_sc_hd__o31a_2)
     1    0.03    0.20    0.76    4.38 v _184_/X (sky130_fd_sc_hd__o31a_2)
                                         _082_ (net)
                  0.20    0.00    4.38 v _186_/A2 (sky130_fd_sc_hd__o211ai_4)
     2    0.04    0.54    0.56    4.94 ^ _186_/Y (sky130_fd_sc_hd__o211ai_4)
                                         _084_ (net)
                  0.54    0.00    4.94 ^ _187_/A2 (sky130_fd_sc_hd__a21bo_4)
    11    0.12    0.60    0.80    5.74 ^ _187_/X (sky130_fd_sc_hd__a21bo_4)
                                         _085_ (net)
                  0.60    0.01    5.75 ^ _202_/A (sky130_fd_sc_hd__clkbuf_8)
    12    0.12    0.34    0.66    6.41 ^ _202_/X (sky130_fd_sc_hd__clkbuf_8)
                                         _095_ (net)
                  0.34    0.01    6.42 ^ _249_/A (sky130_fd_sc_hd__and3_2)
     2    0.05    0.43    0.74    7.16 ^ _249_/X (sky130_fd_sc_hd__and3_2)
                                         _130_ (net)
                  0.43    0.01    7.17 ^ _250_/A (sky130_fd_sc_hd__buf_2)
     2    0.05    0.41    0.59    7.76 ^ _250_/X (sky130_fd_sc_hd__buf_2)
                                         _007_ (net)
                  0.41    0.01    7.77 ^ _346_/D (sky130_fd_sc_hd__dfrtp_4)
                                  7.77   data arrival time

                         10.00   10.00   clock core_clock (rise edge)
                          0.00   10.00   clock source latency
     1    0.02    0.00    0.00   10.00 ^ clk (in)
                                         clk (net)
                  0.00    0.00   10.00 ^ clkbuf_0_clk/A (sky130_fd_sc_hd__clkbuf_16)
     4    0.07    0.13    0.25   10.25 ^ clkbuf_0_clk/X (sky130_fd_sc_hd__clkbuf_16)
                                         clknet_0_clk (net)
                  0.13    0.00   10.25 ^ clkbuf_2_1__f_clk/A (sky130_fd_sc_hd__clkbuf_16)
     9    0.04    0.10    0.28   10.54 ^ clkbuf_2_1__f_clk/X (sky130_fd_sc_hd__clkbuf_16)
                                         clknet_2_1__leaf_clk (net)
                  0.10    0.00   10.54 ^ _346_/CLK (sky130_fd_sc_hd__dfrtp_4)
                          0.00   10.54   clock reconvergence pessimism
                         -0.22   10.32   library setup time
                                 10.32   data required time
-----------------------------------------------------------------------------
                                 10.32   data required time
                                 -7.77   data arrival time
-----------------------------------------------------------------------------
                                  2.55   slack (MET)



======================= Typical Corner ===================================

Startpoint: _343_ (rising edge-triggered flip-flop clocked by core_clock)
Endpoint: _354_ (rising edge-triggered flip-flop clocked by core_clock)
Path Group: core_clock
Path Type: max
Corner: Typical

Fanout     Cap    Slew   Delay    Time   Description
-----------------------------------------------------------------------------
                          0.00    0.00   clock core_clock (rise edge)
                          0.00    0.00   clock source latency
     1    0.02    0.00    0.00    0.00 ^ clk (in)
                                         clk (net)
                  0.00    0.00    0.00 ^ clkbuf_0_clk/A (sky130_fd_sc_hd__clkbuf_16)
     4    0.07    0.09    0.15    0.15 ^ clkbuf_0_clk/X (sky130_fd_sc_hd__clkbuf_16)
                                         clknet_0_clk (net)
                  0.09    0.00    0.15 ^ clkbuf_2_1__f_clk/A (sky130_fd_sc_hd__clkbuf_16)
     9    0.04    0.06    0.16    0.31 ^ clkbuf_2_1__f_clk/X (sky130_fd_sc_hd__clkbuf_16)
                                         clknet_2_1__leaf_clk (net)
                  0.06    0.00    0.31 ^ _343_/CLK (sky130_fd_sc_hd__dfrtp_4)
     5    0.08    0.15    0.59    0.90 v _343_/Q (sky130_fd_sc_hd__dfrtp_4)
                                         one_second_counter[13] (net)
                  0.15    0.01    0.91 v _180_/D (sky130_fd_sc_hd__and4_2)
     3    0.03    0.10    0.35    1.26 v _180_/X (sky130_fd_sc_hd__and4_2)
                                         _078_ (net)
                  0.10    0.00    1.26 v _181_/D (sky130_fd_sc_hd__or4_1)
     1    0.01    0.12    0.47    1.73 v _181_/X (sky130_fd_sc_hd__or4_1)
                                         _079_ (net)
                  0.12    0.00    1.73 v _184_/A3 (sky130_fd_sc_hd__o31a_2)
     1    0.03    0.11    0.39    2.11 v _184_/X (sky130_fd_sc_hd__o31a_2)
                                         _082_ (net)
                  0.11    0.00    2.12 v _186_/A2 (sky130_fd_sc_hd__o211ai_4)
     2    0.04    0.34    0.33    2.45 ^ _186_/Y (sky130_fd_sc_hd__o211ai_4)
                                         _084_ (net)
                  0.34    0.00    2.45 ^ _187_/A2 (sky130_fd_sc_hd__a21bo_4)
    11    0.12    0.40    0.43    2.89 ^ _187_/X (sky130_fd_sc_hd__a21bo_4)
                                         _085_ (net)
                  0.40    0.01    2.90 ^ _188_/A (sky130_fd_sc_hd__inv_2)
     2    0.04    0.15    0.18    3.08 v _188_/Y (sky130_fd_sc_hd__inv_2)
                                         _086_ (net)
                  0.15    0.00    3.09 v _189_/A (sky130_fd_sc_hd__buf_8)
    10    0.14    0.10    0.23    3.32 v _189_/X (sky130_fd_sc_hd__buf_8)
                                         _027_ (net)
                  0.11    0.01    3.33 v _278_/A (sky130_fd_sc_hd__nor3_2)
     2    0.04    0.67    0.59    3.92 ^ _278_/Y (sky130_fd_sc_hd__nor3_2)
                                         _016_ (net)
                  0.67    0.01    3.93 ^ _354_/D (sky130_fd_sc_hd__dfrtp_4)
                                  3.93   data arrival time

                         10.00   10.00   clock core_clock (rise edge)
                          0.00   10.00   clock source latency
     1    0.02    0.00    0.00   10.00 ^ clk (in)
                                         clk (net)
                  0.00    0.00   10.00 ^ clkbuf_0_clk/A (sky130_fd_sc_hd__clkbuf_16)
     4    0.07    0.09    0.15   10.15 ^ clkbuf_0_clk/X (sky130_fd_sc_hd__clkbuf_16)
                                         clknet_0_clk (net)
                  0.09    0.00   10.15 ^ clkbuf_2_2__f_clk/A (sky130_fd_sc_hd__clkbuf_16)
     7    0.05    0.07    0.16   10.31 ^ clkbuf_2_2__f_clk/X (sky130_fd_sc_hd__clkbuf_16)
                                         clknet_2_2__leaf_clk (net)
                  0.07    0.00   10.32 ^ _354_/CLK (sky130_fd_sc_hd__dfrtp_4)
                          0.00   10.32   clock reconvergence pessimism
                         -0.18   10.14   library setup time
                                 10.14   data required time
-----------------------------------------------------------------------------
                                 10.14   data required time
                                 -3.93   data arrival time
-----------------------------------------------------------------------------
                                  6.21   slack (MET)




===========================================================================
report_checks --slack_max -0.01
============================================================================
======================= Fastest Corner ===================================

No paths found.

======================= Slowest Corner ===================================

No paths found.

======================= Typical Corner ===================================

No paths found.


===========================================================================
 report_check_types -max_slew -max_cap -max_fanout -violators
============================================================================
======================= Fastest Corner ===================================


max slew violations count Fastest: 0
max fanout violations count Fastest: 0
max cap violations count Fastest: 0
======================= Slowest Corner ===================================


max slew violations count Slowest: 0
max fanout violations count Slowest: 0
max cap violations count Slowest: 0
======================= Typical Corner ===================================


max slew violations count Typical: 0
max fanout violations count Typical: 0
max cap violations count Typical: 0

===========================================================================
report_parasitic_annotation -report_unannotated
============================================================================
Found 11 unannotated drivers.
 ZeroToFiveCounter_10/LO
 ZeroToFiveCounter_11/LO
 ZeroToFiveCounter_12/LO
 ZeroToFiveCounter_13/LO
 ZeroToFiveCounter_14/LO
 ZeroToFiveCounter_15/LO
 ZeroToFiveCounter_16/LO
 ZeroToFiveCounter_9/HI
 clkload0/X
 clkload1/Y
 clkload2/X
Found 0 partially unannotated drivers.

===========================================================================
max slew violation count 0
max fanout violation count 0
max cap violation count 0
============================================================================

===========================================================================
check_setup -verbose -unconstrained_endpoints -multiple_clock -no_clock -no_input_delay -loops -generated_clocks
===========================================================================
Warning: There is 1 input port missing set_input_delay.
  rst
Warning: There are 15 unconstrained endpoints.
  an[0]
  an[1]
  an[2]
  an[3]
  an[4]
  an[5]
  an[6]
  an[7]
  seg[0]
  seg[1]
  seg[2]
  seg[3]
  seg[4]
  seg[5]
  seg[6]
