
===========================================================================
 report_power
============================================================================
======================= Fastest Corner ===================================

Group                  Internal  Switching    Leakage      Total
                          Power      Power      Power      Power (Watts)
----------------------------------------------------------------
Sequential             1.50e-04   0.00e+00   3.25e-08   1.50e-04  41.1%
Combinational          3.71e-14   2.49e-13   1.76e-09   1.76e-09   0.0%
Clock                  1.12e-04   1.03e-04   4.59e-09   2.16e-04  58.9%
Macro                  0.00e+00   0.00e+00   0.00e+00   0.00e+00   0.0%
Pad                    0.00e+00   0.00e+00   0.00e+00   0.00e+00   0.0%
----------------------------------------------------------------
Total                  2.63e-04   1.03e-04   3.88e-08   3.66e-04 100.0%
                          71.7%      28.2%       0.0%

======================= Slowest Corner ===================================

Group                  Internal  Switching    Leakage      Total
                          Power      Power      Power      Power (Watts)
----------------------------------------------------------------
Sequential             9.88e-05   0.00e+00   6.47e-07   9.95e-05  39.8%
Combinational          2.65e-14   1.66e-13   9.36e-07   9.36e-07   0.4%
Clock                  8.08e-05   6.83e-05   1.17e-07   1.49e-04  59.8%
Macro                  0.00e+00   0.00e+00   0.00e+00   0.00e+00   0.0%
Pad                    0.00e+00   0.00e+00   0.00e+00   0.00e+00   0.0%
----------------------------------------------------------------
Total                  1.80e-04   6.83e-05   1.70e-06   2.50e-04 100.0%
                          72.0%      27.4%       0.7%

======================= Typical Corner ===================================

Group                  Internal  Switching    Leakage      Total
                          Power      Power      Power      Power (Watts)
----------------------------------------------------------------
Sequential             1.29e-04   0.00e+00   3.18e-08   1.29e-04  41.0%
Combinational          3.21e-14   2.12e-13   8.07e-10   8.07e-10   0.0%
Clock                  9.85e-05   8.72e-05   4.30e-09   1.86e-04  59.0%
Macro                  0.00e+00   0.00e+00   0.00e+00   0.00e+00   0.0%
Pad                    0.00e+00   0.00e+00   0.00e+00   0.00e+00   0.0%
----------------------------------------------------------------
Total                  2.28e-04   8.72e-05   3.69e-08   3.15e-04 100.0%
                          72.3%      27.7%       0.0%

