
===========================================================================
report_checks -unconstrained
===========================================================================
======================= Typical Corner ===================================

Startpoint: _343_ (rising edge-triggered flip-flop clocked by core_clock)
Endpoint: _354_ (rising edge-triggered flip-flop clocked by core_clock)
Path Group: core_clock
Path Type: max

Fanout     Cap    Slew   Delay    Time   Description
-----------------------------------------------------------------------------
                          0.00    0.00   clock core_clock (rise edge)
                          0.00    0.00   clock source latency
     1    0.01    0.00    0.00    0.00 ^ clk (in)
                                         clk (net)
                  0.00    0.00    0.00 ^ clkbuf_0_clk/A (sky130_fd_sc_hd__clkbuf_16)
     4    0.04    0.06    0.12    0.12 ^ clkbuf_0_clk/X (sky130_fd_sc_hd__clkbuf_16)
                                         clknet_0_clk (net)
                  0.06    0.00    0.12 ^ clkbuf_2_1__f_clk/A (sky130_fd_sc_hd__clkbuf_16)
     9    0.02    0.04    0.13    0.25 ^ clkbuf_2_1__f_clk/X (sky130_fd_sc_hd__clkbuf_16)
                                         clknet_2_1__leaf_clk (net)
                  0.04    0.00    0.25 ^ _343_/CLK (sky130_fd_sc_hd__dfrtp_4)
     4    0.05    0.12    0.55    0.80 v _343_/Q (sky130_fd_sc_hd__dfrtp_4)
                                         one_second_counter[13] (net)
                  0.12    0.01    0.80 v _180_/D (sky130_fd_sc_hd__and4_2)
     2    0.01    0.05    0.28    1.08 v _180_/X (sky130_fd_sc_hd__and4_2)
                                         _078_ (net)
                  0.05    0.00    1.08 v _181_/D (sky130_fd_sc_hd__or4_1)
     1    0.00    0.08    0.38    1.47 v _181_/X (sky130_fd_sc_hd__or4_1)
                                         _079_ (net)
                  0.08    0.00    1.47 v _184_/A3 (sky130_fd_sc_hd__o31a_2)
     1    0.02    0.10    0.35    1.82 v _184_/X (sky130_fd_sc_hd__o31a_2)
                                         _082_ (net)
                  0.10    0.00    1.83 v _186_/A2 (sky130_fd_sc_hd__o211ai_4)
     2    0.02    0.22    0.23    2.06 ^ _186_/Y (sky130_fd_sc_hd__o211ai_4)
                                         _084_ (net)
                  0.22    0.00    2.06 ^ _187_/A2 (sky130_fd_sc_hd__a21bo_4)
     9    0.02    0.08    0.19    2.25 ^ _187_/X (sky130_fd_sc_hd__a21bo_4)
                                         _085_ (net)
                  0.08    0.00    2.25 ^ _188_/A (sky130_fd_sc_hd__inv_2)
     2    0.03    0.08    0.09    2.34 v _188_/Y (sky130_fd_sc_hd__inv_2)
                                         _086_ (net)
                  0.08    0.00    2.34 v _189_/A (sky130_fd_sc_hd__buf_8)
    10    0.07    0.06    0.17    2.51 v _189_/X (sky130_fd_sc_hd__buf_8)
                                         _027_ (net)
                  0.07    0.01    2.52 v _278_/A (sky130_fd_sc_hd__nor3_2)
     1    0.02    0.44    0.41    2.93 ^ _278_/Y (sky130_fd_sc_hd__nor3_2)
                                         _016_ (net)
                  0.44    0.00    2.93 ^ _354_/D (sky130_fd_sc_hd__dfrtp_4)
                                  2.93   data arrival time

                         10.00   10.00   clock core_clock (rise edge)
                          0.00   10.00   clock source latency
     1    0.01    0.00    0.00   10.00 ^ clk (in)
                                         clk (net)
                  0.00    0.00   10.00 ^ clkbuf_0_clk/A (sky130_fd_sc_hd__clkbuf_16)
     4    0.04    0.06    0.12   10.12 ^ clkbuf_0_clk/X (sky130_fd_sc_hd__clkbuf_16)
                                         clknet_0_clk (net)
                  0.06    0.00   10.12 ^ clkbuf_2_2__f_clk/A (sky130_fd_sc_hd__clkbuf_16)
     7    0.03    0.05    0.14   10.26 ^ clkbuf_2_2__f_clk/X (sky130_fd_sc_hd__clkbuf_16)
                                         clknet_2_2__leaf_clk (net)
                  0.05    0.00   10.26 ^ _354_/CLK (sky130_fd_sc_hd__dfrtp_4)
                          0.00   10.26   clock reconvergence pessimism
                         -0.15   10.11   library setup time
                                 10.11   data required time
-----------------------------------------------------------------------------
                                 10.11   data required time
                                 -2.93   data arrival time
-----------------------------------------------------------------------------
                                  7.18   slack (MET)




===========================================================================
report_checks --slack_max -0.01
============================================================================
======================= Typical Corner ===================================

No paths found.


===========================================================================
 report_check_types -max_slew -max_cap -max_fanout -violators
============================================================================
======================= Typical Corner ===================================


max slew violations count Typical: 0
max fanout violations count Typical: 0
max cap violations count Typical: 0

===========================================================================
report_parasitic_annotation -report_unannotated
============================================================================
Found 11 unannotated drivers.
 ZeroToFiveCounter_10/LO
 ZeroToFiveCounter_11/LO
 ZeroToFiveCounter_12/LO
 ZeroToFiveCounter_13/LO
 ZeroToFiveCounter_14/LO
 ZeroToFiveCounter_15/LO
 ZeroToFiveCounter_16/LO
 ZeroToFiveCounter_9/HI
 clkload0/X
 clkload1/Y
 clkload2/X
Found 120 partially unannotated drivers.
 clk
 _162_/X
 _163_/Y
 _164_/Y
 _165_/Y
 _167_/Y
 _168_/X
 _169_/X
 _170_/X
 _171_/Y
 _172_/Y
 _173_/Y
 _177_/X
 _178_/X
 _180_/X
 _181_/X
 _186_/Y
 _187_/X
 _189_/X
 _191_/Y
 _192_/X
 _193_/X
 _194_/X
 _197_/X
 _198_/X
 _200_/X
 _201_/X
 _202_/X
 _204_/X
 _206_/X
 _207_/Y
 _208_/X
 _216_/X
 _218_/X
 _219_/X
 _220_/Y
 _225_/X
 _228_/X
 _232_/X
 _234_/X
 _236_/X
 _237_/X
 _238_/Y
 _239_/Y
 _240_/X
 _243_/Y
 _244_/X
 _245_/X
 _247_/X
 _248_/Y
 _249_/X
 _250_/X
 _252_/Y
 _253_/Y
 _254_/X
 _255_/X
 _256_/X
 _257_/X
 _258_/X
 _259_/Y
 _261_/X
 _262_/X
 _263_/Y
 _264_/X
 _265_/X
 _267_/X
 _269_/X
 _270_/Y
 _274_/X
 _280_/Y
 _285_/Y
 _286_/X
 _289_/Y
 _290_/X
 _291_/X
 _292_/X
 _294_/Y
 _295_/X
 _297_/Y
 _298_/Y
 _302_/Y
 _304_/Y
 _306_/X
 _308_/Y
 _309_/Y
 _310_/Y
 _313_/Y
 _314_/Y
 _316_/Y
 _317_/X
 _320_/Y
 _322_/Y
 _324_/Y
 _325_/Y
 _327_/Y
 _330_/Q
 _331_/Q
 _332_/Q
 _334_/Q
 _335_/Q
 _336_/Q
 _337_/Q
 _338_/Q
 _339_/Q
 _342_/Q
 _346_/Q
 _347_/Q
 _348_/Q
 _350_/Q
 _352_/Q
 _354_/Q
 _356_/Q
 _359_/Q
 _360_/Q
 _361_/Q
 clkbuf_0_clk/X
 clkbuf_2_1__f_clk/X
 clkbuf_2_2__f_clk/X
 clkbuf_2_3__f_clk/X
 input1/X

===========================================================================
max slew violation count 0
max fanout violation count 0
max cap violation count 0
============================================================================

===========================================================================
check_setup -verbose -unconstrained_endpoints -multiple_clock -no_clock -no_input_delay -loops -generated_clocks
===========================================================================
Warning: There is 1 input port missing set_input_delay.
  rst
Warning: There are 15 unconstrained endpoints.
  an[0]
  an[1]
  an[2]
  an[3]
  an[4]
  an[5]
  an[6]
  an[7]
  seg[0]
  seg[1]
  seg[2]
  seg[3]
  seg[4]
  seg[5]
  seg[6]
