
===========================================================================
report_checks -path_delay max (Setup)
============================================================================
======================= Fastest Corner ===================================

Startpoint: in[0] (input port clocked by __VIRTUAL_CLK__)
Endpoint: out[7] (output port clocked by __VIRTUAL_CLK__)
Path Group: __VIRTUAL_CLK__
Path Type: max
Corner: Fastest

Fanout     Cap    Slew   Delay    Time   Description
-----------------------------------------------------------------------------
                  0.00    0.00    0.00   clock __VIRTUAL_CLK__ (rise edge)
                          0.00    0.00   clock network delay (ideal)
                          2.00    2.00 v input external delay
     1    0.00    0.01    0.00    2.00 v in[0] (in)
                                         in[0] (net)
                  0.01    0.00    2.00 v input1/A (sky130_fd_sc_hd__buf_1)
     5    0.01    0.06    0.09    2.09 v input1/X (sky130_fd_sc_hd__buf_1)
                                         net1 (net)
                  0.06    0.00    2.09 v _13_/B (sky130_fd_sc_hd__or4_2)
     5    0.02    0.10    0.44    2.53 v _13_/X (sky130_fd_sc_hd__or4_2)
                                         _02_ (net)
                  0.10    0.00    2.53 v _20_/D (sky130_fd_sc_hd__or4_1)
     2    0.01    0.08    0.28    2.82 v _20_/X (sky130_fd_sc_hd__or4_1)
                                         _06_ (net)
                  0.08    0.00    2.82 v _24_/B (sky130_fd_sc_hd__xor2_1)
     1    0.01    0.15    0.16    2.98 ^ _24_/X (sky130_fd_sc_hd__xor2_1)
                                         net16 (net)
                  0.15    0.00    2.98 ^ output16/A (sky130_fd_sc_hd__clkbuf_4)
     1    0.03    0.09    0.16    3.14 ^ output16/X (sky130_fd_sc_hd__clkbuf_4)
                                         out[7] (net)
                  0.09    0.00    3.14 ^ out[7] (out)
                                  3.14   data arrival time

                  0.00   10.00   10.00   clock __VIRTUAL_CLK__ (rise edge)
                          0.00   10.00   clock network delay (ideal)
                         -0.25    9.75   clock uncertainty
                          0.00    9.75   clock reconvergence pessimism
                         -2.00    7.75   output external delay
                                  7.75   data required time
-----------------------------------------------------------------------------
                                  7.75   data required time
                                 -3.14   data arrival time
-----------------------------------------------------------------------------
                                  4.61   slack (MET)


Startpoint: in[0] (input port clocked by __VIRTUAL_CLK__)
Endpoint: out[6] (output port clocked by __VIRTUAL_CLK__)
Path Group: __VIRTUAL_CLK__
Path Type: max
Corner: Fastest

Fanout     Cap    Slew   Delay    Time   Description
-----------------------------------------------------------------------------
                  0.00    0.00    0.00   clock __VIRTUAL_CLK__ (rise edge)
                          0.00    0.00   clock network delay (ideal)
                          2.00    2.00 v input external delay
     1    0.00    0.01    0.00    2.00 v in[0] (in)
                                         in[0] (net)
                  0.01    0.00    2.00 v input1/A (sky130_fd_sc_hd__buf_1)
     5    0.01    0.06    0.09    2.09 v input1/X (sky130_fd_sc_hd__buf_1)
                                         net1 (net)
                  0.06    0.00    2.09 v _13_/B (sky130_fd_sc_hd__or4_2)
     5    0.02    0.10    0.44    2.53 v _13_/X (sky130_fd_sc_hd__or4_2)
                                         _02_ (net)
                  0.10    0.00    2.53 v _20_/D (sky130_fd_sc_hd__or4_1)
     2    0.01    0.08    0.28    2.82 v _20_/X (sky130_fd_sc_hd__or4_1)
                                         _06_ (net)
                  0.08    0.00    2.82 v _22_/A (sky130_fd_sc_hd__and2_1)
     1    0.00    0.03    0.11    2.93 v _22_/X (sky130_fd_sc_hd__and2_1)
                                         _08_ (net)
                  0.03    0.00    2.93 v _23_/A (sky130_fd_sc_hd__clkbuf_1)
     1    0.00    0.03    0.07    2.99 v _23_/X (sky130_fd_sc_hd__clkbuf_1)
                                         net15 (net)
                  0.03    0.00    2.99 v output15/A (sky130_fd_sc_hd__buf_2)
     1    0.03    0.06    0.12    3.11 v output15/X (sky130_fd_sc_hd__buf_2)
                                         out[6] (net)
                  0.06    0.00    3.12 v out[6] (out)
                                  3.12   data arrival time

                  0.00   10.00   10.00   clock __VIRTUAL_CLK__ (rise edge)
                          0.00   10.00   clock network delay (ideal)
                         -0.25    9.75   clock uncertainty
                          0.00    9.75   clock reconvergence pessimism
                         -2.00    7.75   output external delay
                                  7.75   data required time
-----------------------------------------------------------------------------
                                  7.75   data required time
                                 -3.12   data arrival time
-----------------------------------------------------------------------------
                                  4.63   slack (MET)


Startpoint: in[0] (input port clocked by __VIRTUAL_CLK__)
Endpoint: out[5] (output port clocked by __VIRTUAL_CLK__)
Path Group: __VIRTUAL_CLK__
Path Type: max
Corner: Fastest

Fanout     Cap    Slew   Delay    Time   Description
-----------------------------------------------------------------------------
                  0.00    0.00    0.00   clock __VIRTUAL_CLK__ (rise edge)
                          0.00    0.00   clock network delay (ideal)
                          2.00    2.00 v input external delay
     1    0.00    0.01    0.00    2.00 v in[0] (in)
                                         in[0] (net)
                  0.01    0.00    2.00 v input1/A (sky130_fd_sc_hd__buf_1)
     5    0.01    0.06    0.09    2.09 v input1/X (sky130_fd_sc_hd__buf_1)
                                         net1 (net)
                  0.06    0.00    2.09 v _13_/B (sky130_fd_sc_hd__or4_2)
     5    0.02    0.10    0.44    2.53 v _13_/X (sky130_fd_sc_hd__or4_2)
                                         _02_ (net)
                  0.10    0.00    2.53 v _16_/B (sky130_fd_sc_hd__nor2_1)
     2    0.01    0.17    0.17    2.71 ^ _16_/Y (sky130_fd_sc_hd__nor2_1)
                                         _04_ (net)
                  0.17    0.00    2.71 ^ _19_/B (sky130_fd_sc_hd__xnor2_1)
     1    0.00    0.10    0.09    2.79 ^ _19_/Y (sky130_fd_sc_hd__xnor2_1)
                                         net14 (net)
                  0.10    0.00    2.80 ^ output14/A (sky130_fd_sc_hd__buf_2)
     1    0.03    0.13    0.16    2.96 ^ output14/X (sky130_fd_sc_hd__buf_2)
                                         out[5] (net)
                  0.13    0.00    2.96 ^ out[5] (out)
                                  2.96   data arrival time

                  0.00   10.00   10.00   clock __VIRTUAL_CLK__ (rise edge)
                          0.00   10.00   clock network delay (ideal)
                         -0.25    9.75   clock uncertainty
                          0.00    9.75   clock reconvergence pessimism
                         -2.00    7.75   output external delay
                                  7.75   data required time
-----------------------------------------------------------------------------
                                  7.75   data required time
                                 -2.96   data arrival time
-----------------------------------------------------------------------------
                                  4.79   slack (MET)


Startpoint: in[0] (input port clocked by __VIRTUAL_CLK__)
Endpoint: out[4] (output port clocked by __VIRTUAL_CLK__)
Path Group: __VIRTUAL_CLK__
Path Type: max
Corner: Fastest

Fanout     Cap    Slew   Delay    Time   Description
-----------------------------------------------------------------------------
                  0.00    0.00    0.00   clock __VIRTUAL_CLK__ (rise edge)
                          0.00    0.00   clock network delay (ideal)
                          2.00    2.00 v input external delay
     1    0.00    0.01    0.00    2.00 v in[0] (in)
                                         in[0] (net)
                  0.01    0.00    2.00 v input1/A (sky130_fd_sc_hd__buf_1)
     5    0.01    0.06    0.09    2.09 v input1/X (sky130_fd_sc_hd__buf_1)
                                         net1 (net)
                  0.06    0.00    2.09 v _13_/B (sky130_fd_sc_hd__or4_2)
     5    0.02    0.10    0.44    2.53 v _13_/X (sky130_fd_sc_hd__or4_2)
                                         _02_ (net)
                  0.10    0.00    2.53 v _17_/B (sky130_fd_sc_hd__and2_1)
     1    0.00    0.03    0.14    2.67 v _17_/X (sky130_fd_sc_hd__and2_1)
                                         _05_ (net)
                  0.03    0.00    2.67 v _18_/B (sky130_fd_sc_hd__nor2_1)
     1    0.00    0.07    0.07    2.74 ^ _18_/Y (sky130_fd_sc_hd__nor2_1)
                                         net13 (net)
                  0.07    0.00    2.74 ^ output13/A (sky130_fd_sc_hd__buf_2)
     1    0.03    0.13    0.15    2.89 ^ output13/X (sky130_fd_sc_hd__buf_2)
                                         out[4] (net)
                  0.13    0.00    2.89 ^ out[4] (out)
                                  2.89   data arrival time

                  0.00   10.00   10.00   clock __VIRTUAL_CLK__ (rise edge)
                          0.00   10.00   clock network delay (ideal)
                         -0.25    9.75   clock uncertainty
                          0.00    9.75   clock reconvergence pessimism
                         -2.00    7.75   output external delay
                                  7.75   data required time
-----------------------------------------------------------------------------
                                  7.75   data required time
                                 -2.89   data arrival time
-----------------------------------------------------------------------------
                                  4.86   slack (MET)


Startpoint: in[0] (input port clocked by __VIRTUAL_CLK__)
Endpoint: out[3] (output port clocked by __VIRTUAL_CLK__)
Path Group: __VIRTUAL_CLK__
Path Type: max
Corner: Fastest

Fanout     Cap    Slew   Delay    Time   Description
-----------------------------------------------------------------------------
                  0.00    0.00    0.00   clock __VIRTUAL_CLK__ (rise edge)
                          0.00    0.00   clock network delay (ideal)
                          2.00    2.00 v input external delay
     1    0.00    0.01    0.00    2.00 v in[0] (in)
                                         in[0] (net)
                  0.01    0.00    2.00 v input1/A (sky130_fd_sc_hd__buf_1)
     5    0.01    0.06    0.09    2.09 v input1/X (sky130_fd_sc_hd__buf_1)
                                         net1 (net)
                  0.06    0.00    2.09 v _13_/B (sky130_fd_sc_hd__or4_2)
     5    0.02    0.10    0.44    2.53 v _13_/X (sky130_fd_sc_hd__or4_2)
                                         _02_ (net)
                  0.10    0.00    2.53 v _14_/B (sky130_fd_sc_hd__and2b_1)
     1    0.00    0.03    0.14    2.67 v _14_/X (sky130_fd_sc_hd__and2b_1)
                                         _03_ (net)
                  0.03    0.00    2.67 v _15_/A (sky130_fd_sc_hd__clkbuf_1)
     1    0.00    0.03    0.07    2.74 v _15_/X (sky130_fd_sc_hd__clkbuf_1)
                                         net12 (net)
                  0.03    0.00    2.74 v output12/A (sky130_fd_sc_hd__buf_2)
     1    0.03    0.06    0.12    2.86 v output12/X (sky130_fd_sc_hd__buf_2)
                                         out[3] (net)
                  0.06    0.00    2.86 v out[3] (out)
                                  2.86   data arrival time

                  0.00   10.00   10.00   clock __VIRTUAL_CLK__ (rise edge)
                          0.00   10.00   clock network delay (ideal)
                         -0.25    9.75   clock uncertainty
                          0.00    9.75   clock reconvergence pessimism
                         -2.00    7.75   output external delay
                                  7.75   data required time
-----------------------------------------------------------------------------
                                  7.75   data required time
                                 -2.86   data arrival time
-----------------------------------------------------------------------------
                                  4.89   slack (MET)


Startpoint: in[0] (input port clocked by __VIRTUAL_CLK__)
Endpoint: out[1] (output port clocked by __VIRTUAL_CLK__)
Path Group: __VIRTUAL_CLK__
Path Type: max
Corner: Fastest

Fanout     Cap    Slew   Delay    Time   Description
-----------------------------------------------------------------------------
                  0.00    0.00    0.00   clock __VIRTUAL_CLK__ (rise edge)
                          0.00    0.00   clock network delay (ideal)
                          2.00    2.00 ^ input external delay
     1    0.00    0.02    0.01    2.01 ^ in[0] (in)
                                         in[0] (net)
                  0.02    0.00    2.01 ^ input1/A (sky130_fd_sc_hd__buf_1)
     5    0.02    0.14    0.13    2.14 ^ input1/X (sky130_fd_sc_hd__buf_1)
                                         net1 (net)
                  0.14    0.00    2.14 ^ _10_/B (sky130_fd_sc_hd__nor2_1)
     2    0.01    0.06    0.07    2.21 v _10_/Y (sky130_fd_sc_hd__nor2_1)
                                         _00_ (net)
                  0.06    0.00    2.21 v _26_/A (sky130_fd_sc_hd__nor2_1)
     1    0.01    0.12    0.13    2.34 ^ _26_/Y (sky130_fd_sc_hd__nor2_1)
                                         net10 (net)
                  0.12    0.00    2.34 ^ output10/A (sky130_fd_sc_hd__buf_2)
     1    0.03    0.13    0.16    2.50 ^ output10/X (sky130_fd_sc_hd__buf_2)
                                         out[1] (net)
                  0.13    0.00    2.51 ^ out[1] (out)
                                  2.51   data arrival time

                  0.00   10.00   10.00   clock __VIRTUAL_CLK__ (rise edge)
                          0.00   10.00   clock network delay (ideal)
                         -0.25    9.75   clock uncertainty
                          0.00    9.75   clock reconvergence pessimism
                         -2.00    7.75   output external delay
                                  7.75   data required time
-----------------------------------------------------------------------------
                                  7.75   data required time
                                 -2.51   data arrival time
-----------------------------------------------------------------------------
                                  5.24   slack (MET)


Startpoint: in[0] (input port clocked by __VIRTUAL_CLK__)
Endpoint: out[2] (output port clocked by __VIRTUAL_CLK__)
Path Group: __VIRTUAL_CLK__
Path Type: max
Corner: Fastest

Fanout     Cap    Slew   Delay    Time   Description
-----------------------------------------------------------------------------
                  0.00    0.00    0.00   clock __VIRTUAL_CLK__ (rise edge)
                          0.00    0.00   clock network delay (ideal)
                          2.00    2.00 v input external delay
     1    0.00    0.01    0.00    2.00 v in[0] (in)
                                         in[0] (net)
                  0.01    0.00    2.00 v input1/A (sky130_fd_sc_hd__buf_1)
     5    0.01    0.06    0.09    2.09 v input1/X (sky130_fd_sc_hd__buf_1)
                                         net1 (net)
                  0.06    0.00    2.09 v _10_/B (sky130_fd_sc_hd__nor2_1)
     2    0.01    0.17    0.16    2.25 ^ _10_/Y (sky130_fd_sc_hd__nor2_1)
                                         _00_ (net)
                  0.17    0.00    2.25 ^ _11_/B (sky130_fd_sc_hd__xnor2_1)
     1    0.00    0.07    0.08    2.33 ^ _11_/Y (sky130_fd_sc_hd__xnor2_1)
                                         net11 (net)
                  0.07    0.00    2.33 ^ output11/A (sky130_fd_sc_hd__buf_2)
     1    0.03    0.13    0.15    2.48 ^ output11/X (sky130_fd_sc_hd__buf_2)
                                         out[2] (net)
                  0.13    0.00    2.48 ^ out[2] (out)
                                  2.48   data arrival time

                  0.00   10.00   10.00   clock __VIRTUAL_CLK__ (rise edge)
                          0.00   10.00   clock network delay (ideal)
                         -0.25    9.75   clock uncertainty
                          0.00    9.75   clock reconvergence pessimism
                         -2.00    7.75   output external delay
                                  7.75   data required time
-----------------------------------------------------------------------------
                                  7.75   data required time
                                 -2.48   data arrival time
-----------------------------------------------------------------------------
                                  5.27   slack (MET)


Startpoint: in[0] (input port clocked by __VIRTUAL_CLK__)
Endpoint: out[0] (output port clocked by __VIRTUAL_CLK__)
Path Group: __VIRTUAL_CLK__
Path Type: max
Corner: Fastest

Fanout     Cap    Slew   Delay    Time   Description
-----------------------------------------------------------------------------
                  0.00    0.00    0.00   clock __VIRTUAL_CLK__ (rise edge)
                          0.00    0.00   clock network delay (ideal)
                          2.00    2.00 ^ input external delay
     1    0.00    0.02    0.01    2.01 ^ in[0] (in)
                                         in[0] (net)
                  0.02    0.00    2.01 ^ input1/A (sky130_fd_sc_hd__buf_1)
     5    0.02    0.14    0.13    2.14 ^ input1/X (sky130_fd_sc_hd__buf_1)
                                         net1 (net)
                  0.14    0.00    2.14 ^ _27_/A (sky130_fd_sc_hd__clkbuf_1)
     1    0.01    0.08    0.10    2.24 ^ _27_/X (sky130_fd_sc_hd__clkbuf_1)
                                         net9 (net)
                  0.08    0.00    2.24 ^ output9/A (sky130_fd_sc_hd__buf_2)
     1    0.03    0.13    0.16    2.39 ^ output9/X (sky130_fd_sc_hd__buf_2)
                                         out[0] (net)
                  0.13    0.00    2.40 ^ out[0] (out)
                                  2.40   data arrival time

                  0.00   10.00   10.00   clock __VIRTUAL_CLK__ (rise edge)
                          0.00   10.00   clock network delay (ideal)
                         -0.25    9.75   clock uncertainty
                          0.00    9.75   clock reconvergence pessimism
                         -2.00    7.75   output external delay
                                  7.75   data required time
-----------------------------------------------------------------------------
                                  7.75   data required time
                                 -2.40   data arrival time
-----------------------------------------------------------------------------
                                  5.35   slack (MET)



worst slack corner Fastest: 4.6063
======================= Slowest Corner ===================================

Startpoint: in[0] (input port clocked by __VIRTUAL_CLK__)
Endpoint: out[6] (output port clocked by __VIRTUAL_CLK__)
Path Group: __VIRTUAL_CLK__
Path Type: max
Corner: Slowest

Fanout     Cap    Slew   Delay    Time   Description
-----------------------------------------------------------------------------
                  0.00    0.00    0.00   clock __VIRTUAL_CLK__ (rise edge)
                          0.00    0.00   clock network delay (ideal)
                          2.00    2.00 v input external delay
     1    0.00    0.02    0.01    2.01 v in[0] (in)
                                         in[0] (net)
                  0.02    0.00    2.01 v input1/A (sky130_fd_sc_hd__buf_1)
     5    0.01    0.17    0.25    2.26 v input1/X (sky130_fd_sc_hd__buf_1)
                                         net1 (net)
                  0.17    0.00    2.26 v _13_/B (sky130_fd_sc_hd__or4_2)
     5    0.02    0.32    1.83    4.09 v _13_/X (sky130_fd_sc_hd__or4_2)
                                         _02_ (net)
                  0.32    0.00    4.09 v _20_/D (sky130_fd_sc_hd__or4_1)
     2    0.01    0.25    1.21    5.30 v _20_/X (sky130_fd_sc_hd__or4_1)
                                         _06_ (net)
                  0.25    0.00    5.30 v _22_/A (sky130_fd_sc_hd__and2_1)
     1    0.00    0.08    0.39    5.69 v _22_/X (sky130_fd_sc_hd__and2_1)
                                         _08_ (net)
                  0.08    0.00    5.69 v _23_/A (sky130_fd_sc_hd__clkbuf_1)
     1    0.00    0.07    0.19    5.88 v _23_/X (sky130_fd_sc_hd__clkbuf_1)
                                         net15 (net)
                  0.07    0.00    5.88 v output15/A (sky130_fd_sc_hd__buf_2)
     1    0.03    0.17    0.36    6.24 v output15/X (sky130_fd_sc_hd__buf_2)
                                         out[6] (net)
                  0.17    0.00    6.24 v out[6] (out)
                                  6.24   data arrival time

                  0.00   10.00   10.00   clock __VIRTUAL_CLK__ (rise edge)
                          0.00   10.00   clock network delay (ideal)
                         -0.25    9.75   clock uncertainty
                          0.00    9.75   clock reconvergence pessimism
                         -2.00    7.75   output external delay
                                  7.75   data required time
-----------------------------------------------------------------------------
                                  7.75   data required time
                                 -6.24   data arrival time
-----------------------------------------------------------------------------
                                  1.51   slack (MET)


Startpoint: in[0] (input port clocked by __VIRTUAL_CLK__)
Endpoint: out[7] (output port clocked by __VIRTUAL_CLK__)
Path Group: __VIRTUAL_CLK__
Path Type: max
Corner: Slowest

Fanout     Cap    Slew   Delay    Time   Description
-----------------------------------------------------------------------------
                  0.00    0.00    0.00   clock __VIRTUAL_CLK__ (rise edge)
                          0.00    0.00   clock network delay (ideal)
                          2.00    2.00 v input external delay
     1    0.00    0.02    0.01    2.01 v in[0] (in)
                                         in[0] (net)
                  0.02    0.00    2.01 v input1/A (sky130_fd_sc_hd__buf_1)
     5    0.01    0.17    0.25    2.26 v input1/X (sky130_fd_sc_hd__buf_1)
                                         net1 (net)
                  0.17    0.00    2.26 v _13_/B (sky130_fd_sc_hd__or4_2)
     5    0.02    0.32    1.83    4.09 v _13_/X (sky130_fd_sc_hd__or4_2)
                                         _02_ (net)
                  0.32    0.00    4.09 v _20_/D (sky130_fd_sc_hd__or4_1)
     2    0.01    0.25    1.21    5.30 v _20_/X (sky130_fd_sc_hd__or4_1)
                                         _06_ (net)
                  0.25    0.00    5.30 v _24_/B (sky130_fd_sc_hd__xor2_1)
     1    0.01    0.33    0.42    5.72 ^ _24_/X (sky130_fd_sc_hd__xor2_1)
                                         net16 (net)
                  0.33    0.00    5.72 ^ output16/A (sky130_fd_sc_hd__clkbuf_4)
     1    0.03    0.18    0.47    6.19 ^ output16/X (sky130_fd_sc_hd__clkbuf_4)
                                         out[7] (net)
                  0.18    0.00    6.19 ^ out[7] (out)
                                  6.19   data arrival time

                  0.00   10.00   10.00   clock __VIRTUAL_CLK__ (rise edge)
                          0.00   10.00   clock network delay (ideal)
                         -0.25    9.75   clock uncertainty
                          0.00    9.75   clock reconvergence pessimism
                         -2.00    7.75   output external delay
                                  7.75   data required time
-----------------------------------------------------------------------------
                                  7.75   data required time
                                 -6.19   data arrival time
-----------------------------------------------------------------------------
                                  1.56   slack (MET)


Startpoint: in[0] (input port clocked by __VIRTUAL_CLK__)
Endpoint: out[5] (output port clocked by __VIRTUAL_CLK__)
Path Group: __VIRTUAL_CLK__
Path Type: max
Corner: Slowest

Fanout     Cap    Slew   Delay    Time   Description
-----------------------------------------------------------------------------
                  0.00    0.00    0.00   clock __VIRTUAL_CLK__ (rise edge)
                          0.00    0.00   clock network delay (ideal)
                          2.00    2.00 v input external delay
     1    0.00    0.02    0.01    2.01 v in[0] (in)
                                         in[0] (net)
                  0.02    0.00    2.01 v input1/A (sky130_fd_sc_hd__buf_1)
     5    0.01    0.17    0.25    2.26 v input1/X (sky130_fd_sc_hd__buf_1)
                                         net1 (net)
                  0.17    0.00    2.26 v _13_/B (sky130_fd_sc_hd__or4_2)
     5    0.02    0.32    1.83    4.09 v _13_/X (sky130_fd_sc_hd__or4_2)
                                         _02_ (net)
                  0.32    0.00    4.09 v _16_/B (sky130_fd_sc_hd__nor2_1)
     2    0.01    0.40    0.47    4.56 ^ _16_/Y (sky130_fd_sc_hd__nor2_1)
                                         _04_ (net)
                  0.40    0.00    4.56 ^ _19_/B (sky130_fd_sc_hd__xnor2_1)
     1    0.00    0.22    0.34    4.90 ^ _19_/Y (sky130_fd_sc_hd__xnor2_1)
                                         net14 (net)
                  0.22    0.00    4.90 ^ output14/A (sky130_fd_sc_hd__buf_2)
     1    0.03    0.27    0.43    5.33 ^ output14/X (sky130_fd_sc_hd__buf_2)
                                         out[5] (net)
                  0.27    0.00    5.33 ^ out[5] (out)
                                  5.33   data arrival time

                  0.00   10.00   10.00   clock __VIRTUAL_CLK__ (rise edge)
                          0.00   10.00   clock network delay (ideal)
                         -0.25    9.75   clock uncertainty
                          0.00    9.75   clock reconvergence pessimism
                         -2.00    7.75   output external delay
                                  7.75   data required time
-----------------------------------------------------------------------------
                                  7.75   data required time
                                 -5.33   data arrival time
-----------------------------------------------------------------------------
                                  2.42   slack (MET)


Startpoint: in[0] (input port clocked by __VIRTUAL_CLK__)
Endpoint: out[4] (output port clocked by __VIRTUAL_CLK__)
Path Group: __VIRTUAL_CLK__
Path Type: max
Corner: Slowest

Fanout     Cap    Slew   Delay    Time   Description
-----------------------------------------------------------------------------
                  0.00    0.00    0.00   clock __VIRTUAL_CLK__ (rise edge)
                          0.00    0.00   clock network delay (ideal)
                          2.00    2.00 v input external delay
     1    0.00    0.02    0.01    2.01 v in[0] (in)
                                         in[0] (net)
                  0.02    0.00    2.01 v input1/A (sky130_fd_sc_hd__buf_1)
     5    0.01    0.17    0.25    2.26 v input1/X (sky130_fd_sc_hd__buf_1)
                                         net1 (net)
                  0.17    0.00    2.26 v _13_/B (sky130_fd_sc_hd__or4_2)
     5    0.02    0.32    1.83    4.09 v _13_/X (sky130_fd_sc_hd__or4_2)
                                         _02_ (net)
                  0.32    0.00    4.09 v _16_/B (sky130_fd_sc_hd__nor2_1)
     2    0.01    0.40    0.47    4.56 ^ _16_/Y (sky130_fd_sc_hd__nor2_1)
                                         _04_ (net)
                  0.40    0.00    4.56 ^ _18_/A (sky130_fd_sc_hd__nor2_1)
     1    0.00    0.10    0.22    4.78 v _18_/Y (sky130_fd_sc_hd__nor2_1)
                                         net13 (net)
                  0.10    0.00    4.78 v output13/A (sky130_fd_sc_hd__buf_2)
     1    0.03    0.16    0.38    5.16 v output13/X (sky130_fd_sc_hd__buf_2)
                                         out[4] (net)
                  0.16    0.00    5.16 v out[4] (out)
                                  5.16   data arrival time

                  0.00   10.00   10.00   clock __VIRTUAL_CLK__ (rise edge)
                          0.00   10.00   clock network delay (ideal)
                         -0.25    9.75   clock uncertainty
                          0.00    9.75   clock reconvergence pessimism
                         -2.00    7.75   output external delay
                                  7.75   data required time
-----------------------------------------------------------------------------
                                  7.75   data required time
                                 -5.16   data arrival time
-----------------------------------------------------------------------------
                                  2.59   slack (MET)


Startpoint: in[0] (input port clocked by __VIRTUAL_CLK__)
Endpoint: out[3] (output port clocked by __VIRTUAL_CLK__)
Path Group: __VIRTUAL_CLK__
Path Type: max
Corner: Slowest

Fanout     Cap    Slew   Delay    Time   Description
-----------------------------------------------------------------------------
                  0.00    0.00    0.00   clock __VIRTUAL_CLK__ (rise edge)
                          0.00    0.00   clock network delay (ideal)
                          2.00    2.00 v input external delay
     1    0.00    0.02    0.01    2.01 v in[0] (in)
                                         in[0] (net)
                  0.02    0.00    2.01 v input1/A (sky130_fd_sc_hd__buf_1)
     5    0.01    0.17    0.25    2.26 v input1/X (sky130_fd_sc_hd__buf_1)
                                         net1 (net)
                  0.17    0.00    2.26 v _13_/B (sky130_fd_sc_hd__or4_2)
     5    0.02    0.32    1.83    4.09 v _13_/X (sky130_fd_sc_hd__or4_2)
                                         _02_ (net)
                  0.32    0.00    4.09 v _14_/B (sky130_fd_sc_hd__and2b_1)
     1    0.00    0.08    0.48    4.58 v _14_/X (sky130_fd_sc_hd__and2b_1)
                                         _03_ (net)
                  0.08    0.00    4.58 v _15_/A (sky130_fd_sc_hd__clkbuf_1)
     1    0.00    0.07    0.19    4.77 v _15_/X (sky130_fd_sc_hd__clkbuf_1)
                                         net12 (net)
                  0.07    0.00    4.77 v output12/A (sky130_fd_sc_hd__buf_2)
     1    0.03    0.17    0.36    5.13 v output12/X (sky130_fd_sc_hd__buf_2)
                                         out[3] (net)
                  0.17    0.00    5.13 v out[3] (out)
                                  5.13   data arrival time

                  0.00   10.00   10.00   clock __VIRTUAL_CLK__ (rise edge)
                          0.00   10.00   clock network delay (ideal)
                         -0.25    9.75   clock uncertainty
                          0.00    9.75   clock reconvergence pessimism
                         -2.00    7.75   output external delay
                                  7.75   data required time
-----------------------------------------------------------------------------
                                  7.75   data required time
                                 -5.13   data arrival time
-----------------------------------------------------------------------------
                                  2.62   slack (MET)


Startpoint: in[0] (input port clocked by __VIRTUAL_CLK__)
Endpoint: out[2] (output port clocked by __VIRTUAL_CLK__)
Path Group: __VIRTUAL_CLK__
Path Type: max
Corner: Slowest

Fanout     Cap    Slew   Delay    Time   Description
-----------------------------------------------------------------------------
                  0.00    0.00    0.00   clock __VIRTUAL_CLK__ (rise edge)
                          0.00    0.00   clock network delay (ideal)
                          2.00    2.00 v input external delay
     1    0.00    0.02    0.01    2.01 v in[0] (in)
                                         in[0] (net)
                  0.02    0.00    2.01 v input1/A (sky130_fd_sc_hd__buf_1)
     5    0.01    0.17    0.25    2.26 v input1/X (sky130_fd_sc_hd__buf_1)
                                         net1 (net)
                  0.17    0.00    2.26 v _10_/B (sky130_fd_sc_hd__nor2_1)
     2    0.01    0.39    0.40    2.66 ^ _10_/Y (sky130_fd_sc_hd__nor2_1)
                                         _00_ (net)
                  0.39    0.00    2.66 ^ _11_/B (sky130_fd_sc_hd__xnor2_1)
     1    0.00    0.17    0.31    2.98 ^ _11_/Y (sky130_fd_sc_hd__xnor2_1)
                                         net11 (net)
                  0.17    0.00    2.98 ^ output11/A (sky130_fd_sc_hd__buf_2)
     1    0.03    0.27    0.41    3.38 ^ output11/X (sky130_fd_sc_hd__buf_2)
                                         out[2] (net)
                  0.27    0.00    3.38 ^ out[2] (out)
                                  3.38   data arrival time

                  0.00   10.00   10.00   clock __VIRTUAL_CLK__ (rise edge)
                          0.00   10.00   clock network delay (ideal)
                         -0.25    9.75   clock uncertainty
                          0.00    9.75   clock reconvergence pessimism
                         -2.00    7.75   output external delay
                                  7.75   data required time
-----------------------------------------------------------------------------
                                  7.75   data required time
                                 -3.38   data arrival time
-----------------------------------------------------------------------------
                                  4.37   slack (MET)


Startpoint: in[0] (input port clocked by __VIRTUAL_CLK__)
Endpoint: out[1] (output port clocked by __VIRTUAL_CLK__)
Path Group: __VIRTUAL_CLK__
Path Type: max
Corner: Slowest

Fanout     Cap    Slew   Delay    Time   Description
-----------------------------------------------------------------------------
                  0.00    0.00    0.00   clock __VIRTUAL_CLK__ (rise edge)
                          0.00    0.00   clock network delay (ideal)
                          2.00    2.00 v input external delay
     1    0.00    0.02    0.01    2.01 v in[0] (in)
                                         in[0] (net)
                  0.02    0.00    2.01 v input1/A (sky130_fd_sc_hd__buf_1)
     5    0.01    0.17    0.25    2.26 v input1/X (sky130_fd_sc_hd__buf_1)
                                         net1 (net)
                  0.17    0.00    2.26 v _25_/B (sky130_fd_sc_hd__and2_1)
     1    0.00    0.08    0.40    2.66 v _25_/X (sky130_fd_sc_hd__and2_1)
                                         _09_ (net)
                  0.08    0.00    2.66 v _26_/B (sky130_fd_sc_hd__nor2_1)
     1    0.01    0.27    0.27    2.93 ^ _26_/Y (sky130_fd_sc_hd__nor2_1)
                                         net10 (net)
                  0.27    0.00    2.93 ^ output10/A (sky130_fd_sc_hd__buf_2)
     1    0.03    0.27    0.45    3.38 ^ output10/X (sky130_fd_sc_hd__buf_2)
                                         out[1] (net)
                  0.27    0.00    3.38 ^ out[1] (out)
                                  3.38   data arrival time

                  0.00   10.00   10.00   clock __VIRTUAL_CLK__ (rise edge)
                          0.00   10.00   clock network delay (ideal)
                         -0.25    9.75   clock uncertainty
                          0.00    9.75   clock reconvergence pessimism
                         -2.00    7.75   output external delay
                                  7.75   data required time
-----------------------------------------------------------------------------
                                  7.75   data required time
                                 -3.38   data arrival time
-----------------------------------------------------------------------------
                                  4.37   slack (MET)


Startpoint: in[0] (input port clocked by __VIRTUAL_CLK__)
Endpoint: out[0] (output port clocked by __VIRTUAL_CLK__)
Path Group: __VIRTUAL_CLK__
Path Type: max
Corner: Slowest

Fanout     Cap    Slew   Delay    Time   Description
-----------------------------------------------------------------------------
                  0.00    0.00    0.00   clock __VIRTUAL_CLK__ (rise edge)
                          0.00    0.00   clock network delay (ideal)
                          2.00    2.00 ^ input external delay
     1    0.00    0.04    0.02    2.02 ^ in[0] (in)
                                         in[0] (net)
                  0.04    0.00    2.02 ^ input1/A (sky130_fd_sc_hd__buf_1)
     5    0.02    0.30    0.32    2.33 ^ input1/X (sky130_fd_sc_hd__buf_1)
                                         net1 (net)
                  0.30    0.00    2.34 ^ _27_/A (sky130_fd_sc_hd__clkbuf_1)
     1    0.01    0.16    0.32    2.65 ^ _27_/X (sky130_fd_sc_hd__clkbuf_1)
                                         net9 (net)
                  0.16    0.00    2.65 ^ output9/A (sky130_fd_sc_hd__buf_2)
     1    0.03    0.28    0.41    3.06 ^ output9/X (sky130_fd_sc_hd__buf_2)
                                         out[0] (net)
                  0.28    0.00    3.06 ^ out[0] (out)
                                  3.06   data arrival time

                  0.00   10.00   10.00   clock __VIRTUAL_CLK__ (rise edge)
                          0.00   10.00   clock network delay (ideal)
                         -0.25    9.75   clock uncertainty
                          0.00    9.75   clock reconvergence pessimism
                         -2.00    7.75   output external delay
                                  7.75   data required time
-----------------------------------------------------------------------------
                                  7.75   data required time
                                 -3.06   data arrival time
-----------------------------------------------------------------------------
                                  4.69   slack (MET)



worst slack corner Slowest: 1.5096
======================= Typical Corner ===================================

Startpoint: in[0] (input port clocked by __VIRTUAL_CLK__)
Endpoint: out[7] (output port clocked by __VIRTUAL_CLK__)
Path Group: __VIRTUAL_CLK__
Path Type: max
Corner: Typical

Fanout     Cap    Slew   Delay    Time   Description
-----------------------------------------------------------------------------
                  0.00    0.00    0.00   clock __VIRTUAL_CLK__ (rise edge)
                          0.00    0.00   clock network delay (ideal)
                          2.00    2.00 v input external delay
     1    0.00    0.01    0.01    2.01 v in[0] (in)
                                         in[0] (net)
                  0.01    0.00    2.01 v input1/A (sky130_fd_sc_hd__buf_1)
     5    0.01    0.09    0.13    2.14 v input1/X (sky130_fd_sc_hd__buf_1)
                                         net1 (net)
                  0.09    0.00    2.14 v _13_/B (sky130_fd_sc_hd__or4_2)
     5    0.02    0.15    0.77    2.91 v _13_/X (sky130_fd_sc_hd__or4_2)
                                         _02_ (net)
                  0.15    0.00    2.91 v _20_/D (sky130_fd_sc_hd__or4_1)
     2    0.01    0.12    0.50    3.41 v _20_/X (sky130_fd_sc_hd__or4_1)
                                         _06_ (net)
                  0.12    0.00    3.42 v _24_/B (sky130_fd_sc_hd__xor2_1)
     1    0.01    0.20    0.24    3.65 ^ _24_/X (sky130_fd_sc_hd__xor2_1)
                                         net16 (net)
                  0.20    0.00    3.65 ^ output16/A (sky130_fd_sc_hd__clkbuf_4)
     1    0.03    0.11    0.25    3.90 ^ output16/X (sky130_fd_sc_hd__clkbuf_4)
                                         out[7] (net)
                  0.11    0.00    3.91 ^ out[7] (out)
                                  3.91   data arrival time

                  0.00   10.00   10.00   clock __VIRTUAL_CLK__ (rise edge)
                          0.00   10.00   clock network delay (ideal)
                         -0.25    9.75   clock uncertainty
                          0.00    9.75   clock reconvergence pessimism
                         -2.00    7.75   output external delay
                                  7.75   data required time
-----------------------------------------------------------------------------
                                  7.75   data required time
                                 -3.91   data arrival time
-----------------------------------------------------------------------------
                                  3.84   slack (MET)


Startpoint: in[0] (input port clocked by __VIRTUAL_CLK__)
Endpoint: out[6] (output port clocked by __VIRTUAL_CLK__)
Path Group: __VIRTUAL_CLK__
Path Type: max
Corner: Typical

Fanout     Cap    Slew   Delay    Time   Description
-----------------------------------------------------------------------------
                  0.00    0.00    0.00   clock __VIRTUAL_CLK__ (rise edge)
                          0.00    0.00   clock network delay (ideal)
                          2.00    2.00 v input external delay
     1    0.00    0.01    0.01    2.01 v in[0] (in)
                                         in[0] (net)
                  0.01    0.00    2.01 v input1/A (sky130_fd_sc_hd__buf_1)
     5    0.01    0.09    0.13    2.14 v input1/X (sky130_fd_sc_hd__buf_1)
                                         net1 (net)
                  0.09    0.00    2.14 v _13_/B (sky130_fd_sc_hd__or4_2)
     5    0.02    0.15    0.77    2.91 v _13_/X (sky130_fd_sc_hd__or4_2)
                                         _02_ (net)
                  0.15    0.00    2.91 v _20_/D (sky130_fd_sc_hd__or4_1)
     2    0.01    0.12    0.50    3.41 v _20_/X (sky130_fd_sc_hd__or4_1)
                                         _06_ (net)
                  0.12    0.00    3.42 v _22_/A (sky130_fd_sc_hd__and2_1)
     1    0.00    0.04    0.18    3.60 v _22_/X (sky130_fd_sc_hd__and2_1)
                                         _08_ (net)
                  0.04    0.00    3.60 v _23_/A (sky130_fd_sc_hd__clkbuf_1)
     1    0.00    0.04    0.10    3.69 v _23_/X (sky130_fd_sc_hd__clkbuf_1)
                                         net15 (net)
                  0.04    0.00    3.69 v output15/A (sky130_fd_sc_hd__buf_2)
     1    0.03    0.09    0.18    3.88 v output15/X (sky130_fd_sc_hd__buf_2)
                                         out[6] (net)
                  0.09    0.00    3.88 v out[6] (out)
                                  3.88   data arrival time

                  0.00   10.00   10.00   clock __VIRTUAL_CLK__ (rise edge)
                          0.00   10.00   clock network delay (ideal)
                         -0.25    9.75   clock uncertainty
                          0.00    9.75   clock reconvergence pessimism
                         -2.00    7.75   output external delay
                                  7.75   data required time
-----------------------------------------------------------------------------
                                  7.75   data required time
                                 -3.88   data arrival time
-----------------------------------------------------------------------------
                                  3.87   slack (MET)


Startpoint: in[0] (input port clocked by __VIRTUAL_CLK__)
Endpoint: out[5] (output port clocked by __VIRTUAL_CLK__)
Path Group: __VIRTUAL_CLK__
Path Type: max
Corner: Typical

Fanout     Cap    Slew   Delay    Time   Description
-----------------------------------------------------------------------------
                  0.00    0.00    0.00   clock __VIRTUAL_CLK__ (rise edge)
                          0.00    0.00   clock network delay (ideal)
                          2.00    2.00 v input external delay
     1    0.00    0.01    0.01    2.01 v in[0] (in)
                                         in[0] (net)
                  0.01    0.00    2.01 v input1/A (sky130_fd_sc_hd__buf_1)
     5    0.01    0.09    0.13    2.14 v input1/X (sky130_fd_sc_hd__buf_1)
                                         net1 (net)
                  0.09    0.00    2.14 v _13_/B (sky130_fd_sc_hd__or4_2)
     5    0.02    0.15    0.77    2.91 v _13_/X (sky130_fd_sc_hd__or4_2)
                                         _02_ (net)
                  0.15    0.00    2.91 v _16_/B (sky130_fd_sc_hd__nor2_1)
     2    0.01    0.24    0.26    3.17 ^ _16_/Y (sky130_fd_sc_hd__nor2_1)
                                         _04_ (net)
                  0.24    0.00    3.17 ^ _19_/B (sky130_fd_sc_hd__xnor2_1)
     1    0.00    0.13    0.16    3.33 ^ _19_/Y (sky130_fd_sc_hd__xnor2_1)
                                         net14 (net)
                  0.13    0.00    3.33 ^ output14/A (sky130_fd_sc_hd__buf_2)
     1    0.03    0.17    0.24    3.57 ^ output14/X (sky130_fd_sc_hd__buf_2)
                                         out[5] (net)
                  0.17    0.00    3.57 ^ out[5] (out)
                                  3.57   data arrival time

                  0.00   10.00   10.00   clock __VIRTUAL_CLK__ (rise edge)
                          0.00   10.00   clock network delay (ideal)
                         -0.25    9.75   clock uncertainty
                          0.00    9.75   clock reconvergence pessimism
                         -2.00    7.75   output external delay
                                  7.75   data required time
-----------------------------------------------------------------------------
                                  7.75   data required time
                                 -3.57   data arrival time
-----------------------------------------------------------------------------
                                  4.18   slack (MET)


Startpoint: in[0] (input port clocked by __VIRTUAL_CLK__)
Endpoint: out[4] (output port clocked by __VIRTUAL_CLK__)
Path Group: __VIRTUAL_CLK__
Path Type: max
Corner: Typical

Fanout     Cap    Slew   Delay    Time   Description
-----------------------------------------------------------------------------
                  0.00    0.00    0.00   clock __VIRTUAL_CLK__ (rise edge)
                          0.00    0.00   clock network delay (ideal)
                          2.00    2.00 v input external delay
     1    0.00    0.01    0.01    2.01 v in[0] (in)
                                         in[0] (net)
                  0.01    0.00    2.01 v input1/A (sky130_fd_sc_hd__buf_1)
     5    0.01    0.09    0.13    2.14 v input1/X (sky130_fd_sc_hd__buf_1)
                                         net1 (net)
                  0.09    0.00    2.14 v _13_/B (sky130_fd_sc_hd__or4_2)
     5    0.02    0.15    0.77    2.91 v _13_/X (sky130_fd_sc_hd__or4_2)
                                         _02_ (net)
                  0.15    0.00    2.91 v _16_/B (sky130_fd_sc_hd__nor2_1)
     2    0.01    0.24    0.26    3.17 ^ _16_/Y (sky130_fd_sc_hd__nor2_1)
                                         _04_ (net)
                  0.24    0.00    3.17 ^ _18_/A (sky130_fd_sc_hd__nor2_1)
     1    0.00    0.06    0.09    3.26 v _18_/Y (sky130_fd_sc_hd__nor2_1)
                                         net13 (net)
                  0.06    0.00    3.26 v output13/A (sky130_fd_sc_hd__buf_2)
     1    0.03    0.09    0.20    3.46 v output13/X (sky130_fd_sc_hd__buf_2)
                                         out[4] (net)
                  0.09    0.00    3.46 v out[4] (out)
                                  3.46   data arrival time

                  0.00   10.00   10.00   clock __VIRTUAL_CLK__ (rise edge)
                          0.00   10.00   clock network delay (ideal)
                         -0.25    9.75   clock uncertainty
                          0.00    9.75   clock reconvergence pessimism
                         -2.00    7.75   output external delay
                                  7.75   data required time
-----------------------------------------------------------------------------
                                  7.75   data required time
                                 -3.46   data arrival time
-----------------------------------------------------------------------------
                                  4.29   slack (MET)


Startpoint: in[0] (input port clocked by __VIRTUAL_CLK__)
Endpoint: out[3] (output port clocked by __VIRTUAL_CLK__)
Path Group: __VIRTUAL_CLK__
Path Type: max
Corner: Typical

Fanout     Cap    Slew   Delay    Time   Description
-----------------------------------------------------------------------------
                  0.00    0.00    0.00   clock __VIRTUAL_CLK__ (rise edge)
                          0.00    0.00   clock network delay (ideal)
                          2.00    2.00 v input external delay
     1    0.00    0.01    0.01    2.01 v in[0] (in)
                                         in[0] (net)
                  0.01    0.00    2.01 v input1/A (sky130_fd_sc_hd__buf_1)
     5    0.01    0.09    0.13    2.14 v input1/X (sky130_fd_sc_hd__buf_1)
                                         net1 (net)
                  0.09    0.00    2.14 v _13_/B (sky130_fd_sc_hd__or4_2)
     5    0.02    0.15    0.77    2.91 v _13_/X (sky130_fd_sc_hd__or4_2)
                                         _02_ (net)
                  0.15    0.00    2.91 v _14_/B (sky130_fd_sc_hd__and2b_1)
     1    0.00    0.04    0.22    3.13 v _14_/X (sky130_fd_sc_hd__and2b_1)
                                         _03_ (net)
                  0.04    0.00    3.13 v _15_/A (sky130_fd_sc_hd__clkbuf_1)
     1    0.00    0.04    0.10    3.23 v _15_/X (sky130_fd_sc_hd__clkbuf_1)
                                         net12 (net)
                  0.04    0.00    3.23 v output12/A (sky130_fd_sc_hd__buf_2)
     1    0.03    0.09    0.18    3.41 v output12/X (sky130_fd_sc_hd__buf_2)
                                         out[3] (net)
                  0.09    0.00    3.42 v out[3] (out)
                                  3.42   data arrival time

                  0.00   10.00   10.00   clock __VIRTUAL_CLK__ (rise edge)
                          0.00   10.00   clock network delay (ideal)
                         -0.25    9.75   clock uncertainty
                          0.00    9.75   clock reconvergence pessimism
                         -2.00    7.75   output external delay
                                  7.75   data required time
-----------------------------------------------------------------------------
                                  7.75   data required time
                                 -3.42   data arrival time
-----------------------------------------------------------------------------
                                  4.33   slack (MET)


Startpoint: in[0] (input port clocked by __VIRTUAL_CLK__)
Endpoint: out[1] (output port clocked by __VIRTUAL_CLK__)
Path Group: __VIRTUAL_CLK__
Path Type: max
Corner: Typical

Fanout     Cap    Slew   Delay    Time   Description
-----------------------------------------------------------------------------
                  0.00    0.00    0.00   clock __VIRTUAL_CLK__ (rise edge)
                          0.00    0.00   clock network delay (ideal)
                          2.00    2.00 ^ input external delay
     1    0.00    0.02    0.01    2.01 ^ in[0] (in)
                                         in[0] (net)
                  0.02    0.00    2.01 ^ input1/A (sky130_fd_sc_hd__buf_1)
     5    0.02    0.19    0.18    2.20 ^ input1/X (sky130_fd_sc_hd__buf_1)
                                         net1 (net)
                  0.19    0.00    2.20 ^ _10_/B (sky130_fd_sc_hd__nor2_1)
     2    0.01    0.08    0.12    2.32 v _10_/Y (sky130_fd_sc_hd__nor2_1)
                                         _00_ (net)
                  0.08    0.00    2.32 v _26_/A (sky130_fd_sc_hd__nor2_1)
     1    0.01    0.16    0.18    2.50 ^ _26_/Y (sky130_fd_sc_hd__nor2_1)
                                         net10 (net)
                  0.16    0.00    2.50 ^ output10/A (sky130_fd_sc_hd__buf_2)
     1    0.03    0.17    0.25    2.75 ^ output10/X (sky130_fd_sc_hd__buf_2)
                                         out[1] (net)
                  0.17    0.00    2.75 ^ out[1] (out)
                                  2.75   data arrival time

                  0.00   10.00   10.00   clock __VIRTUAL_CLK__ (rise edge)
                          0.00   10.00   clock network delay (ideal)
                         -0.25    9.75   clock uncertainty
                          0.00    9.75   clock reconvergence pessimism
                         -2.00    7.75   output external delay
                                  7.75   data required time
-----------------------------------------------------------------------------
                                  7.75   data required time
                                 -2.75   data arrival time
-----------------------------------------------------------------------------
                                  5.00   slack (MET)


Startpoint: in[0] (input port clocked by __VIRTUAL_CLK__)
Endpoint: out[2] (output port clocked by __VIRTUAL_CLK__)
Path Group: __VIRTUAL_CLK__
Path Type: max
Corner: Typical

Fanout     Cap    Slew   Delay    Time   Description
-----------------------------------------------------------------------------
                  0.00    0.00    0.00   clock __VIRTUAL_CLK__ (rise edge)
                          0.00    0.00   clock network delay (ideal)
                          2.00    2.00 v input external delay
     1    0.00    0.01    0.01    2.01 v in[0] (in)
                                         in[0] (net)
                  0.01    0.00    2.01 v input1/A (sky130_fd_sc_hd__buf_1)
     5    0.01    0.09    0.13    2.14 v input1/X (sky130_fd_sc_hd__buf_1)
                                         net1 (net)
                  0.09    0.00    2.14 v _10_/B (sky130_fd_sc_hd__nor2_1)
     2    0.01    0.24    0.23    2.37 ^ _10_/Y (sky130_fd_sc_hd__nor2_1)
                                         _00_ (net)
                  0.24    0.00    2.37 ^ _11_/B (sky130_fd_sc_hd__xnor2_1)
     1    0.00    0.10    0.15    2.52 ^ _11_/Y (sky130_fd_sc_hd__xnor2_1)
                                         net11 (net)
                  0.10    0.00    2.52 ^ output11/A (sky130_fd_sc_hd__buf_2)
     1    0.03    0.17    0.23    2.75 ^ output11/X (sky130_fd_sc_hd__buf_2)
                                         out[2] (net)
                  0.17    0.00    2.75 ^ out[2] (out)
                                  2.75   data arrival time

                  0.00   10.00   10.00   clock __VIRTUAL_CLK__ (rise edge)
                          0.00   10.00   clock network delay (ideal)
                         -0.25    9.75   clock uncertainty
                          0.00    9.75   clock reconvergence pessimism
                         -2.00    7.75   output external delay
                                  7.75   data required time
-----------------------------------------------------------------------------
                                  7.75   data required time
                                 -2.75   data arrival time
-----------------------------------------------------------------------------
                                  5.00   slack (MET)


Startpoint: in[0] (input port clocked by __VIRTUAL_CLK__)
Endpoint: out[0] (output port clocked by __VIRTUAL_CLK__)
Path Group: __VIRTUAL_CLK__
Path Type: max
Corner: Typical

Fanout     Cap    Slew   Delay    Time   Description
-----------------------------------------------------------------------------
                  0.00    0.00    0.00   clock __VIRTUAL_CLK__ (rise edge)
                          0.00    0.00   clock network delay (ideal)
                          2.00    2.00 ^ input external delay
     1    0.00    0.02    0.01    2.01 ^ in[0] (in)
                                         in[0] (net)
                  0.02    0.00    2.01 ^ input1/A (sky130_fd_sc_hd__buf_1)
     5    0.02    0.19    0.18    2.20 ^ input1/X (sky130_fd_sc_hd__buf_1)
                                         net1 (net)
                  0.19    0.00    2.20 ^ _27_/A (sky130_fd_sc_hd__clkbuf_1)
     1    0.01    0.10    0.16    2.36 ^ _27_/X (sky130_fd_sc_hd__clkbuf_1)
                                         net9 (net)
                  0.10    0.00    2.36 ^ output9/A (sky130_fd_sc_hd__buf_2)
     1    0.03    0.17    0.23    2.59 ^ output9/X (sky130_fd_sc_hd__buf_2)
                                         out[0] (net)
                  0.17    0.00    2.59 ^ out[0] (out)
                                  2.59   data arrival time

                  0.00   10.00   10.00   clock __VIRTUAL_CLK__ (rise edge)
                          0.00   10.00   clock network delay (ideal)
                         -0.25    9.75   clock uncertainty
                          0.00    9.75   clock reconvergence pessimism
                         -2.00    7.75   output external delay
                                  7.75   data required time
-----------------------------------------------------------------------------
                                  7.75   data required time
                                 -2.59   data arrival time
-----------------------------------------------------------------------------
                                  5.16   slack (MET)



worst slack corner Typical: 3.8433
