
===========================================================================
 report_power
============================================================================
======================= Fastest Corner ===================================

Group                  Internal  Switching    Leakage      Total
                          Power      Power      Power      Power (Watts)
----------------------------------------------------------------
Sequential             1.50e-04   0.00e+00   3.25e-08   1.50e-04  40.3%
Combinational          3.73e-14   2.69e-13   1.76e-09   1.76e-09   0.0%
Clock                  1.13e-04   1.10e-04   4.59e-09   2.22e-04  59.6%
Macro                  0.00e+00   0.00e+00   0.00e+00   0.00e+00   0.0%
Pad                    0.00e+00   0.00e+00   0.00e+00   0.00e+00   0.0%
----------------------------------------------------------------
Total                  2.63e-04   1.10e-04   3.88e-08   3.72e-04 100.0%
                          70.6%      29.4%       0.0%

======================= Slowest Corner ===================================

Group                  Internal  Switching    Leakage      Total
                          Power      Power      Power      Power (Watts)
----------------------------------------------------------------
Sequential             9.88e-05   0.00e+00   6.47e-07   9.94e-05  39.2%
Combinational          2.64e-14   1.80e-13   9.36e-07   9.36e-07   0.4%
Clock                  8.09e-05   7.24e-05   1.17e-07   1.53e-04  60.5%
Macro                  0.00e+00   0.00e+00   0.00e+00   0.00e+00   0.0%
Pad                    0.00e+00   0.00e+00   0.00e+00   0.00e+00   0.0%
----------------------------------------------------------------
Total                  1.80e-04   7.24e-05   1.70e-06   2.54e-04 100.0%
                          70.8%      28.5%       0.7%

======================= Typical Corner ===================================

Group                  Internal  Switching    Leakage      Total
                          Power      Power      Power      Power (Watts)
----------------------------------------------------------------
Sequential             1.29e-04   0.00e+00   3.18e-08   1.29e-04  40.3%
Combinational          3.20e-14   2.29e-13   8.07e-10   8.07e-10   0.0%
Clock                  9.87e-05   9.24e-05   4.30e-09   1.91e-04  59.7%
Macro                  0.00e+00   0.00e+00   0.00e+00   0.00e+00   0.0%
Pad                    0.00e+00   0.00e+00   0.00e+00   0.00e+00   0.0%
----------------------------------------------------------------
Total                  2.28e-04   9.24e-05   3.69e-08   3.20e-04 100.0%
                          71.1%      28.9%       0.0%

