
===========================================================================
report_checks -path_delay max (Setup)
============================================================================
======================= Typical Corner ===================================

Startpoint: _343_ (rising edge-triggered flip-flop clocked by core_clock)
Endpoint: _346_ (rising edge-triggered flip-flop clocked by core_clock)
Path Group: core_clock
Path Type: max

Fanout     Cap    Slew   Delay    Time   Description
-----------------------------------------------------------------------------
                  0.00    0.00    0.00   clock core_clock (rise edge)
                          0.00    0.00   clock network delay (ideal)
                  0.00    0.00    0.00 ^ _343_/CLK (sky130_fd_sc_hd__dfrtp_4)
     4    0.05    0.12    0.53    0.53 v _343_/Q (sky130_fd_sc_hd__dfrtp_4)
                                         one_second_counter[13] (net)
                  0.12    0.00    0.53 v _180_/D (sky130_fd_sc_hd__and4_2)
     2    0.02    0.07    0.31    0.84 v _180_/X (sky130_fd_sc_hd__and4_2)
                                         _078_ (net)
                  0.07    0.00    0.84 v _181_/D (sky130_fd_sc_hd__or4_1)
     1    0.01    0.10    0.43    1.27 v _181_/X (sky130_fd_sc_hd__or4_1)
                                         _079_ (net)
                  0.10    0.00    1.27 v _184_/A3 (sky130_fd_sc_hd__o31a_2)
     1    0.02    0.09    0.36    1.63 v _184_/X (sky130_fd_sc_hd__o31a_2)
                                         _082_ (net)
                  0.09    0.00    1.64 v _186_/A2 (sky130_fd_sc_hd__o211ai_4)
     2    0.02    0.25    0.26    1.89 ^ _186_/Y (sky130_fd_sc_hd__o211ai_4)
                                         _084_ (net)
                  0.25    0.00    1.89 ^ _187_/A2 (sky130_fd_sc_hd__a21bo_4)
     9    0.08    0.26    0.32    2.22 ^ _187_/X (sky130_fd_sc_hd__a21bo_4)
                                         _085_ (net)
                  0.26    0.01    2.22 ^ _202_/A (sky130_fd_sc_hd__clkbuf_8)
    10    0.08    0.14    0.27    2.49 ^ _202_/X (sky130_fd_sc_hd__clkbuf_8)
                                         _095_ (net)
                  0.14    0.00    2.50 ^ _249_/A (sky130_fd_sc_hd__and3_2)
     1    0.03    0.16    0.29    2.79 ^ _249_/X (sky130_fd_sc_hd__and3_2)
                                         _130_ (net)
                  0.16    0.00    2.79 ^ _250_/A (sky130_fd_sc_hd__buf_2)
     1    0.03    0.17    0.23    3.02 ^ _250_/X (sky130_fd_sc_hd__buf_2)
                                         _007_ (net)
                  0.17    0.01    3.03 ^ _346_/D (sky130_fd_sc_hd__dfrtp_4)
                                  3.03   data arrival time

                  0.00   10.00   10.00   clock core_clock (rise edge)
                          0.00   10.00   clock network delay (ideal)
                          0.00   10.00   clock reconvergence pessimism
                                 10.00 ^ _346_/CLK (sky130_fd_sc_hd__dfrtp_4)
                         -0.10    9.90   library setup time
                                  9.90   data required time
-----------------------------------------------------------------------------
                                  9.90   data required time
                                 -3.03   data arrival time
-----------------------------------------------------------------------------
                                  6.87   slack (MET)


Startpoint: _343_ (rising edge-triggered flip-flop clocked by core_clock)
Endpoint: _354_ (rising edge-triggered flip-flop clocked by core_clock)
Path Group: core_clock
Path Type: max

Fanout     Cap    Slew   Delay    Time   Description
-----------------------------------------------------------------------------
                  0.00    0.00    0.00   clock core_clock (rise edge)
                          0.00    0.00   clock network delay (ideal)
                  0.00    0.00    0.00 ^ _343_/CLK (sky130_fd_sc_hd__dfrtp_4)
     4    0.05    0.12    0.53    0.53 v _343_/Q (sky130_fd_sc_hd__dfrtp_4)
                                         one_second_counter[13] (net)
                  0.12    0.00    0.53 v _180_/D (sky130_fd_sc_hd__and4_2)
     2    0.02    0.07    0.31    0.84 v _180_/X (sky130_fd_sc_hd__and4_2)
                                         _078_ (net)
                  0.07    0.00    0.84 v _181_/D (sky130_fd_sc_hd__or4_1)
     1    0.01    0.10    0.43    1.27 v _181_/X (sky130_fd_sc_hd__or4_1)
                                         _079_ (net)
                  0.10    0.00    1.27 v _184_/A3 (sky130_fd_sc_hd__o31a_2)
     1    0.02    0.09    0.36    1.63 v _184_/X (sky130_fd_sc_hd__o31a_2)
                                         _082_ (net)
                  0.09    0.00    1.64 v _186_/A2 (sky130_fd_sc_hd__o211ai_4)
     2    0.02    0.25    0.26    1.89 ^ _186_/Y (sky130_fd_sc_hd__o211ai_4)
                                         _084_ (net)
                  0.25    0.00    1.89 ^ _187_/A2 (sky130_fd_sc_hd__a21bo_4)
     9    0.08    0.26    0.32    2.22 ^ _187_/X (sky130_fd_sc_hd__a21bo_4)
                                         _085_ (net)
                  0.26    0.01    2.23 ^ _188_/A (sky130_fd_sc_hd__inv_2)
     2    0.03    0.11    0.14    2.36 v _188_/Y (sky130_fd_sc_hd__inv_2)
                                         _086_ (net)
                  0.11    0.00    2.36 v _189_/A (sky130_fd_sc_hd__buf_8)
    10    0.10    0.08    0.20    2.56 v _189_/X (sky130_fd_sc_hd__buf_8)
                                         _027_ (net)
                  0.08    0.01    2.57 v _278_/A (sky130_fd_sc_hd__nor3_2)
     1    0.02    0.41    0.40    2.96 ^ _278_/Y (sky130_fd_sc_hd__nor3_2)
                                         _016_ (net)
                  0.41    0.00    2.97 ^ _354_/D (sky130_fd_sc_hd__dfrtp_4)
                                  2.97   data arrival time

                  0.00   10.00   10.00   clock core_clock (rise edge)
                          0.00   10.00   clock network delay (ideal)
                          0.00   10.00   clock reconvergence pessimism
                                 10.00 ^ _354_/CLK (sky130_fd_sc_hd__dfrtp_4)
                         -0.16    9.84   library setup time
                                  9.84   data required time
-----------------------------------------------------------------------------
                                  9.84   data required time
                                 -2.97   data arrival time
-----------------------------------------------------------------------------
                                  6.88   slack (MET)


Startpoint: _343_ (rising edge-triggered flip-flop clocked by core_clock)
Endpoint: _340_ (rising edge-triggered flip-flop clocked by core_clock)
Path Group: core_clock
Path Type: max

Fanout     Cap    Slew   Delay    Time   Description
-----------------------------------------------------------------------------
                  0.00    0.00    0.00   clock core_clock (rise edge)
                          0.00    0.00   clock network delay (ideal)
                  0.00    0.00    0.00 ^ _343_/CLK (sky130_fd_sc_hd__dfrtp_4)
     4    0.05    0.12    0.53    0.53 v _343_/Q (sky130_fd_sc_hd__dfrtp_4)
                                         one_second_counter[13] (net)
                  0.12    0.00    0.53 v _180_/D (sky130_fd_sc_hd__and4_2)
     2    0.02    0.07    0.31    0.84 v _180_/X (sky130_fd_sc_hd__and4_2)
                                         _078_ (net)
                  0.07    0.00    0.84 v _181_/D (sky130_fd_sc_hd__or4_1)
     1    0.01    0.10    0.43    1.27 v _181_/X (sky130_fd_sc_hd__or4_1)
                                         _079_ (net)
                  0.10    0.00    1.27 v _184_/A3 (sky130_fd_sc_hd__o31a_2)
     1    0.02    0.09    0.36    1.63 v _184_/X (sky130_fd_sc_hd__o31a_2)
                                         _082_ (net)
                  0.09    0.00    1.64 v _186_/A2 (sky130_fd_sc_hd__o211ai_4)
     2    0.02    0.25    0.26    1.89 ^ _186_/Y (sky130_fd_sc_hd__o211ai_4)
                                         _084_ (net)
                  0.25    0.00    1.89 ^ _187_/A2 (sky130_fd_sc_hd__a21bo_4)
     9    0.08    0.26    0.32    2.22 ^ _187_/X (sky130_fd_sc_hd__a21bo_4)
                                         _085_ (net)
                  0.26    0.01    2.22 ^ _202_/A (sky130_fd_sc_hd__clkbuf_8)
    10    0.08    0.14    0.27    2.49 ^ _202_/X (sky130_fd_sc_hd__clkbuf_8)
                                         _095_ (net)
                  0.14    0.01    2.50 ^ _225_/A (sky130_fd_sc_hd__and3_2)
     1    0.02    0.13    0.27    2.77 ^ _225_/X (sky130_fd_sc_hd__and3_2)
                                         _112_ (net)
                  0.13    0.00    2.77 ^ _226_/A (sky130_fd_sc_hd__dlymetal6s2s_1)
     1    0.02    0.18    0.21    2.98 ^ _226_/X (sky130_fd_sc_hd__dlymetal6s2s_1)
                                         _001_ (net)
                  0.18    0.00    2.99 ^ _340_/D (sky130_fd_sc_hd__dfrtp_4)
                                  2.99   data arrival time

                  0.00   10.00   10.00   clock core_clock (rise edge)
                          0.00   10.00   clock network delay (ideal)
                          0.00   10.00   clock reconvergence pessimism
                                 10.00 ^ _340_/CLK (sky130_fd_sc_hd__dfrtp_4)
                         -0.10    9.90   library setup time
                                  9.90   data required time
-----------------------------------------------------------------------------
                                  9.90   data required time
                                 -2.99   data arrival time
-----------------------------------------------------------------------------
                                  6.91   slack (MET)


Startpoint: _343_ (rising edge-triggered flip-flop clocked by core_clock)
Endpoint: _342_ (rising edge-triggered flip-flop clocked by core_clock)
Path Group: core_clock
Path Type: max

Fanout     Cap    Slew   Delay    Time   Description
-----------------------------------------------------------------------------
                  0.00    0.00    0.00   clock core_clock (rise edge)
                          0.00    0.00   clock network delay (ideal)
                  0.00    0.00    0.00 ^ _343_/CLK (sky130_fd_sc_hd__dfrtp_4)
     4    0.05    0.12    0.53    0.53 v _343_/Q (sky130_fd_sc_hd__dfrtp_4)
                                         one_second_counter[13] (net)
                  0.12    0.00    0.53 v _180_/D (sky130_fd_sc_hd__and4_2)
     2    0.02    0.07    0.31    0.84 v _180_/X (sky130_fd_sc_hd__and4_2)
                                         _078_ (net)
                  0.07    0.00    0.84 v _181_/D (sky130_fd_sc_hd__or4_1)
     1    0.01    0.10    0.43    1.27 v _181_/X (sky130_fd_sc_hd__or4_1)
                                         _079_ (net)
                  0.10    0.00    1.27 v _184_/A3 (sky130_fd_sc_hd__o31a_2)
     1    0.02    0.09    0.36    1.63 v _184_/X (sky130_fd_sc_hd__o31a_2)
                                         _082_ (net)
                  0.09    0.00    1.64 v _186_/A2 (sky130_fd_sc_hd__o211ai_4)
     2    0.02    0.25    0.26    1.89 ^ _186_/Y (sky130_fd_sc_hd__o211ai_4)
                                         _084_ (net)
                  0.25    0.00    1.89 ^ _187_/A2 (sky130_fd_sc_hd__a21bo_4)
     9    0.08    0.26    0.32    2.22 ^ _187_/X (sky130_fd_sc_hd__a21bo_4)
                                         _085_ (net)
                  0.26    0.01    2.22 ^ _202_/A (sky130_fd_sc_hd__clkbuf_8)
    10    0.08    0.14    0.27    2.49 ^ _202_/X (sky130_fd_sc_hd__clkbuf_8)
                                         _095_ (net)
                  0.14    0.01    2.50 ^ _232_/A (sky130_fd_sc_hd__and3_2)
     1    0.03    0.16    0.29    2.79 ^ _232_/X (sky130_fd_sc_hd__and3_2)
                                         _117_ (net)
                  0.16    0.00    2.79 ^ _233_/A (sky130_fd_sc_hd__buf_1)
     1    0.01    0.16    0.19    2.98 ^ _233_/X (sky130_fd_sc_hd__buf_1)
                                         _003_ (net)
                  0.16    0.00    2.98 ^ _342_/D (sky130_fd_sc_hd__dfrtp_4)
                                  2.98   data arrival time

                  0.00   10.00   10.00   clock core_clock (rise edge)
                          0.00   10.00   clock network delay (ideal)
                          0.00   10.00   clock reconvergence pessimism
                                 10.00 ^ _342_/CLK (sky130_fd_sc_hd__dfrtp_4)
                         -0.10    9.90   library setup time
                                  9.90   data required time
-----------------------------------------------------------------------------
                                  9.90   data required time
                                 -2.98   data arrival time
-----------------------------------------------------------------------------
                                  6.92   slack (MET)


Startpoint: _343_ (rising edge-triggered flip-flop clocked by core_clock)
Endpoint: _339_ (rising edge-triggered flip-flop clocked by core_clock)
Path Group: core_clock
Path Type: max

Fanout     Cap    Slew   Delay    Time   Description
-----------------------------------------------------------------------------
                  0.00    0.00    0.00   clock core_clock (rise edge)
                          0.00    0.00   clock network delay (ideal)
                  0.00    0.00    0.00 ^ _343_/CLK (sky130_fd_sc_hd__dfrtp_4)
     4    0.05    0.12    0.53    0.53 v _343_/Q (sky130_fd_sc_hd__dfrtp_4)
                                         one_second_counter[13] (net)
                  0.12    0.00    0.53 v _180_/D (sky130_fd_sc_hd__and4_2)
     2    0.02    0.07    0.31    0.84 v _180_/X (sky130_fd_sc_hd__and4_2)
                                         _078_ (net)
                  0.07    0.00    0.84 v _181_/D (sky130_fd_sc_hd__or4_1)
     1    0.01    0.10    0.43    1.27 v _181_/X (sky130_fd_sc_hd__or4_1)
                                         _079_ (net)
                  0.10    0.00    1.27 v _184_/A3 (sky130_fd_sc_hd__o31a_2)
     1    0.02    0.09    0.36    1.63 v _184_/X (sky130_fd_sc_hd__o31a_2)
                                         _082_ (net)
                  0.09    0.00    1.64 v _186_/A2 (sky130_fd_sc_hd__o211ai_4)
     2    0.02    0.25    0.26    1.89 ^ _186_/Y (sky130_fd_sc_hd__o211ai_4)
                                         _084_ (net)
                  0.25    0.00    1.89 ^ _187_/A2 (sky130_fd_sc_hd__a21bo_4)
     9    0.08    0.26    0.32    2.22 ^ _187_/X (sky130_fd_sc_hd__a21bo_4)
                                         _085_ (net)
                  0.26    0.01    2.23 ^ _188_/A (sky130_fd_sc_hd__inv_2)
     2    0.03    0.11    0.14    2.36 v _188_/Y (sky130_fd_sc_hd__inv_2)
                                         _086_ (net)
                  0.11    0.00    2.36 v _189_/A (sky130_fd_sc_hd__buf_8)
    10    0.10    0.08    0.20    2.56 v _189_/X (sky130_fd_sc_hd__buf_8)
                                         _027_ (net)
                  0.08    0.00    2.56 v _222_/A (sky130_fd_sc_hd__nor3_2)
     1    0.02    0.36    0.36    2.92 ^ _222_/Y (sky130_fd_sc_hd__nor3_2)
                                         _026_ (net)
                  0.36    0.00    2.93 ^ _339_/D (sky130_fd_sc_hd__dfrtp_4)
                                  2.93   data arrival time

                  0.00   10.00   10.00   clock core_clock (rise edge)
                          0.00   10.00   clock network delay (ideal)
                          0.00   10.00   clock reconvergence pessimism
                                 10.00 ^ _339_/CLK (sky130_fd_sc_hd__dfrtp_4)
                         -0.15    9.85   library setup time
                                  9.85   data required time
-----------------------------------------------------------------------------
                                  9.85   data required time
                                 -2.93   data arrival time
-----------------------------------------------------------------------------
                                  6.93   slack (MET)


Startpoint: _343_ (rising edge-triggered flip-flop clocked by core_clock)
Endpoint: _343_ (rising edge-triggered flip-flop clocked by core_clock)
Path Group: core_clock
Path Type: max

Fanout     Cap    Slew   Delay    Time   Description
-----------------------------------------------------------------------------
                  0.00    0.00    0.00   clock core_clock (rise edge)
                          0.00    0.00   clock network delay (ideal)
                  0.00    0.00    0.00 ^ _343_/CLK (sky130_fd_sc_hd__dfrtp_4)
     4    0.05    0.12    0.53    0.53 v _343_/Q (sky130_fd_sc_hd__dfrtp_4)
                                         one_second_counter[13] (net)
                  0.12    0.00    0.53 v _180_/D (sky130_fd_sc_hd__and4_2)
     2    0.02    0.07    0.31    0.84 v _180_/X (sky130_fd_sc_hd__and4_2)
                                         _078_ (net)
                  0.07    0.00    0.84 v _181_/D (sky130_fd_sc_hd__or4_1)
     1    0.01    0.10    0.43    1.27 v _181_/X (sky130_fd_sc_hd__or4_1)
                                         _079_ (net)
                  0.10    0.00    1.27 v _184_/A3 (sky130_fd_sc_hd__o31a_2)
     1    0.02    0.09    0.36    1.63 v _184_/X (sky130_fd_sc_hd__o31a_2)
                                         _082_ (net)
                  0.09    0.00    1.64 v _186_/A2 (sky130_fd_sc_hd__o211ai_4)
     2    0.02    0.25    0.26    1.89 ^ _186_/Y (sky130_fd_sc_hd__o211ai_4)
                                         _084_ (net)
                  0.25    0.00    1.89 ^ _187_/A2 (sky130_fd_sc_hd__a21bo_4)
     9    0.08    0.26    0.32    2.22 ^ _187_/X (sky130_fd_sc_hd__a21bo_4)
                                         _085_ (net)
                  0.26    0.01    2.22 ^ _202_/A (sky130_fd_sc_hd__clkbuf_8)
    10    0.08    0.14    0.27    2.49 ^ _202_/X (sky130_fd_sc_hd__clkbuf_8)
                                         _095_ (net)
                  0.14    0.01    2.50 ^ _236_/A (sky130_fd_sc_hd__and3_2)
     1    0.03    0.17    0.29    2.80 ^ _236_/X (sky130_fd_sc_hd__and3_2)
                                         _120_ (net)
                  0.17    0.01    2.80 ^ _237_/A (sky130_fd_sc_hd__buf_1)
     1    0.01    0.14    0.18    2.98 ^ _237_/X (sky130_fd_sc_hd__buf_1)
                                         _004_ (net)
                  0.14    0.00    2.98 ^ _343_/D (sky130_fd_sc_hd__dfrtp_4)
                                  2.98   data arrival time

                  0.00   10.00   10.00   clock core_clock (rise edge)
                          0.00   10.00   clock network delay (ideal)
                          0.00   10.00   clock reconvergence pessimism
                                 10.00 ^ _343_/CLK (sky130_fd_sc_hd__dfrtp_4)
                         -0.09    9.91   library setup time
                                  9.91   data required time
-----------------------------------------------------------------------------
                                  9.91   data required time
                                 -2.98   data arrival time
-----------------------------------------------------------------------------
                                  6.93   slack (MET)


Startpoint: _343_ (rising edge-triggered flip-flop clocked by core_clock)
Endpoint: _344_ (rising edge-triggered flip-flop clocked by core_clock)
Path Group: core_clock
Path Type: max

Fanout     Cap    Slew   Delay    Time   Description
-----------------------------------------------------------------------------
                  0.00    0.00    0.00   clock core_clock (rise edge)
                          0.00    0.00   clock network delay (ideal)
                  0.00    0.00    0.00 ^ _343_/CLK (sky130_fd_sc_hd__dfrtp_4)
     4    0.05    0.12    0.53    0.53 v _343_/Q (sky130_fd_sc_hd__dfrtp_4)
                                         one_second_counter[13] (net)
                  0.12    0.00    0.53 v _180_/D (sky130_fd_sc_hd__and4_2)
     2    0.02    0.07    0.31    0.84 v _180_/X (sky130_fd_sc_hd__and4_2)
                                         _078_ (net)
                  0.07    0.00    0.84 v _181_/D (sky130_fd_sc_hd__or4_1)
     1    0.01    0.10    0.43    1.27 v _181_/X (sky130_fd_sc_hd__or4_1)
                                         _079_ (net)
                  0.10    0.00    1.27 v _184_/A3 (sky130_fd_sc_hd__o31a_2)
     1    0.02    0.09    0.36    1.63 v _184_/X (sky130_fd_sc_hd__o31a_2)
                                         _082_ (net)
                  0.09    0.00    1.64 v _186_/A2 (sky130_fd_sc_hd__o211ai_4)
     2    0.02    0.25    0.26    1.89 ^ _186_/Y (sky130_fd_sc_hd__o211ai_4)
                                         _084_ (net)
                  0.25    0.00    1.89 ^ _187_/A2 (sky130_fd_sc_hd__a21bo_4)
     9    0.08    0.26    0.32    2.22 ^ _187_/X (sky130_fd_sc_hd__a21bo_4)
                                         _085_ (net)
                  0.26    0.01    2.22 ^ _202_/A (sky130_fd_sc_hd__clkbuf_8)
    10    0.08    0.14    0.27    2.49 ^ _202_/X (sky130_fd_sc_hd__clkbuf_8)
                                         _095_ (net)
                  0.14    0.01    2.50 ^ _241_/A (sky130_fd_sc_hd__and3_2)
     1    0.02    0.13    0.27    2.77 ^ _241_/X (sky130_fd_sc_hd__and3_2)
                                         _124_ (net)
                  0.13    0.00    2.77 ^ _242_/A (sky130_fd_sc_hd__clkbuf_2)
     1    0.02    0.13    0.20    2.97 ^ _242_/X (sky130_fd_sc_hd__clkbuf_2)
                                         _005_ (net)
                  0.13    0.00    2.97 ^ _344_/D (sky130_fd_sc_hd__dfrtp_4)
                                  2.97   data arrival time

                  0.00   10.00   10.00   clock core_clock (rise edge)
                          0.00   10.00   clock network delay (ideal)
                          0.00   10.00   clock reconvergence pessimism
                                 10.00 ^ _344_/CLK (sky130_fd_sc_hd__dfrtp_4)
                         -0.09    9.91   library setup time
                                  9.91   data required time
-----------------------------------------------------------------------------
                                  9.91   data required time
                                 -2.97   data arrival time
-----------------------------------------------------------------------------
                                  6.94   slack (MET)


Startpoint: _343_ (rising edge-triggered flip-flop clocked by core_clock)
Endpoint: _334_ (rising edge-triggered flip-flop clocked by core_clock)
Path Group: core_clock
Path Type: max

Fanout     Cap    Slew   Delay    Time   Description
-----------------------------------------------------------------------------
                  0.00    0.00    0.00   clock core_clock (rise edge)
                          0.00    0.00   clock network delay (ideal)
                  0.00    0.00    0.00 ^ _343_/CLK (sky130_fd_sc_hd__dfrtp_4)
     4    0.05    0.12    0.53    0.53 v _343_/Q (sky130_fd_sc_hd__dfrtp_4)
                                         one_second_counter[13] (net)
                  0.12    0.00    0.53 v _180_/D (sky130_fd_sc_hd__and4_2)
     2    0.02    0.07    0.31    0.84 v _180_/X (sky130_fd_sc_hd__and4_2)
                                         _078_ (net)
                  0.07    0.00    0.84 v _181_/D (sky130_fd_sc_hd__or4_1)
     1    0.01    0.10    0.43    1.27 v _181_/X (sky130_fd_sc_hd__or4_1)
                                         _079_ (net)
                  0.10    0.00    1.27 v _184_/A3 (sky130_fd_sc_hd__o31a_2)
     1    0.02    0.09    0.36    1.63 v _184_/X (sky130_fd_sc_hd__o31a_2)
                                         _082_ (net)
                  0.09    0.00    1.64 v _186_/A2 (sky130_fd_sc_hd__o211ai_4)
     2    0.02    0.25    0.26    1.89 ^ _186_/Y (sky130_fd_sc_hd__o211ai_4)
                                         _084_ (net)
                  0.25    0.00    1.89 ^ _187_/A2 (sky130_fd_sc_hd__a21bo_4)
     9    0.08    0.26    0.32    2.22 ^ _187_/X (sky130_fd_sc_hd__a21bo_4)
                                         _085_ (net)
                  0.26    0.01    2.22 ^ _202_/A (sky130_fd_sc_hd__clkbuf_8)
    10    0.08    0.14    0.27    2.49 ^ _202_/X (sky130_fd_sc_hd__clkbuf_8)
                                         _095_ (net)
                  0.14    0.01    2.50 ^ _205_/A (sky130_fd_sc_hd__and3_1)
     1    0.01    0.14    0.24    2.74 ^ _205_/X (sky130_fd_sc_hd__and3_1)
                                         _098_ (net)
                  0.14    0.00    2.74 ^ _206_/A (sky130_fd_sc_hd__dlymetal6s2s_1)
     1    0.02    0.18    0.21    2.96 ^ _206_/X (sky130_fd_sc_hd__dlymetal6s2s_1)
                                         _021_ (net)
                  0.18    0.00    2.96 ^ _334_/D (sky130_fd_sc_hd__dfrtp_4)
                                  2.96   data arrival time

                  0.00   10.00   10.00   clock core_clock (rise edge)
                          0.00   10.00   clock network delay (ideal)
                          0.00   10.00   clock reconvergence pessimism
                                 10.00 ^ _334_/CLK (sky130_fd_sc_hd__dfrtp_4)
                         -0.10    9.90   library setup time
                                  9.90   data required time
-----------------------------------------------------------------------------
                                  9.90   data required time
                                 -2.96   data arrival time
-----------------------------------------------------------------------------
                                  6.94   slack (MET)


Startpoint: _343_ (rising edge-triggered flip-flop clocked by core_clock)
Endpoint: _349_ (rising edge-triggered flip-flop clocked by core_clock)
Path Group: core_clock
Path Type: max

Fanout     Cap    Slew   Delay    Time   Description
-----------------------------------------------------------------------------
                  0.00    0.00    0.00   clock core_clock (rise edge)
                          0.00    0.00   clock network delay (ideal)
                  0.00    0.00    0.00 ^ _343_/CLK (sky130_fd_sc_hd__dfrtp_4)
     4    0.05    0.12    0.53    0.53 v _343_/Q (sky130_fd_sc_hd__dfrtp_4)
                                         one_second_counter[13] (net)
                  0.12    0.00    0.53 v _180_/D (sky130_fd_sc_hd__and4_2)
     2    0.02    0.07    0.31    0.84 v _180_/X (sky130_fd_sc_hd__and4_2)
                                         _078_ (net)
                  0.07    0.00    0.84 v _181_/D (sky130_fd_sc_hd__or4_1)
     1    0.01    0.10    0.43    1.27 v _181_/X (sky130_fd_sc_hd__or4_1)
                                         _079_ (net)
                  0.10    0.00    1.27 v _184_/A3 (sky130_fd_sc_hd__o31a_2)
     1    0.02    0.09    0.36    1.63 v _184_/X (sky130_fd_sc_hd__o31a_2)
                                         _082_ (net)
                  0.09    0.00    1.64 v _186_/A2 (sky130_fd_sc_hd__o211ai_4)
     2    0.02    0.25    0.26    1.89 ^ _186_/Y (sky130_fd_sc_hd__o211ai_4)
                                         _084_ (net)
                  0.25    0.00    1.89 ^ _187_/A2 (sky130_fd_sc_hd__a21bo_4)
     9    0.08    0.26    0.32    2.22 ^ _187_/X (sky130_fd_sc_hd__a21bo_4)
                                         _085_ (net)
                  0.26    0.01    2.22 ^ _202_/A (sky130_fd_sc_hd__clkbuf_8)
    10    0.08    0.14    0.27    2.49 ^ _202_/X (sky130_fd_sc_hd__clkbuf_8)
                                         _095_ (net)
                  0.14    0.00    2.49 ^ _260_/A (sky130_fd_sc_hd__and3_2)
     1    0.02    0.13    0.27    2.76 ^ _260_/X (sky130_fd_sc_hd__and3_2)
                                         _138_ (net)
                  0.13    0.00    2.76 ^ _261_/A (sky130_fd_sc_hd__buf_1)
     1    0.01    0.16    0.19    2.95 ^ _261_/X (sky130_fd_sc_hd__buf_1)
                                         _010_ (net)
                  0.16    0.00    2.95 ^ _349_/D (sky130_fd_sc_hd__dfrtp_4)
                                  2.95   data arrival time

                  0.00   10.00   10.00   clock core_clock (rise edge)
                          0.00   10.00   clock network delay (ideal)
                          0.00   10.00   clock reconvergence pessimism
                                 10.00 ^ _349_/CLK (sky130_fd_sc_hd__dfrtp_4)
                         -0.10    9.90   library setup time
                                  9.90   data required time
-----------------------------------------------------------------------------
                                  9.90   data required time
                                 -2.95   data arrival time
-----------------------------------------------------------------------------
                                  6.95   slack (MET)


Startpoint: _343_ (rising edge-triggered flip-flop clocked by core_clock)
Endpoint: _341_ (rising edge-triggered flip-flop clocked by core_clock)
Path Group: core_clock
Path Type: max

Fanout     Cap    Slew   Delay    Time   Description
-----------------------------------------------------------------------------
                  0.00    0.00    0.00   clock core_clock (rise edge)
                          0.00    0.00   clock network delay (ideal)
                  0.00    0.00    0.00 ^ _343_/CLK (sky130_fd_sc_hd__dfrtp_4)
     4    0.05    0.12    0.53    0.53 v _343_/Q (sky130_fd_sc_hd__dfrtp_4)
                                         one_second_counter[13] (net)
                  0.12    0.00    0.53 v _180_/D (sky130_fd_sc_hd__and4_2)
     2    0.02    0.07    0.31    0.84 v _180_/X (sky130_fd_sc_hd__and4_2)
                                         _078_ (net)
                  0.07    0.00    0.84 v _181_/D (sky130_fd_sc_hd__or4_1)
     1    0.01    0.10    0.43    1.27 v _181_/X (sky130_fd_sc_hd__or4_1)
                                         _079_ (net)
                  0.10    0.00    1.27 v _184_/A3 (sky130_fd_sc_hd__o31a_2)
     1    0.02    0.09    0.36    1.63 v _184_/X (sky130_fd_sc_hd__o31a_2)
                                         _082_ (net)
                  0.09    0.00    1.64 v _186_/A2 (sky130_fd_sc_hd__o211ai_4)
     2    0.02    0.25    0.26    1.89 ^ _186_/Y (sky130_fd_sc_hd__o211ai_4)
                                         _084_ (net)
                  0.25    0.00    1.89 ^ _187_/A2 (sky130_fd_sc_hd__a21bo_4)
     9    0.08    0.26    0.32    2.22 ^ _187_/X (sky130_fd_sc_hd__a21bo_4)
                                         _085_ (net)
                  0.26    0.01    2.23 ^ _188_/A (sky130_fd_sc_hd__inv_2)
     2    0.03    0.11    0.14    2.36 v _188_/Y (sky130_fd_sc_hd__inv_2)
                                         _086_ (net)
                  0.11    0.00    2.36 v _189_/A (sky130_fd_sc_hd__buf_8)
    10    0.10    0.08    0.20    2.56 v _189_/X (sky130_fd_sc_hd__buf_8)
                                         _027_ (net)
                  0.08    0.00    2.56 v _229_/A (sky130_fd_sc_hd__nor3_2)
     1    0.02    0.33    0.34    2.90 ^ _229_/Y (sky130_fd_sc_hd__nor3_2)
                                         _002_ (net)
                  0.33    0.00    2.90 ^ _341_/D (sky130_fd_sc_hd__dfrtp_4)
                                  2.90   data arrival time

                  0.00   10.00   10.00   clock core_clock (rise edge)
                          0.00   10.00   clock network delay (ideal)
                          0.00   10.00   clock reconvergence pessimism
                                 10.00 ^ _341_/CLK (sky130_fd_sc_hd__dfrtp_4)
                         -0.14    9.86   library setup time
                                  9.86   data required time
-----------------------------------------------------------------------------
                                  9.86   data required time
                                 -2.90   data arrival time
-----------------------------------------------------------------------------
                                  6.96   slack (MET)


Startpoint: _343_ (rising edge-triggered flip-flop clocked by core_clock)
Endpoint: _335_ (rising edge-triggered flip-flop clocked by core_clock)
Path Group: core_clock
Path Type: max

Fanout     Cap    Slew   Delay    Time   Description
-----------------------------------------------------------------------------
                  0.00    0.00    0.00   clock core_clock (rise edge)
                          0.00    0.00   clock network delay (ideal)
                  0.00    0.00    0.00 ^ _343_/CLK (sky130_fd_sc_hd__dfrtp_4)
     4    0.05    0.12    0.53    0.53 v _343_/Q (sky130_fd_sc_hd__dfrtp_4)
                                         one_second_counter[13] (net)
                  0.12    0.00    0.53 v _180_/D (sky130_fd_sc_hd__and4_2)
     2    0.02    0.07    0.31    0.84 v _180_/X (sky130_fd_sc_hd__and4_2)
                                         _078_ (net)
                  0.07    0.00    0.84 v _181_/D (sky130_fd_sc_hd__or4_1)
     1    0.01    0.10    0.43    1.27 v _181_/X (sky130_fd_sc_hd__or4_1)
                                         _079_ (net)
                  0.10    0.00    1.27 v _184_/A3 (sky130_fd_sc_hd__o31a_2)
     1    0.02    0.09    0.36    1.63 v _184_/X (sky130_fd_sc_hd__o31a_2)
                                         _082_ (net)
                  0.09    0.00    1.64 v _186_/A2 (sky130_fd_sc_hd__o211ai_4)
     2    0.02    0.25    0.26    1.89 ^ _186_/Y (sky130_fd_sc_hd__o211ai_4)
                                         _084_ (net)
                  0.25    0.00    1.89 ^ _187_/A2 (sky130_fd_sc_hd__a21bo_4)
     9    0.08    0.26    0.32    2.22 ^ _187_/X (sky130_fd_sc_hd__a21bo_4)
                                         _085_ (net)
                  0.26    0.01    2.23 ^ _188_/A (sky130_fd_sc_hd__inv_2)
     2    0.03    0.11    0.14    2.36 v _188_/Y (sky130_fd_sc_hd__inv_2)
                                         _086_ (net)
                  0.11    0.00    2.36 v _189_/A (sky130_fd_sc_hd__buf_8)
    10    0.10    0.08    0.20    2.56 v _189_/X (sky130_fd_sc_hd__buf_8)
                                         _027_ (net)
                  0.08    0.00    2.56 v _209_/A (sky130_fd_sc_hd__nor3_1)
     1    0.01    0.34    0.34    2.90 ^ _209_/Y (sky130_fd_sc_hd__nor3_1)
                                         _022_ (net)
                  0.34    0.00    2.90 ^ _335_/D (sky130_fd_sc_hd__dfrtp_4)
                                  2.90   data arrival time

                  0.00   10.00   10.00   clock core_clock (rise edge)
                          0.00   10.00   clock network delay (ideal)
                          0.00   10.00   clock reconvergence pessimism
                                 10.00 ^ _335_/CLK (sky130_fd_sc_hd__dfrtp_4)
                         -0.14    9.86   library setup time
                                  9.86   data required time
-----------------------------------------------------------------------------
                                  9.86   data required time
                                 -2.90   data arrival time
-----------------------------------------------------------------------------
                                  6.96   slack (MET)


Startpoint: _343_ (rising edge-triggered flip-flop clocked by core_clock)
Endpoint: _336_ (rising edge-triggered flip-flop clocked by core_clock)
Path Group: core_clock
Path Type: max

Fanout     Cap    Slew   Delay    Time   Description
-----------------------------------------------------------------------------
                  0.00    0.00    0.00   clock core_clock (rise edge)
                          0.00    0.00   clock network delay (ideal)
                  0.00    0.00    0.00 ^ _343_/CLK (sky130_fd_sc_hd__dfrtp_4)
     4    0.05    0.12    0.53    0.53 v _343_/Q (sky130_fd_sc_hd__dfrtp_4)
                                         one_second_counter[13] (net)
                  0.12    0.00    0.53 v _180_/D (sky130_fd_sc_hd__and4_2)
     2    0.02    0.07    0.31    0.84 v _180_/X (sky130_fd_sc_hd__and4_2)
                                         _078_ (net)
                  0.07    0.00    0.84 v _181_/D (sky130_fd_sc_hd__or4_1)
     1    0.01    0.10    0.43    1.27 v _181_/X (sky130_fd_sc_hd__or4_1)
                                         _079_ (net)
                  0.10    0.00    1.27 v _184_/A3 (sky130_fd_sc_hd__o31a_2)
     1    0.02    0.09    0.36    1.63 v _184_/X (sky130_fd_sc_hd__o31a_2)
                                         _082_ (net)
                  0.09    0.00    1.64 v _186_/A2 (sky130_fd_sc_hd__o211ai_4)
     2    0.02    0.25    0.26    1.89 ^ _186_/Y (sky130_fd_sc_hd__o211ai_4)
                                         _084_ (net)
                  0.25    0.00    1.89 ^ _187_/A2 (sky130_fd_sc_hd__a21bo_4)
     9    0.08    0.26    0.32    2.22 ^ _187_/X (sky130_fd_sc_hd__a21bo_4)
                                         _085_ (net)
                  0.26    0.01    2.22 ^ _202_/A (sky130_fd_sc_hd__clkbuf_8)
    10    0.08    0.14    0.27    2.49 ^ _202_/X (sky130_fd_sc_hd__clkbuf_8)
                                         _095_ (net)
                  0.14    0.00    2.49 ^ _212_/A (sky130_fd_sc_hd__and3_2)
     1    0.02    0.14    0.27    2.77 ^ _212_/X (sky130_fd_sc_hd__and3_2)
                                         _103_ (net)
                  0.14    0.00    2.77 ^ _213_/A (sky130_fd_sc_hd__clkbuf_2)
     1    0.02    0.11    0.18    2.95 ^ _213_/X (sky130_fd_sc_hd__clkbuf_2)
                                         _023_ (net)
                  0.11    0.00    2.96 ^ _336_/D (sky130_fd_sc_hd__dfrtp_4)
                                  2.96   data arrival time

                  0.00   10.00   10.00   clock core_clock (rise edge)
                          0.00   10.00   clock network delay (ideal)
                          0.00   10.00   clock reconvergence pessimism
                                 10.00 ^ _336_/CLK (sky130_fd_sc_hd__dfrtp_4)
                         -0.08    9.92   library setup time
                                  9.92   data required time
-----------------------------------------------------------------------------
                                  9.92   data required time
                                 -2.96   data arrival time
-----------------------------------------------------------------------------
                                  6.96   slack (MET)


Startpoint: _343_ (rising edge-triggered flip-flop clocked by core_clock)
Endpoint: _353_ (rising edge-triggered flip-flop clocked by core_clock)
Path Group: core_clock
Path Type: max

Fanout     Cap    Slew   Delay    Time   Description
-----------------------------------------------------------------------------
                  0.00    0.00    0.00   clock core_clock (rise edge)
                          0.00    0.00   clock network delay (ideal)
                  0.00    0.00    0.00 ^ _343_/CLK (sky130_fd_sc_hd__dfrtp_4)
     4    0.05    0.12    0.53    0.53 v _343_/Q (sky130_fd_sc_hd__dfrtp_4)
                                         one_second_counter[13] (net)
                  0.12    0.00    0.53 v _180_/D (sky130_fd_sc_hd__and4_2)
     2    0.02    0.07    0.31    0.84 v _180_/X (sky130_fd_sc_hd__and4_2)
                                         _078_ (net)
                  0.07    0.00    0.84 v _181_/D (sky130_fd_sc_hd__or4_1)
     1    0.01    0.10    0.43    1.27 v _181_/X (sky130_fd_sc_hd__or4_1)
                                         _079_ (net)
                  0.10    0.00    1.27 v _184_/A3 (sky130_fd_sc_hd__o31a_2)
     1    0.02    0.09    0.36    1.63 v _184_/X (sky130_fd_sc_hd__o31a_2)
                                         _082_ (net)
                  0.09    0.00    1.64 v _186_/A2 (sky130_fd_sc_hd__o211ai_4)
     2    0.02    0.25    0.26    1.89 ^ _186_/Y (sky130_fd_sc_hd__o211ai_4)
                                         _084_ (net)
                  0.25    0.00    1.89 ^ _187_/A2 (sky130_fd_sc_hd__a21bo_4)
     9    0.08    0.26    0.32    2.22 ^ _187_/X (sky130_fd_sc_hd__a21bo_4)
                                         _085_ (net)
                  0.26    0.01    2.23 ^ _188_/A (sky130_fd_sc_hd__inv_2)
     2    0.03    0.11    0.14    2.36 v _188_/Y (sky130_fd_sc_hd__inv_2)
                                         _086_ (net)
                  0.11    0.00    2.36 v _189_/A (sky130_fd_sc_hd__buf_8)
    10    0.10    0.08    0.20    2.56 v _189_/X (sky130_fd_sc_hd__buf_8)
                                         _027_ (net)
                  0.08    0.00    2.56 v _275_/C1 (sky130_fd_sc_hd__a221oi_4)
     1    0.02    0.33    0.30    2.87 ^ _275_/Y (sky130_fd_sc_hd__a221oi_4)
                                         _015_ (net)
                  0.33    0.00    2.87 ^ _353_/D (sky130_fd_sc_hd__dfrtp_4)
                                  2.87   data arrival time

                  0.00   10.00   10.00   clock core_clock (rise edge)
                          0.00   10.00   clock network delay (ideal)
                          0.00   10.00   clock reconvergence pessimism
                                 10.00 ^ _353_/CLK (sky130_fd_sc_hd__dfrtp_4)
                         -0.14    9.86   library setup time
                                  9.86   data required time
-----------------------------------------------------------------------------
                                  9.86   data required time
                                 -2.87   data arrival time
-----------------------------------------------------------------------------
                                  6.99   slack (MET)


Startpoint: _343_ (rising edge-triggered flip-flop clocked by core_clock)
Endpoint: _345_ (rising edge-triggered flip-flop clocked by core_clock)
Path Group: core_clock
Path Type: max

Fanout     Cap    Slew   Delay    Time   Description
-----------------------------------------------------------------------------
                  0.00    0.00    0.00   clock core_clock (rise edge)
                          0.00    0.00   clock network delay (ideal)
                  0.00    0.00    0.00 ^ _343_/CLK (sky130_fd_sc_hd__dfrtp_4)
     4    0.05    0.12    0.53    0.53 v _343_/Q (sky130_fd_sc_hd__dfrtp_4)
                                         one_second_counter[13] (net)
                  0.12    0.00    0.53 v _180_/D (sky130_fd_sc_hd__and4_2)
     2    0.02    0.07    0.31    0.84 v _180_/X (sky130_fd_sc_hd__and4_2)
                                         _078_ (net)
                  0.07    0.00    0.84 v _181_/D (sky130_fd_sc_hd__or4_1)
     1    0.01    0.10    0.43    1.27 v _181_/X (sky130_fd_sc_hd__or4_1)
                                         _079_ (net)
                  0.10    0.00    1.27 v _184_/A3 (sky130_fd_sc_hd__o31a_2)
     1    0.02    0.09    0.36    1.63 v _184_/X (sky130_fd_sc_hd__o31a_2)
                                         _082_ (net)
                  0.09    0.00    1.64 v _186_/A2 (sky130_fd_sc_hd__o211ai_4)
     2    0.02    0.25    0.26    1.89 ^ _186_/Y (sky130_fd_sc_hd__o211ai_4)
                                         _084_ (net)
                  0.25    0.00    1.89 ^ _187_/A2 (sky130_fd_sc_hd__a21bo_4)
     9    0.08    0.26    0.32    2.22 ^ _187_/X (sky130_fd_sc_hd__a21bo_4)
                                         _085_ (net)
                  0.26    0.01    2.23 ^ _188_/A (sky130_fd_sc_hd__inv_2)
     2    0.03    0.11    0.14    2.36 v _188_/Y (sky130_fd_sc_hd__inv_2)
                                         _086_ (net)
                  0.11    0.00    2.36 v _189_/A (sky130_fd_sc_hd__buf_8)
    10    0.10    0.08    0.20    2.56 v _189_/X (sky130_fd_sc_hd__buf_8)
                                         _027_ (net)
                  0.08    0.00    2.56 v _246_/C1 (sky130_fd_sc_hd__a211oi_2)
     1    0.02    0.33    0.29    2.86 ^ _246_/Y (sky130_fd_sc_hd__a211oi_2)
                                         _006_ (net)
                  0.33    0.00    2.86 ^ _345_/D (sky130_fd_sc_hd__dfrtp_4)
                                  2.86   data arrival time

                  0.00   10.00   10.00   clock core_clock (rise edge)
                          0.00   10.00   clock network delay (ideal)
                          0.00   10.00   clock reconvergence pessimism
                                 10.00 ^ _345_/CLK (sky130_fd_sc_hd__dfrtp_4)
                         -0.14    9.86   library setup time
                                  9.86   data required time
-----------------------------------------------------------------------------
                                  9.86   data required time
                                 -2.86   data arrival time
-----------------------------------------------------------------------------
                                  7.00   slack (MET)


Startpoint: _343_ (rising edge-triggered flip-flop clocked by core_clock)
Endpoint: _351_ (rising edge-triggered flip-flop clocked by core_clock)
Path Group: core_clock
Path Type: max

Fanout     Cap    Slew   Delay    Time   Description
-----------------------------------------------------------------------------
                  0.00    0.00    0.00   clock core_clock (rise edge)
                          0.00    0.00   clock network delay (ideal)
                  0.00    0.00    0.00 ^ _343_/CLK (sky130_fd_sc_hd__dfrtp_4)
     4    0.05    0.12    0.53    0.53 v _343_/Q (sky130_fd_sc_hd__dfrtp_4)
                                         one_second_counter[13] (net)
                  0.12    0.00    0.53 v _180_/D (sky130_fd_sc_hd__and4_2)
     2    0.02    0.07    0.31    0.84 v _180_/X (sky130_fd_sc_hd__and4_2)
                                         _078_ (net)
                  0.07    0.00    0.84 v _181_/D (sky130_fd_sc_hd__or4_1)
     1    0.01    0.10    0.43    1.27 v _181_/X (sky130_fd_sc_hd__or4_1)
                                         _079_ (net)
                  0.10    0.00    1.27 v _184_/A3 (sky130_fd_sc_hd__o31a_2)
     1    0.02    0.09    0.36    1.63 v _184_/X (sky130_fd_sc_hd__o31a_2)
                                         _082_ (net)
                  0.09    0.00    1.64 v _186_/A2 (sky130_fd_sc_hd__o211ai_4)
     2    0.02    0.25    0.26    1.89 ^ _186_/Y (sky130_fd_sc_hd__o211ai_4)
                                         _084_ (net)
                  0.25    0.00    1.89 ^ _187_/A2 (sky130_fd_sc_hd__a21bo_4)
     9    0.08    0.26    0.32    2.22 ^ _187_/X (sky130_fd_sc_hd__a21bo_4)
                                         _085_ (net)
                  0.26    0.01    2.23 ^ _188_/A (sky130_fd_sc_hd__inv_2)
     2    0.03    0.11    0.14    2.36 v _188_/Y (sky130_fd_sc_hd__inv_2)
                                         _086_ (net)
                  0.11    0.00    2.36 v _189_/A (sky130_fd_sc_hd__buf_8)
    10    0.10    0.08    0.20    2.56 v _189_/X (sky130_fd_sc_hd__buf_8)
                                         _027_ (net)
                  0.08    0.00    2.56 v _268_/C1 (sky130_fd_sc_hd__a211oi_4)
     1    0.02    0.27    0.25    2.81 ^ _268_/Y (sky130_fd_sc_hd__a211oi_4)
                                         _013_ (net)
                  0.27    0.00    2.81 ^ _351_/D (sky130_fd_sc_hd__dfrtp_4)
                                  2.81   data arrival time

                  0.00   10.00   10.00   clock core_clock (rise edge)
                          0.00   10.00   clock network delay (ideal)
                          0.00   10.00   clock reconvergence pessimism
                                 10.00 ^ _351_/CLK (sky130_fd_sc_hd__dfrtp_4)
                         -0.12    9.88   library setup time
                                  9.88   data required time
-----------------------------------------------------------------------------
                                  9.88   data required time
                                 -2.81   data arrival time
-----------------------------------------------------------------------------
                                  7.07   slack (MET)


Startpoint: _343_ (rising edge-triggered flip-flop clocked by core_clock)
Endpoint: _330_ (rising edge-triggered flip-flop clocked by core_clock)
Path Group: core_clock
Path Type: max

Fanout     Cap    Slew   Delay    Time   Description
-----------------------------------------------------------------------------
                  0.00    0.00    0.00   clock core_clock (rise edge)
                          0.00    0.00   clock network delay (ideal)
                  0.00    0.00    0.00 ^ _343_/CLK (sky130_fd_sc_hd__dfrtp_4)
     4    0.05    0.12    0.53    0.53 v _343_/Q (sky130_fd_sc_hd__dfrtp_4)
                                         one_second_counter[13] (net)
                  0.12    0.00    0.53 v _180_/D (sky130_fd_sc_hd__and4_2)
     2    0.02    0.07    0.31    0.84 v _180_/X (sky130_fd_sc_hd__and4_2)
                                         _078_ (net)
                  0.07    0.00    0.84 v _181_/D (sky130_fd_sc_hd__or4_1)
     1    0.01    0.10    0.43    1.27 v _181_/X (sky130_fd_sc_hd__or4_1)
                                         _079_ (net)
                  0.10    0.00    1.27 v _184_/A3 (sky130_fd_sc_hd__o31a_2)
     1    0.02    0.09    0.36    1.63 v _184_/X (sky130_fd_sc_hd__o31a_2)
                                         _082_ (net)
                  0.09    0.00    1.64 v _186_/A2 (sky130_fd_sc_hd__o211ai_4)
     2    0.02    0.25    0.26    1.89 ^ _186_/Y (sky130_fd_sc_hd__o211ai_4)
                                         _084_ (net)
                  0.25    0.00    1.89 ^ _187_/A2 (sky130_fd_sc_hd__a21bo_4)
     9    0.08    0.26    0.32    2.22 ^ _187_/X (sky130_fd_sc_hd__a21bo_4)
                                         _085_ (net)
                  0.26    0.01    2.23 ^ _188_/A (sky130_fd_sc_hd__inv_2)
     2    0.03    0.11    0.14    2.36 v _188_/Y (sky130_fd_sc_hd__inv_2)
                                         _086_ (net)
                  0.11    0.00    2.36 v _189_/A (sky130_fd_sc_hd__buf_8)
    10    0.10    0.08    0.20    2.56 v _189_/X (sky130_fd_sc_hd__buf_8)
                                         _027_ (net)
                  0.08    0.01    2.57 v _190_/B (sky130_fd_sc_hd__nor2_2)
     1    0.02    0.21    0.19    2.76 ^ _190_/Y (sky130_fd_sc_hd__nor2_2)
                                         _000_ (net)
                  0.21    0.00    2.76 ^ _330_/D (sky130_fd_sc_hd__dfrtp_4)
                                  2.76   data arrival time

                  0.00   10.00   10.00   clock core_clock (rise edge)
                          0.00   10.00   clock network delay (ideal)
                          0.00   10.00   clock reconvergence pessimism
                                 10.00 ^ _330_/CLK (sky130_fd_sc_hd__dfrtp_4)
                         -0.11    9.89   library setup time
                                  9.89   data required time
-----------------------------------------------------------------------------
                                  9.89   data required time
                                 -2.76   data arrival time
-----------------------------------------------------------------------------
                                  7.13   slack (MET)


Startpoint: _343_ (rising edge-triggered flip-flop clocked by core_clock)
Endpoint: _350_ (rising edge-triggered flip-flop clocked by core_clock)
Path Group: core_clock
Path Type: max

Fanout     Cap    Slew   Delay    Time   Description
-----------------------------------------------------------------------------
                  0.00    0.00    0.00   clock core_clock (rise edge)
                          0.00    0.00   clock network delay (ideal)
                  0.00    0.00    0.00 ^ _343_/CLK (sky130_fd_sc_hd__dfrtp_4)
     4    0.05    0.12    0.53    0.53 v _343_/Q (sky130_fd_sc_hd__dfrtp_4)
                                         one_second_counter[13] (net)
                  0.12    0.00    0.53 v _180_/D (sky130_fd_sc_hd__and4_2)
     2    0.02    0.07    0.31    0.84 v _180_/X (sky130_fd_sc_hd__and4_2)
                                         _078_ (net)
                  0.07    0.00    0.84 v _181_/D (sky130_fd_sc_hd__or4_1)
     1    0.01    0.10    0.43    1.27 v _181_/X (sky130_fd_sc_hd__or4_1)
                                         _079_ (net)
                  0.10    0.00    1.27 v _184_/A3 (sky130_fd_sc_hd__o31a_2)
     1    0.02    0.09    0.36    1.63 v _184_/X (sky130_fd_sc_hd__o31a_2)
                                         _082_ (net)
                  0.09    0.00    1.64 v _186_/A2 (sky130_fd_sc_hd__o211ai_4)
     2    0.02    0.25    0.26    1.89 ^ _186_/Y (sky130_fd_sc_hd__o211ai_4)
                                         _084_ (net)
                  0.25    0.00    1.89 ^ _187_/A2 (sky130_fd_sc_hd__a21bo_4)
     9    0.08    0.26    0.32    2.22 ^ _187_/X (sky130_fd_sc_hd__a21bo_4)
                                         _085_ (net)
                  0.26    0.01    2.23 ^ _264_/A (sky130_fd_sc_hd__and3_2)
     1    0.03    0.15    0.32    2.55 ^ _264_/X (sky130_fd_sc_hd__and3_2)
                                         _141_ (net)
                  0.15    0.00    2.55 ^ _265_/A (sky130_fd_sc_hd__buf_1)
     1    0.01    0.18    0.20    2.75 ^ _265_/X (sky130_fd_sc_hd__buf_1)
                                         _012_ (net)
                  0.18    0.00    2.75 ^ _350_/D (sky130_fd_sc_hd__dfrtp_4)
                                  2.75   data arrival time

                  0.00   10.00   10.00   clock core_clock (rise edge)
                          0.00   10.00   clock network delay (ideal)
                          0.00   10.00   clock reconvergence pessimism
                                 10.00 ^ _350_/CLK (sky130_fd_sc_hd__dfrtp_4)
                         -0.10    9.90   library setup time
                                  9.90   data required time
-----------------------------------------------------------------------------
                                  9.90   data required time
                                 -2.75   data arrival time
-----------------------------------------------------------------------------
                                  7.15   slack (MET)


Startpoint: _343_ (rising edge-triggered flip-flop clocked by core_clock)
Endpoint: _348_ (rising edge-triggered flip-flop clocked by core_clock)
Path Group: core_clock
Path Type: max

Fanout     Cap    Slew   Delay    Time   Description
-----------------------------------------------------------------------------
                  0.00    0.00    0.00   clock core_clock (rise edge)
                          0.00    0.00   clock network delay (ideal)
                  0.00    0.00    0.00 ^ _343_/CLK (sky130_fd_sc_hd__dfrtp_4)
     4    0.05    0.12    0.53    0.53 v _343_/Q (sky130_fd_sc_hd__dfrtp_4)
                                         one_second_counter[13] (net)
                  0.12    0.00    0.53 v _180_/D (sky130_fd_sc_hd__and4_2)
     2    0.02    0.07    0.31    0.84 v _180_/X (sky130_fd_sc_hd__and4_2)
                                         _078_ (net)
                  0.07    0.00    0.84 v _181_/D (sky130_fd_sc_hd__or4_1)
     1    0.01    0.10    0.43    1.27 v _181_/X (sky130_fd_sc_hd__or4_1)
                                         _079_ (net)
                  0.10    0.00    1.27 v _184_/A3 (sky130_fd_sc_hd__o31a_2)
     1    0.02    0.09    0.36    1.63 v _184_/X (sky130_fd_sc_hd__o31a_2)
                                         _082_ (net)
                  0.09    0.00    1.64 v _186_/A2 (sky130_fd_sc_hd__o211ai_4)
     2    0.02    0.25    0.26    1.89 ^ _186_/Y (sky130_fd_sc_hd__o211ai_4)
                                         _084_ (net)
                  0.25    0.00    1.89 ^ _187_/A2 (sky130_fd_sc_hd__a21bo_4)
     9    0.08    0.26    0.32    2.22 ^ _187_/X (sky130_fd_sc_hd__a21bo_4)
                                         _085_ (net)
                  0.26    0.01    2.22 ^ _202_/A (sky130_fd_sc_hd__clkbuf_8)
    10    0.08    0.14    0.27    2.49 ^ _202_/X (sky130_fd_sc_hd__clkbuf_8)
                                         _095_ (net)
                  0.14    0.01    2.50 ^ _255_/C1 (sky130_fd_sc_hd__o211a_1)
     1    0.02    0.14    0.24    2.74 ^ _255_/X (sky130_fd_sc_hd__o211a_1)
                                         _009_ (net)
                  0.14    0.00    2.74 ^ _348_/D (sky130_fd_sc_hd__dfrtp_4)
                                  2.74   data arrival time

                  0.00   10.00   10.00   clock core_clock (rise edge)
                          0.00   10.00   clock network delay (ideal)
                          0.00   10.00   clock reconvergence pessimism
                                 10.00 ^ _348_/CLK (sky130_fd_sc_hd__dfrtp_4)
                         -0.09    9.91   library setup time
                                  9.91   data required time
-----------------------------------------------------------------------------
                                  9.91   data required time
                                 -2.74   data arrival time
-----------------------------------------------------------------------------
                                  7.17   slack (MET)


Startpoint: _343_ (rising edge-triggered flip-flop clocked by core_clock)
Endpoint: _347_ (rising edge-triggered flip-flop clocked by core_clock)
Path Group: core_clock
Path Type: max

Fanout     Cap    Slew   Delay    Time   Description
-----------------------------------------------------------------------------
                  0.00    0.00    0.00   clock core_clock (rise edge)
                          0.00    0.00   clock network delay (ideal)
                  0.00    0.00    0.00 ^ _343_/CLK (sky130_fd_sc_hd__dfrtp_4)
     4    0.05    0.12    0.53    0.53 v _343_/Q (sky130_fd_sc_hd__dfrtp_4)
                                         one_second_counter[13] (net)
                  0.12    0.00    0.53 v _180_/D (sky130_fd_sc_hd__and4_2)
     2    0.02    0.07    0.31    0.84 v _180_/X (sky130_fd_sc_hd__and4_2)
                                         _078_ (net)
                  0.07    0.00    0.84 v _181_/D (sky130_fd_sc_hd__or4_1)
     1    0.01    0.10    0.43    1.27 v _181_/X (sky130_fd_sc_hd__or4_1)
                                         _079_ (net)
                  0.10    0.00    1.27 v _184_/A3 (sky130_fd_sc_hd__o31a_2)
     1    0.02    0.09    0.36    1.63 v _184_/X (sky130_fd_sc_hd__o31a_2)
                                         _082_ (net)
                  0.09    0.00    1.64 v _186_/A2 (sky130_fd_sc_hd__o211ai_4)
     2    0.02    0.25    0.26    1.89 ^ _186_/Y (sky130_fd_sc_hd__o211ai_4)
                                         _084_ (net)
                  0.25    0.00    1.89 ^ _187_/A2 (sky130_fd_sc_hd__a21bo_4)
     9    0.08    0.26    0.32    2.22 ^ _187_/X (sky130_fd_sc_hd__a21bo_4)
                                         _085_ (net)
                  0.26    0.01    2.23 ^ _188_/A (sky130_fd_sc_hd__inv_2)
     2    0.03    0.11    0.14    2.36 v _188_/Y (sky130_fd_sc_hd__inv_2)
                                         _086_ (net)
                  0.11    0.00    2.36 v _189_/A (sky130_fd_sc_hd__buf_8)
    10    0.10    0.08    0.20    2.56 v _189_/X (sky130_fd_sc_hd__buf_8)
                                         _027_ (net)
                  0.08    0.00    2.56 v _252_/A (sky130_fd_sc_hd__nor2_1)
     1    0.01    0.16    0.17    2.73 ^ _252_/Y (sky130_fd_sc_hd__nor2_1)
                                         _008_ (net)
                  0.16    0.00    2.73 ^ _347_/D (sky130_fd_sc_hd__dfrtp_4)
                                  2.73   data arrival time

                  0.00   10.00   10.00   clock core_clock (rise edge)
                          0.00   10.00   clock network delay (ideal)
                          0.00   10.00   clock reconvergence pessimism
                                 10.00 ^ _347_/CLK (sky130_fd_sc_hd__dfrtp_4)
                         -0.10    9.90   library setup time
                                  9.90   data required time
-----------------------------------------------------------------------------
                                  9.90   data required time
                                 -2.73   data arrival time
-----------------------------------------------------------------------------
                                  7.17   slack (MET)


Startpoint: _343_ (rising edge-triggered flip-flop clocked by core_clock)
Endpoint: _332_ (rising edge-triggered flip-flop clocked by core_clock)
Path Group: core_clock
Path Type: max

Fanout     Cap    Slew   Delay    Time   Description
-----------------------------------------------------------------------------
                  0.00    0.00    0.00   clock core_clock (rise edge)
                          0.00    0.00   clock network delay (ideal)
                  0.00    0.00    0.00 ^ _343_/CLK (sky130_fd_sc_hd__dfrtp_4)
     4    0.05    0.12    0.53    0.53 v _343_/Q (sky130_fd_sc_hd__dfrtp_4)
                                         one_second_counter[13] (net)
                  0.12    0.00    0.53 v _180_/D (sky130_fd_sc_hd__and4_2)
     2    0.02    0.07    0.31    0.84 v _180_/X (sky130_fd_sc_hd__and4_2)
                                         _078_ (net)
                  0.07    0.00    0.84 v _181_/D (sky130_fd_sc_hd__or4_1)
     1    0.01    0.10    0.43    1.27 v _181_/X (sky130_fd_sc_hd__or4_1)
                                         _079_ (net)
                  0.10    0.00    1.27 v _184_/A3 (sky130_fd_sc_hd__o31a_2)
     1    0.02    0.09    0.36    1.63 v _184_/X (sky130_fd_sc_hd__o31a_2)
                                         _082_ (net)
                  0.09    0.00    1.64 v _186_/A2 (sky130_fd_sc_hd__o211ai_4)
     2    0.02    0.25    0.26    1.89 ^ _186_/Y (sky130_fd_sc_hd__o211ai_4)
                                         _084_ (net)
                  0.25    0.00    1.89 ^ _187_/A2 (sky130_fd_sc_hd__a21bo_4)
     9    0.08    0.26    0.32    2.22 ^ _187_/X (sky130_fd_sc_hd__a21bo_4)
                                         _085_ (net)
                  0.26    0.01    2.23 ^ _197_/B (sky130_fd_sc_hd__and3_2)
     1    0.03    0.17    0.33    2.56 ^ _197_/X (sky130_fd_sc_hd__and3_2)
                                         _092_ (net)
                  0.17    0.01    2.57 ^ _198_/A (sky130_fd_sc_hd__buf_1)
     1    0.01    0.10    0.15    2.71 ^ _198_/X (sky130_fd_sc_hd__buf_1)
                                         _019_ (net)
                  0.10    0.00    2.71 ^ _332_/D (sky130_fd_sc_hd__dfrtp_4)
                                  2.71   data arrival time

                  0.00   10.00   10.00   clock core_clock (rise edge)
                          0.00   10.00   clock network delay (ideal)
                          0.00   10.00   clock reconvergence pessimism
                                 10.00 ^ _332_/CLK (sky130_fd_sc_hd__dfrtp_4)
                         -0.08    9.92   library setup time
                                  9.92   data required time
-----------------------------------------------------------------------------
                                  9.92   data required time
                                 -2.71   data arrival time
-----------------------------------------------------------------------------
                                  7.20   slack (MET)


Startpoint: _343_ (rising edge-triggered flip-flop clocked by core_clock)
Endpoint: _356_ (rising edge-triggered flip-flop clocked by core_clock)
Path Group: core_clock
Path Type: max

Fanout     Cap    Slew   Delay    Time   Description
-----------------------------------------------------------------------------
                  0.00    0.00    0.00   clock core_clock (rise edge)
                          0.00    0.00   clock network delay (ideal)
                  0.00    0.00    0.00 ^ _343_/CLK (sky130_fd_sc_hd__dfrtp_4)
     4    0.05    0.12    0.53    0.53 v _343_/Q (sky130_fd_sc_hd__dfrtp_4)
                                         one_second_counter[13] (net)
                  0.12    0.00    0.53 v _180_/D (sky130_fd_sc_hd__and4_2)
     2    0.02    0.07    0.31    0.84 v _180_/X (sky130_fd_sc_hd__and4_2)
                                         _078_ (net)
                  0.07    0.00    0.84 v _181_/D (sky130_fd_sc_hd__or4_1)
     1    0.01    0.10    0.43    1.27 v _181_/X (sky130_fd_sc_hd__or4_1)
                                         _079_ (net)
                  0.10    0.00    1.27 v _184_/A3 (sky130_fd_sc_hd__o31a_2)
     1    0.02    0.09    0.36    1.63 v _184_/X (sky130_fd_sc_hd__o31a_2)
                                         _082_ (net)
                  0.09    0.00    1.64 v _186_/A2 (sky130_fd_sc_hd__o211ai_4)
     2    0.02    0.25    0.26    1.89 ^ _186_/Y (sky130_fd_sc_hd__o211ai_4)
                                         _084_ (net)
                  0.25    0.00    1.89 ^ _187_/A2 (sky130_fd_sc_hd__a21bo_4)
     9    0.08    0.26    0.32    2.22 ^ _187_/X (sky130_fd_sc_hd__a21bo_4)
                                         _085_ (net)
                  0.26    0.01    2.22 ^ _202_/A (sky130_fd_sc_hd__clkbuf_8)
    10    0.08    0.14    0.27    2.49 ^ _202_/X (sky130_fd_sc_hd__clkbuf_8)
                                         _095_ (net)
                  0.14    0.01    2.50 ^ _284_/B1 (sky130_fd_sc_hd__o211a_1)
     1    0.01    0.10    0.21    2.71 ^ _284_/X (sky130_fd_sc_hd__o211a_1)
                                         _018_ (net)
                  0.10    0.00    2.71 ^ _356_/D (sky130_fd_sc_hd__dfrtp_2)
                                  2.71   data arrival time

                  0.00   10.00   10.00   clock core_clock (rise edge)
                          0.00   10.00   clock network delay (ideal)
                          0.00   10.00   clock reconvergence pessimism
                                 10.00 ^ _356_/CLK (sky130_fd_sc_hd__dfrtp_2)
                         -0.08    9.92   library setup time
                                  9.92   data required time
-----------------------------------------------------------------------------
                                  9.92   data required time
                                 -2.71   data arrival time
-----------------------------------------------------------------------------
                                  7.20   slack (MET)


Startpoint: _343_ (rising edge-triggered flip-flop clocked by core_clock)
Endpoint: _337_ (rising edge-triggered flip-flop clocked by core_clock)
Path Group: core_clock
Path Type: max

Fanout     Cap    Slew   Delay    Time   Description
-----------------------------------------------------------------------------
                  0.00    0.00    0.00   clock core_clock (rise edge)
                          0.00    0.00   clock network delay (ideal)
                  0.00    0.00    0.00 ^ _343_/CLK (sky130_fd_sc_hd__dfrtp_4)
     4    0.05    0.12    0.53    0.53 v _343_/Q (sky130_fd_sc_hd__dfrtp_4)
                                         one_second_counter[13] (net)
                  0.12    0.00    0.53 v _180_/D (sky130_fd_sc_hd__and4_2)
     2    0.02    0.07    0.31    0.84 v _180_/X (sky130_fd_sc_hd__and4_2)
                                         _078_ (net)
                  0.07    0.00    0.84 v _181_/D (sky130_fd_sc_hd__or4_1)
     1    0.01    0.10    0.43    1.27 v _181_/X (sky130_fd_sc_hd__or4_1)
                                         _079_ (net)
                  0.10    0.00    1.27 v _184_/A3 (sky130_fd_sc_hd__o31a_2)
     1    0.02    0.09    0.36    1.63 v _184_/X (sky130_fd_sc_hd__o31a_2)
                                         _082_ (net)
                  0.09    0.00    1.64 v _186_/A2 (sky130_fd_sc_hd__o211ai_4)
     2    0.02    0.25    0.26    1.89 ^ _186_/Y (sky130_fd_sc_hd__o211ai_4)
                                         _084_ (net)
                  0.25    0.00    1.89 ^ _187_/A2 (sky130_fd_sc_hd__a21bo_4)
     9    0.08    0.26    0.32    2.22 ^ _187_/X (sky130_fd_sc_hd__a21bo_4)
                                         _085_ (net)
                  0.26    0.01    2.23 ^ _188_/A (sky130_fd_sc_hd__inv_2)
     2    0.03    0.11    0.14    2.36 v _188_/Y (sky130_fd_sc_hd__inv_2)
                                         _086_ (net)
                  0.11    0.00    2.36 v _215_/B1 (sky130_fd_sc_hd__a211oi_4)
     1    0.02    0.27    0.30    2.67 ^ _215_/Y (sky130_fd_sc_hd__a211oi_4)
                                         _024_ (net)
                  0.27    0.00    2.67 ^ _337_/D (sky130_fd_sc_hd__dfrtp_4)
                                  2.67   data arrival time

                  0.00   10.00   10.00   clock core_clock (rise edge)
                          0.00   10.00   clock network delay (ideal)
                          0.00   10.00   clock reconvergence pessimism
                                 10.00 ^ _337_/CLK (sky130_fd_sc_hd__dfrtp_4)
                         -0.12    9.88   library setup time
                                  9.88   data required time
-----------------------------------------------------------------------------
                                  9.88   data required time
                                 -2.67   data arrival time
-----------------------------------------------------------------------------
                                  7.21   slack (MET)


Startpoint: _343_ (rising edge-triggered flip-flop clocked by core_clock)
Endpoint: _333_ (rising edge-triggered flip-flop clocked by core_clock)
Path Group: core_clock
Path Type: max

Fanout     Cap    Slew   Delay    Time   Description
-----------------------------------------------------------------------------
                  0.00    0.00    0.00   clock core_clock (rise edge)
                          0.00    0.00   clock network delay (ideal)
                  0.00    0.00    0.00 ^ _343_/CLK (sky130_fd_sc_hd__dfrtp_4)
     4    0.05    0.12    0.53    0.53 v _343_/Q (sky130_fd_sc_hd__dfrtp_4)
                                         one_second_counter[13] (net)
                  0.12    0.00    0.53 v _180_/D (sky130_fd_sc_hd__and4_2)
     2    0.02    0.07    0.31    0.84 v _180_/X (sky130_fd_sc_hd__and4_2)
                                         _078_ (net)
                  0.07    0.00    0.84 v _181_/D (sky130_fd_sc_hd__or4_1)
     1    0.01    0.10    0.43    1.27 v _181_/X (sky130_fd_sc_hd__or4_1)
                                         _079_ (net)
                  0.10    0.00    1.27 v _184_/A3 (sky130_fd_sc_hd__o31a_2)
     1    0.02    0.09    0.36    1.63 v _184_/X (sky130_fd_sc_hd__o31a_2)
                                         _082_ (net)
                  0.09    0.00    1.64 v _186_/A2 (sky130_fd_sc_hd__o211ai_4)
     2    0.02    0.25    0.26    1.89 ^ _186_/Y (sky130_fd_sc_hd__o211ai_4)
                                         _084_ (net)
                  0.25    0.00    1.89 ^ _187_/A2 (sky130_fd_sc_hd__a21bo_4)
     9    0.08    0.26    0.32    2.22 ^ _187_/X (sky130_fd_sc_hd__a21bo_4)
                                         _085_ (net)
                  0.26    0.00    2.22 ^ _200_/B (sky130_fd_sc_hd__and3b_1)
     1    0.01    0.10    0.24    2.47 ^ _200_/X (sky130_fd_sc_hd__and3b_1)
                                         _094_ (net)
                  0.10    0.00    2.47 ^ _201_/A (sky130_fd_sc_hd__buf_2)
     1    0.03    0.14    0.20    2.67 ^ _201_/X (sky130_fd_sc_hd__buf_2)
                                         _020_ (net)
                  0.14    0.00    2.67 ^ _333_/D (sky130_fd_sc_hd__dfrtp_4)
                                  2.67   data arrival time

                  0.00   10.00   10.00   clock core_clock (rise edge)
                          0.00   10.00   clock network delay (ideal)
                          0.00   10.00   clock reconvergence pessimism
                                 10.00 ^ _333_/CLK (sky130_fd_sc_hd__dfrtp_4)
                         -0.09    9.91   library setup time
                                  9.91   data required time
-----------------------------------------------------------------------------
                                  9.91   data required time
                                 -2.67   data arrival time
-----------------------------------------------------------------------------
                                  7.24   slack (MET)


Startpoint: _343_ (rising edge-triggered flip-flop clocked by core_clock)
Endpoint: _338_ (rising edge-triggered flip-flop clocked by core_clock)
Path Group: core_clock
Path Type: max

Fanout     Cap    Slew   Delay    Time   Description
-----------------------------------------------------------------------------
                  0.00    0.00    0.00   clock core_clock (rise edge)
                          0.00    0.00   clock network delay (ideal)
                  0.00    0.00    0.00 ^ _343_/CLK (sky130_fd_sc_hd__dfrtp_4)
     4    0.05    0.12    0.53    0.53 v _343_/Q (sky130_fd_sc_hd__dfrtp_4)
                                         one_second_counter[13] (net)
                  0.12    0.00    0.53 v _180_/D (sky130_fd_sc_hd__and4_2)
     2    0.02    0.07    0.31    0.84 v _180_/X (sky130_fd_sc_hd__and4_2)
                                         _078_ (net)
                  0.07    0.00    0.84 v _181_/D (sky130_fd_sc_hd__or4_1)
     1    0.01    0.10    0.43    1.27 v _181_/X (sky130_fd_sc_hd__or4_1)
                                         _079_ (net)
                  0.10    0.00    1.27 v _184_/A3 (sky130_fd_sc_hd__o31a_2)
     1    0.02    0.09    0.36    1.63 v _184_/X (sky130_fd_sc_hd__o31a_2)
                                         _082_ (net)
                  0.09    0.00    1.64 v _186_/A2 (sky130_fd_sc_hd__o211ai_4)
     2    0.02    0.25    0.26    1.89 ^ _186_/Y (sky130_fd_sc_hd__o211ai_4)
                                         _084_ (net)
                  0.25    0.00    1.89 ^ _187_/A2 (sky130_fd_sc_hd__a21bo_4)
     9    0.08    0.26    0.32    2.22 ^ _187_/X (sky130_fd_sc_hd__a21bo_4)
                                         _085_ (net)
                  0.26    0.01    2.22 ^ _218_/B (sky130_fd_sc_hd__and3_2)
     1    0.03    0.15    0.32    2.54 ^ _218_/X (sky130_fd_sc_hd__and3_2)
                                         _107_ (net)
                  0.15    0.00    2.54 ^ _219_/A (sky130_fd_sc_hd__buf_1)
     1    0.01    0.08    0.13    2.68 ^ _219_/X (sky130_fd_sc_hd__buf_1)
                                         _025_ (net)
                  0.08    0.00    2.68 ^ _338_/D (sky130_fd_sc_hd__dfrtp_4)
                                  2.68   data arrival time

                  0.00   10.00   10.00   clock core_clock (rise edge)
                          0.00   10.00   clock network delay (ideal)
                          0.00   10.00   clock reconvergence pessimism
                                 10.00 ^ _338_/CLK (sky130_fd_sc_hd__dfrtp_4)
                         -0.08    9.92   library setup time
                                  9.92   data required time
-----------------------------------------------------------------------------
                                  9.92   data required time
                                 -2.68   data arrival time
-----------------------------------------------------------------------------
                                  7.25   slack (MET)


Startpoint: _330_ (rising edge-triggered flip-flop clocked by core_clock)
Endpoint: _352_ (rising edge-triggered flip-flop clocked by core_clock)
Path Group: core_clock
Path Type: max

Fanout     Cap    Slew   Delay    Time   Description
-----------------------------------------------------------------------------
                  0.00    0.00    0.00   clock core_clock (rise edge)
                          0.00    0.00   clock network delay (ideal)
                  0.00    0.00    0.00 ^ _330_/CLK (sky130_fd_sc_hd__dfrtp_4)
     7    0.07    0.22    0.53    0.53 ^ _330_/Q (sky130_fd_sc_hd__dfrtp_4)
                                         one_second_counter[0] (net)
                  0.22    0.00    0.53 ^ _177_/D (sky130_fd_sc_hd__and4_4)
     7    0.05    0.17    0.37    0.90 ^ _177_/X (sky130_fd_sc_hd__and4_4)
                                         _075_ (net)
                  0.17    0.00    0.91 ^ _221_/C (sky130_fd_sc_hd__and4_4)
     6    0.04    0.15    0.34    1.24 ^ _221_/X (sky130_fd_sc_hd__and4_4)
                                         _109_ (net)
                  0.15    0.01    1.25 ^ _244_/D (sky130_fd_sc_hd__and4_1)
     1    0.01    0.15    0.29    1.54 ^ _244_/X (sky130_fd_sc_hd__and4_1)
                                         _126_ (net)
                  0.15    0.00    1.54 ^ _245_/A (sky130_fd_sc_hd__buf_8)
    10    0.10    0.16    0.21    1.75 ^ _245_/X (sky130_fd_sc_hd__buf_8)
                                         _127_ (net)
                  0.16    0.01    1.76 ^ _267_/C (sky130_fd_sc_hd__and4_4)
     3    0.05    0.17    0.35    2.11 ^ _267_/X (sky130_fd_sc_hd__and4_4)
                                         _143_ (net)
                  0.17    0.00    2.11 ^ _269_/B (sky130_fd_sc_hd__or2_2)
     1    0.02    0.10    0.19    2.31 ^ _269_/X (sky130_fd_sc_hd__or2_2)
                                         _144_ (net)
                  0.10    0.00    2.31 ^ _271_/B (sky130_fd_sc_hd__and3_1)
     1    0.01    0.15    0.24    2.55 ^ _271_/X (sky130_fd_sc_hd__and3_1)
                                         _146_ (net)
                  0.15    0.00    2.55 ^ _272_/A (sky130_fd_sc_hd__clkbuf_1)
     1    0.00    0.06    0.12    2.67 ^ _272_/X (sky130_fd_sc_hd__clkbuf_1)
                                         _014_ (net)
                  0.06    0.00    2.67 ^ _352_/D (sky130_fd_sc_hd__dfrtp_4)
                                  2.67   data arrival time

                  0.00   10.00   10.00   clock core_clock (rise edge)
                          0.00   10.00   clock network delay (ideal)
                          0.00   10.00   clock reconvergence pessimism
                                 10.00 ^ _352_/CLK (sky130_fd_sc_hd__dfrtp_4)
                         -0.07    9.93   library setup time
                                  9.93   data required time
-----------------------------------------------------------------------------
                                  9.93   data required time
                                 -2.67   data arrival time
-----------------------------------------------------------------------------
                                  7.25   slack (MET)


Startpoint: _343_ (rising edge-triggered flip-flop clocked by core_clock)
Endpoint: _331_ (rising edge-triggered flip-flop clocked by core_clock)
Path Group: core_clock
Path Type: max

Fanout     Cap    Slew   Delay    Time   Description
-----------------------------------------------------------------------------
                  0.00    0.00    0.00   clock core_clock (rise edge)
                          0.00    0.00   clock network delay (ideal)
                  0.00    0.00    0.00 ^ _343_/CLK (sky130_fd_sc_hd__dfrtp_4)
     4    0.05    0.12    0.53    0.53 v _343_/Q (sky130_fd_sc_hd__dfrtp_4)
                                         one_second_counter[13] (net)
                  0.12    0.00    0.53 v _180_/D (sky130_fd_sc_hd__and4_2)
     2    0.02    0.07    0.31    0.84 v _180_/X (sky130_fd_sc_hd__and4_2)
                                         _078_ (net)
                  0.07    0.00    0.84 v _181_/D (sky130_fd_sc_hd__or4_1)
     1    0.01    0.10    0.43    1.27 v _181_/X (sky130_fd_sc_hd__or4_1)
                                         _079_ (net)
                  0.10    0.00    1.27 v _184_/A3 (sky130_fd_sc_hd__o31a_2)
     1    0.02    0.09    0.36    1.63 v _184_/X (sky130_fd_sc_hd__o31a_2)
                                         _082_ (net)
                  0.09    0.00    1.64 v _186_/A2 (sky130_fd_sc_hd__o211ai_4)
     2    0.02    0.25    0.26    1.89 ^ _186_/Y (sky130_fd_sc_hd__o211ai_4)
                                         _084_ (net)
                  0.25    0.00    1.89 ^ _187_/A2 (sky130_fd_sc_hd__a21bo_4)
     9    0.08    0.26    0.32    2.22 ^ _187_/X (sky130_fd_sc_hd__a21bo_4)
                                         _085_ (net)
                  0.26    0.01    2.22 ^ _193_/B (sky130_fd_sc_hd__and3_1)
     1    0.01    0.10    0.24    2.46 ^ _193_/X (sky130_fd_sc_hd__and3_1)
                                         _089_ (net)
                  0.10    0.00    2.46 ^ _194_/A (sky130_fd_sc_hd__buf_1)
     1    0.01    0.16    0.17    2.64 ^ _194_/X (sky130_fd_sc_hd__buf_1)
                                         _011_ (net)
                  0.16    0.00    2.64 ^ _331_/D (sky130_fd_sc_hd__dfrtp_4)
                                  2.64   data arrival time

                  0.00   10.00   10.00   clock core_clock (rise edge)
                          0.00   10.00   clock network delay (ideal)
                          0.00   10.00   clock reconvergence pessimism
                                 10.00 ^ _331_/CLK (sky130_fd_sc_hd__dfrtp_4)
                         -0.10    9.90   library setup time
                                  9.90   data required time
-----------------------------------------------------------------------------
                                  9.90   data required time
                                 -2.64   data arrival time
-----------------------------------------------------------------------------
                                  7.26   slack (MET)


Startpoint: _343_ (rising edge-triggered flip-flop clocked by core_clock)
Endpoint: _355_ (rising edge-triggered flip-flop clocked by core_clock)
Path Group: core_clock
Path Type: max

Fanout     Cap    Slew   Delay    Time   Description
-----------------------------------------------------------------------------
                  0.00    0.00    0.00   clock core_clock (rise edge)
                          0.00    0.00   clock network delay (ideal)
                  0.00    0.00    0.00 ^ _343_/CLK (sky130_fd_sc_hd__dfrtp_4)
     4    0.05    0.12    0.53    0.53 v _343_/Q (sky130_fd_sc_hd__dfrtp_4)
                                         one_second_counter[13] (net)
                  0.12    0.00    0.53 v _180_/D (sky130_fd_sc_hd__and4_2)
     2    0.02    0.07    0.31    0.84 v _180_/X (sky130_fd_sc_hd__and4_2)
                                         _078_ (net)
                  0.07    0.00    0.84 v _181_/D (sky130_fd_sc_hd__or4_1)
     1    0.01    0.10    0.43    1.27 v _181_/X (sky130_fd_sc_hd__or4_1)
                                         _079_ (net)
                  0.10    0.00    1.27 v _184_/A3 (sky130_fd_sc_hd__o31a_2)
     1    0.02    0.09    0.36    1.63 v _184_/X (sky130_fd_sc_hd__o31a_2)
                                         _082_ (net)
                  0.09    0.00    1.64 v _186_/A2 (sky130_fd_sc_hd__o211ai_4)
     2    0.02    0.25    0.26    1.89 ^ _186_/Y (sky130_fd_sc_hd__o211ai_4)
                                         _084_ (net)
                  0.25    0.00    1.89 ^ _187_/A2 (sky130_fd_sc_hd__a21bo_4)
     9    0.08    0.26    0.32    2.22 ^ _187_/X (sky130_fd_sc_hd__a21bo_4)
                                         _085_ (net)
                  0.26    0.01    2.22 ^ _281_/A (sky130_fd_sc_hd__and3_2)
     1    0.02    0.13    0.30    2.53 ^ _281_/X (sky130_fd_sc_hd__and3_2)
                                         _153_ (net)
                  0.13    0.00    2.53 ^ _282_/A (sky130_fd_sc_hd__clkbuf_1)
     1    0.00    0.06    0.12    2.64 ^ _282_/X (sky130_fd_sc_hd__clkbuf_1)
                                         _017_ (net)
                  0.06    0.00    2.64 ^ _355_/D (sky130_fd_sc_hd__dfrtp_4)
                                  2.64   data arrival time

                  0.00   10.00   10.00   clock core_clock (rise edge)
                          0.00   10.00   clock network delay (ideal)
                          0.00   10.00   clock reconvergence pessimism
                                 10.00 ^ _355_/CLK (sky130_fd_sc_hd__dfrtp_4)
                         -0.07    9.93   library setup time
                                  9.93   data required time
-----------------------------------------------------------------------------
                                  9.93   data required time
                                 -2.64   data arrival time
-----------------------------------------------------------------------------
                                  7.28   slack (MET)


Startpoint: _343_ (rising edge-triggered flip-flop clocked by core_clock)
Endpoint: _357_ (rising edge-triggered flip-flop clocked by core_clock)
Path Group: core_clock
Path Type: max

Fanout     Cap    Slew   Delay    Time   Description
-----------------------------------------------------------------------------
                  0.00    0.00    0.00   clock core_clock (rise edge)
                          0.00    0.00   clock network delay (ideal)
                  0.00    0.00    0.00 ^ _343_/CLK (sky130_fd_sc_hd__dfrtp_4)
     4    0.05    0.12    0.53    0.53 v _343_/Q (sky130_fd_sc_hd__dfrtp_4)
                                         one_second_counter[13] (net)
                  0.12    0.00    0.53 v _180_/D (sky130_fd_sc_hd__and4_2)
     2    0.02    0.07    0.31    0.84 v _180_/X (sky130_fd_sc_hd__and4_2)
                                         _078_ (net)
                  0.07    0.00    0.84 v _181_/D (sky130_fd_sc_hd__or4_1)
     1    0.01    0.10    0.43    1.27 v _181_/X (sky130_fd_sc_hd__or4_1)
                                         _079_ (net)
                  0.10    0.00    1.27 v _184_/A3 (sky130_fd_sc_hd__o31a_2)
     1    0.02    0.09    0.36    1.63 v _184_/X (sky130_fd_sc_hd__o31a_2)
                                         _082_ (net)
                  0.09    0.00    1.64 v _186_/A2 (sky130_fd_sc_hd__o211ai_4)
     2    0.02    0.25    0.26    1.89 ^ _186_/Y (sky130_fd_sc_hd__o211ai_4)
                                         _084_ (net)
                  0.25    0.00    1.89 ^ _187_/A2 (sky130_fd_sc_hd__a21bo_4)
     9    0.08    0.26    0.32    2.22 ^ _187_/X (sky130_fd_sc_hd__a21bo_4)
                                         _085_ (net)
                  0.26    0.01    2.23 ^ _188_/A (sky130_fd_sc_hd__inv_2)
     2    0.03    0.11    0.14    2.36 v _188_/Y (sky130_fd_sc_hd__inv_2)
                                         _086_ (net)
                  0.11    0.00    2.36 v _189_/A (sky130_fd_sc_hd__buf_8)
    10    0.10    0.08    0.20    2.56 v _189_/X (sky130_fd_sc_hd__buf_8)
                                         _027_ (net)
                  0.08    0.00    2.56 v _357_/D (sky130_fd_sc_hd__dfrtp_4)
                                  2.56   data arrival time

                  0.00   10.00   10.00   clock core_clock (rise edge)
                          0.00   10.00   clock network delay (ideal)
                          0.00   10.00   clock reconvergence pessimism
                                 10.00 ^ _357_/CLK (sky130_fd_sc_hd__dfrtp_4)
                         -0.14    9.86   library setup time
                                  9.86   data required time
-----------------------------------------------------------------------------
                                  9.86   data required time
                                 -2.56   data arrival time
-----------------------------------------------------------------------------
                                  7.30   slack (MET)


Startpoint: _361_ (rising edge-triggered flip-flop clocked by core_clock)
Endpoint: _360_ (rising edge-triggered flip-flop clocked by core_clock)
Path Group: core_clock
Path Type: max

Fanout     Cap    Slew   Delay    Time   Description
-----------------------------------------------------------------------------
                  0.00    0.00    0.00   clock core_clock (rise edge)
                          0.00    0.00   clock network delay (ideal)
                  0.00    0.00    0.00 ^ _361_/CLK (sky130_fd_sc_hd__dfrtp_4)
     6    0.08    0.15    0.56    0.56 v _361_/Q (sky130_fd_sc_hd__dfrtp_4)
                                         decoder.digit[3] (net)
                  0.15    0.01    0.57 v _165_/A (sky130_fd_sc_hd__nor2_2)
     2    0.03    0.33    0.33    0.91 ^ _165_/Y (sky130_fd_sc_hd__nor2_2)
                                         _066_ (net)
                  0.33    0.00    0.91 ^ _166_/B (sky130_fd_sc_hd__nand2_4)
     3    0.04    0.12    0.15    1.06 v _166_/Y (sky130_fd_sc_hd__nand2_4)
                                         _067_ (net)
                  0.12    0.00    1.06 v _167_/B (sky130_fd_sc_hd__nor2_4)
     3    0.04    0.26    0.25    1.31 ^ _167_/Y (sky130_fd_sc_hd__nor2_4)
                                         _068_ (net)
                  0.26    0.00    1.31 ^ _168_/A2_N (sky130_fd_sc_hd__o2bb2a_2)
     1    0.02    0.08    0.30    1.61 v _168_/X (sky130_fd_sc_hd__o2bb2a_2)
                                         _069_ (net)
                  0.08    0.00    1.62 v _169_/B (sky130_fd_sc_hd__and2_1)
     1    0.01    0.06    0.20    1.81 v _169_/X (sky130_fd_sc_hd__and2_1)
                                         _070_ (net)
                  0.06    0.00    1.81 v _170_/A (sky130_fd_sc_hd__clkbuf_2)
     1    0.02    0.09    0.16    1.97 v _170_/X (sky130_fd_sc_hd__clkbuf_2)
                                         _062_ (net)
                  0.09    0.00    1.98 v _360_/D (sky130_fd_sc_hd__dfrtp_4)
                                  1.98   data arrival time

                  0.00   10.00   10.00   clock core_clock (rise edge)
                          0.00   10.00   clock network delay (ideal)
                          0.00   10.00   clock reconvergence pessimism
                                 10.00 ^ _360_/CLK (sky130_fd_sc_hd__dfrtp_4)
                         -0.14    9.86   library setup time
                                  9.86   data required time
-----------------------------------------------------------------------------
                                  9.86   data required time
                                 -1.98   data arrival time
-----------------------------------------------------------------------------
                                  7.88   slack (MET)


Startpoint: _361_ (rising edge-triggered flip-flop clocked by core_clock)
Endpoint: _358_ (rising edge-triggered flip-flop clocked by core_clock)
Path Group: core_clock
Path Type: max

Fanout     Cap    Slew   Delay    Time   Description
-----------------------------------------------------------------------------
                  0.00    0.00    0.00   clock core_clock (rise edge)
                          0.00    0.00   clock network delay (ideal)
                  0.00    0.00    0.00 ^ _361_/CLK (sky130_fd_sc_hd__dfrtp_4)
     6    0.08    0.15    0.56    0.56 v _361_/Q (sky130_fd_sc_hd__dfrtp_4)
                                         decoder.digit[3] (net)
                  0.15    0.01    0.57 v _165_/A (sky130_fd_sc_hd__nor2_2)
     2    0.03    0.33    0.33    0.91 ^ _165_/Y (sky130_fd_sc_hd__nor2_2)
                                         _066_ (net)
                  0.33    0.00    0.91 ^ _166_/B (sky130_fd_sc_hd__nand2_4)
     3    0.04    0.12    0.15    1.06 v _166_/Y (sky130_fd_sc_hd__nand2_4)
                                         _067_ (net)
                  0.12    0.00    1.06 v _173_/A2 (sky130_fd_sc_hd__a21oi_1)
     1    0.01    0.25    0.28    1.34 ^ _173_/Y (sky130_fd_sc_hd__a21oi_1)
                                         _072_ (net)
                  0.25    0.00    1.34 ^ _174_/B1 (sky130_fd_sc_hd__a21oi_4)
     1    0.03    0.09    0.10    1.43 v _174_/Y (sky130_fd_sc_hd__a21oi_4)
                                         _060_ (net)
                  0.10    0.00    1.44 v _358_/D (sky130_fd_sc_hd__dfrtp_4)
                                  1.44   data arrival time

                  0.00   10.00   10.00   clock core_clock (rise edge)
                          0.00   10.00   clock network delay (ideal)
                          0.00   10.00   clock reconvergence pessimism
                                 10.00 ^ _358_/CLK (sky130_fd_sc_hd__dfrtp_4)
                         -0.15    9.85   library setup time
                                  9.85   data required time
-----------------------------------------------------------------------------
                                  9.85   data required time
                                 -1.44   data arrival time
-----------------------------------------------------------------------------
                                  8.42   slack (MET)


Startpoint: _358_ (rising edge-triggered flip-flop clocked by core_clock)
Endpoint: _361_ (rising edge-triggered flip-flop clocked by core_clock)
Path Group: core_clock
Path Type: max

Fanout     Cap    Slew   Delay    Time   Description
-----------------------------------------------------------------------------
                  0.00    0.00    0.00   clock core_clock (rise edge)
                          0.00    0.00   clock network delay (ideal)
                  0.00    0.00    0.00 ^ _358_/CLK (sky130_fd_sc_hd__dfrtp_4)
     8    0.09    0.27    0.56    0.56 ^ _358_/Q (sky130_fd_sc_hd__dfrtp_4)
                                         decoder.digit[0] (net)
                  0.27    0.01    0.57 ^ _162_/C (sky130_fd_sc_hd__and3_4)
     3    0.03    0.12    0.30    0.87 ^ _162_/X (sky130_fd_sc_hd__and3_4)
                                         _064_ (net)
                  0.12    0.00    0.87 ^ _163_/B (sky130_fd_sc_hd__nand2_4)
     2    0.04    0.13    0.12    0.99 v _163_/Y (sky130_fd_sc_hd__nand2_4)
                                         _065_ (net)
                  0.13    0.01    1.00 v _164_/B (sky130_fd_sc_hd__xnor2_4)
     1    0.03    0.25    0.26    1.26 ^ _164_/Y (sky130_fd_sc_hd__xnor2_4)
                                         _063_ (net)
                  0.25    0.00    1.26 ^ _361_/D (sky130_fd_sc_hd__dfrtp_4)
                                  1.26   data arrival time

                  0.00   10.00   10.00   clock core_clock (rise edge)
                          0.00   10.00   clock network delay (ideal)
                          0.00   10.00   clock reconvergence pessimism
                                 10.00 ^ _361_/CLK (sky130_fd_sc_hd__dfrtp_4)
                         -0.12    9.88   library setup time
                                  9.88   data required time
-----------------------------------------------------------------------------
                                  9.88   data required time
                                 -1.26   data arrival time
-----------------------------------------------------------------------------
                                  8.62   slack (MET)


Startpoint: _358_ (rising edge-triggered flip-flop clocked by core_clock)
Endpoint: _359_ (rising edge-triggered flip-flop clocked by core_clock)
Path Group: core_clock
Path Type: max

Fanout     Cap    Slew   Delay    Time   Description
-----------------------------------------------------------------------------
                  0.00    0.00    0.00   clock core_clock (rise edge)
                          0.00    0.00   clock network delay (ideal)
                  0.00    0.00    0.00 ^ _358_/CLK (sky130_fd_sc_hd__dfrtp_4)
     8    0.09    0.16    0.57    0.57 v _358_/Q (sky130_fd_sc_hd__dfrtp_4)
                                         decoder.digit[0] (net)
                  0.16    0.01    0.58 v _162_/C (sky130_fd_sc_hd__and3_4)
     3    0.03    0.07    0.27    0.85 v _162_/X (sky130_fd_sc_hd__and3_4)
                                         _064_ (net)
                  0.07    0.00    0.86 v _172_/A (sky130_fd_sc_hd__nor2_2)
     1    0.02    0.22    0.22    1.08 ^ _172_/Y (sky130_fd_sc_hd__nor2_2)
                                         _061_ (net)
                  0.22    0.00    1.08 ^ _359_/D (sky130_fd_sc_hd__dfrtp_4)
                                  1.08   data arrival time

                  0.00   10.00   10.00   clock core_clock (rise edge)
                          0.00   10.00   clock network delay (ideal)
                          0.00   10.00   clock reconvergence pessimism
                                 10.00 ^ _359_/CLK (sky130_fd_sc_hd__dfrtp_4)
                         -0.11    9.89   library setup time
                                  9.89   data required time
-----------------------------------------------------------------------------
                                  9.89   data required time
                                 -1.08   data arrival time
-----------------------------------------------------------------------------
                                  8.81   slack (MET)



worst slack corner Typical: 6.8736
