
===========================================================================
report_checks -path_delay min (Hold)
============================================================================
======================= Typical Corner ===================================

Startpoint: _356_ (rising edge-triggered flip-flop clocked by core_clock)
Endpoint: _356_ (rising edge-triggered flip-flop clocked by core_clock)
Path Group: core_clock
Path Type: min

Fanout     Cap    Slew   Delay    Time   Description
-----------------------------------------------------------------------------
                  0.00    0.00    0.00   clock core_clock (rise edge)
                          0.00    0.00   clock network delay (ideal)
                  0.00    0.00    0.00 ^ _356_/CLK (sky130_fd_sc_hd__dfrtp_2)
     2    0.02    0.11    0.38    0.38 ^ _356_/Q (sky130_fd_sc_hd__dfrtp_2)
                                         one_second_counter[26] (net)
                  0.11    0.00    0.38 ^ _284_/A1 (sky130_fd_sc_hd__o211a_1)
     1    0.01    0.10    0.21    0.59 ^ _284_/X (sky130_fd_sc_hd__o211a_1)
                                         _018_ (net)
                  0.10    0.00    0.59 ^ _356_/D (sky130_fd_sc_hd__dfrtp_2)
                                  0.59   data arrival time

                  0.00    0.00    0.00   clock core_clock (rise edge)
                          0.00    0.00   clock network delay (ideal)
                          0.00    0.00   clock reconvergence pessimism
                                  0.00 ^ _356_/CLK (sky130_fd_sc_hd__dfrtp_2)
                         -0.05   -0.05   library hold time
                                 -0.05   data required time
-----------------------------------------------------------------------------
                                 -0.05   data required time
                                 -0.59   data arrival time
-----------------------------------------------------------------------------
                                  0.65   slack (MET)


Startpoint: _357_ (rising edge-triggered flip-flop clocked by core_clock)
Endpoint: _358_ (rising edge-triggered flip-flop clocked by core_clock)
Path Group: core_clock
Path Type: min

Fanout     Cap    Slew   Delay    Time   Description
-----------------------------------------------------------------------------
                  0.00    0.00    0.00   clock core_clock (rise edge)
                          0.00    0.00   clock network delay (ideal)
                  0.00    0.00    0.00 ^ _357_/CLK (sky130_fd_sc_hd__dfrtp_4)
     5    0.05    0.17    0.48    0.48 ^ _357_/Q (sky130_fd_sc_hd__dfrtp_4)
                                         one_second_enable (net)
                  0.17    0.01    0.49 ^ _174_/A1 (sky130_fd_sc_hd__a21oi_4)
     1    0.03    0.08    0.11    0.61 v _174_/Y (sky130_fd_sc_hd__a21oi_4)
                                         _060_ (net)
                  0.08    0.00    0.61 v _358_/D (sky130_fd_sc_hd__dfrtp_4)
                                  0.61   data arrival time

                  0.00    0.00    0.00   clock core_clock (rise edge)
                          0.00    0.00   clock network delay (ideal)
                          0.00    0.00   clock reconvergence pessimism
                                  0.00 ^ _358_/CLK (sky130_fd_sc_hd__dfrtp_4)
                         -0.07   -0.07   library hold time
                                 -0.07   data required time
-----------------------------------------------------------------------------
                                 -0.07   data required time
                                 -0.61   data arrival time
-----------------------------------------------------------------------------
                                  0.68   slack (MET)


Startpoint: _330_ (rising edge-triggered flip-flop clocked by core_clock)
Endpoint: _330_ (rising edge-triggered flip-flop clocked by core_clock)
Path Group: core_clock
Path Type: min

Fanout     Cap    Slew   Delay    Time   Description
-----------------------------------------------------------------------------
                  0.00    0.00    0.00   clock core_clock (rise edge)
                          0.00    0.00   clock network delay (ideal)
                  0.00    0.00    0.00 ^ _330_/CLK (sky130_fd_sc_hd__dfrtp_4)
     7    0.07    0.22    0.53    0.53 ^ _330_/Q (sky130_fd_sc_hd__dfrtp_4)
                                         one_second_counter[0] (net)
                  0.22    0.00    0.53 ^ _190_/A (sky130_fd_sc_hd__nor2_2)
     1    0.02    0.07    0.11    0.64 v _190_/Y (sky130_fd_sc_hd__nor2_2)
                                         _000_ (net)
                  0.07    0.00    0.65 v _330_/D (sky130_fd_sc_hd__dfrtp_4)
                                  0.65   data arrival time

                  0.00    0.00    0.00   clock core_clock (rise edge)
                          0.00    0.00   clock network delay (ideal)
                          0.00    0.00   clock reconvergence pessimism
                                  0.00 ^ _330_/CLK (sky130_fd_sc_hd__dfrtp_4)
                         -0.06   -0.06   library hold time
                                 -0.06   data required time
-----------------------------------------------------------------------------
                                 -0.06   data required time
                                 -0.65   data arrival time
-----------------------------------------------------------------------------
                                  0.71   slack (MET)


Startpoint: _337_ (rising edge-triggered flip-flop clocked by core_clock)
Endpoint: _337_ (rising edge-triggered flip-flop clocked by core_clock)
Path Group: core_clock
Path Type: min

Fanout     Cap    Slew   Delay    Time   Description
-----------------------------------------------------------------------------
                  0.00    0.00    0.00   clock core_clock (rise edge)
                          0.00    0.00   clock network delay (ideal)
                  0.00    0.00    0.00 ^ _337_/CLK (sky130_fd_sc_hd__dfrtp_4)
     2    0.03    0.09    0.49    0.49 v _337_/Q (sky130_fd_sc_hd__dfrtp_4)
                                         one_second_counter[7] (net)
                  0.09    0.00    0.49 v _214_/A (sky130_fd_sc_hd__inv_2)
     1    0.01    0.06    0.08    0.58 ^ _214_/Y (sky130_fd_sc_hd__inv_2)
                                         _104_ (net)
                  0.06    0.00    0.58 ^ _215_/A1 (sky130_fd_sc_hd__a211oi_4)
     1    0.02    0.06    0.07    0.65 v _215_/Y (sky130_fd_sc_hd__a211oi_4)
                                         _024_ (net)
                  0.06    0.00    0.65 v _337_/D (sky130_fd_sc_hd__dfrtp_4)
                                  0.65   data arrival time

                  0.00    0.00    0.00   clock core_clock (rise edge)
                          0.00    0.00   clock network delay (ideal)
                          0.00    0.00   clock reconvergence pessimism
                                  0.00 ^ _337_/CLK (sky130_fd_sc_hd__dfrtp_4)
                         -0.06   -0.06   library hold time
                                 -0.06   data required time
-----------------------------------------------------------------------------
                                 -0.06   data required time
                                 -0.65   data arrival time
-----------------------------------------------------------------------------
                                  0.71   slack (MET)


Startpoint: _353_ (rising edge-triggered flip-flop clocked by core_clock)
Endpoint: _353_ (rising edge-triggered flip-flop clocked by core_clock)
Path Group: core_clock
Path Type: min

Fanout     Cap    Slew   Delay    Time   Description
-----------------------------------------------------------------------------
                  0.00    0.00    0.00   clock core_clock (rise edge)
                          0.00    0.00   clock network delay (ideal)
                  0.00    0.00    0.00 ^ _353_/CLK (sky130_fd_sc_hd__dfrtp_4)
     2    0.02    0.08    0.49    0.49 v _353_/Q (sky130_fd_sc_hd__dfrtp_4)
                                         one_second_counter[23] (net)
                  0.08    0.00    0.49 v _273_/A (sky130_fd_sc_hd__inv_2)
     1    0.02    0.11    0.12    0.60 ^ _273_/Y (sky130_fd_sc_hd__inv_2)
                                         _147_ (net)
                  0.11    0.00    0.61 ^ _275_/A1 (sky130_fd_sc_hd__a221oi_4)
     1    0.02    0.07    0.10    0.71 v _275_/Y (sky130_fd_sc_hd__a221oi_4)
                                         _015_ (net)
                  0.07    0.00    0.71 v _353_/D (sky130_fd_sc_hd__dfrtp_4)
                                  0.71   data arrival time

                  0.00    0.00    0.00   clock core_clock (rise edge)
                          0.00    0.00   clock network delay (ideal)
                          0.00    0.00   clock reconvergence pessimism
                                  0.00 ^ _353_/CLK (sky130_fd_sc_hd__dfrtp_4)
                         -0.06   -0.06   library hold time
                                 -0.06   data required time
-----------------------------------------------------------------------------
                                 -0.06   data required time
                                 -0.71   data arrival time
-----------------------------------------------------------------------------
                                  0.77   slack (MET)


Startpoint: _361_ (rising edge-triggered flip-flop clocked by core_clock)
Endpoint: _361_ (rising edge-triggered flip-flop clocked by core_clock)
Path Group: core_clock
Path Type: min

Fanout     Cap    Slew   Delay    Time   Description
-----------------------------------------------------------------------------
                  0.00    0.00    0.00   clock core_clock (rise edge)
                          0.00    0.00   clock network delay (ideal)
                  0.00    0.00    0.00 ^ _361_/CLK (sky130_fd_sc_hd__dfrtp_4)
     6    0.08    0.24    0.54    0.54 ^ _361_/Q (sky130_fd_sc_hd__dfrtp_4)
                                         decoder.digit[3] (net)
                  0.24    0.01    0.55 ^ _164_/A (sky130_fd_sc_hd__xnor2_4)
     1    0.03    0.08    0.15    0.70 v _164_/Y (sky130_fd_sc_hd__xnor2_4)
                                         _063_ (net)
                  0.08    0.00    0.71 v _361_/D (sky130_fd_sc_hd__dfrtp_4)
                                  0.71   data arrival time

                  0.00    0.00    0.00   clock core_clock (rise edge)
                          0.00    0.00   clock network delay (ideal)
                          0.00    0.00   clock reconvergence pessimism
                                  0.00 ^ _361_/CLK (sky130_fd_sc_hd__dfrtp_4)
                         -0.07   -0.07   library hold time
                                 -0.07   data required time
-----------------------------------------------------------------------------
                                 -0.07   data required time
                                 -0.71   data arrival time
-----------------------------------------------------------------------------
                                  0.77   slack (MET)


Startpoint: _345_ (rising edge-triggered flip-flop clocked by core_clock)
Endpoint: _345_ (rising edge-triggered flip-flop clocked by core_clock)
Path Group: core_clock
Path Type: min

Fanout     Cap    Slew   Delay    Time   Description
-----------------------------------------------------------------------------
                  0.00    0.00    0.00   clock core_clock (rise edge)
                          0.00    0.00   clock network delay (ideal)
                  0.00    0.00    0.00 ^ _345_/CLK (sky130_fd_sc_hd__dfrtp_4)
     3    0.04    0.11    0.51    0.51 v _345_/Q (sky130_fd_sc_hd__dfrtp_4)
                                         one_second_counter[15] (net)
                  0.11    0.00    0.52 v _243_/A (sky130_fd_sc_hd__inv_2)
     1    0.01    0.06    0.10    0.61 ^ _243_/Y (sky130_fd_sc_hd__inv_2)
                                         _125_ (net)
                  0.06    0.00    0.61 ^ _246_/A1 (sky130_fd_sc_hd__a211oi_2)
     1    0.02    0.07    0.10    0.71 v _246_/Y (sky130_fd_sc_hd__a211oi_2)
                                         _006_ (net)
                  0.07    0.00    0.71 v _345_/D (sky130_fd_sc_hd__dfrtp_4)
                                  0.71   data arrival time

                  0.00    0.00    0.00   clock core_clock (rise edge)
                          0.00    0.00   clock network delay (ideal)
                          0.00    0.00   clock reconvergence pessimism
                                  0.00 ^ _345_/CLK (sky130_fd_sc_hd__dfrtp_4)
                         -0.06   -0.06   library hold time
                                 -0.06   data required time
-----------------------------------------------------------------------------
                                 -0.06   data required time
                                 -0.71   data arrival time
-----------------------------------------------------------------------------
                                  0.78   slack (MET)


Startpoint: _350_ (rising edge-triggered flip-flop clocked by core_clock)
Endpoint: _351_ (rising edge-triggered flip-flop clocked by core_clock)
Path Group: core_clock
Path Type: min

Fanout     Cap    Slew   Delay    Time   Description
-----------------------------------------------------------------------------
                  0.00    0.00    0.00   clock core_clock (rise edge)
                          0.00    0.00   clock network delay (ideal)
                  0.00    0.00    0.00 ^ _350_/CLK (sky130_fd_sc_hd__dfrtp_4)
     4    0.03    0.10    0.51    0.51 v _350_/Q (sky130_fd_sc_hd__dfrtp_4)
                                         one_second_counter[20] (net)
                  0.10    0.00    0.51 v _263_/A (sky130_fd_sc_hd__nand2_2)
     2    0.02    0.11    0.13    0.64 ^ _263_/Y (sky130_fd_sc_hd__nand2_2)
                                         _140_ (net)
                  0.11    0.00    0.64 ^ _268_/A2 (sky130_fd_sc_hd__a211oi_4)
     1    0.02    0.06    0.09    0.73 v _268_/Y (sky130_fd_sc_hd__a211oi_4)
                                         _013_ (net)
                  0.06    0.00    0.73 v _351_/D (sky130_fd_sc_hd__dfrtp_4)
                                  0.73   data arrival time

                  0.00    0.00    0.00   clock core_clock (rise edge)
                          0.00    0.00   clock network delay (ideal)
                          0.00    0.00   clock reconvergence pessimism
                                  0.00 ^ _351_/CLK (sky130_fd_sc_hd__dfrtp_4)
                         -0.06   -0.06   library hold time
                                 -0.06   data required time
-----------------------------------------------------------------------------
                                 -0.06   data required time
                                 -0.73   data arrival time
-----------------------------------------------------------------------------
                                  0.79   slack (MET)


Startpoint: _347_ (rising edge-triggered flip-flop clocked by core_clock)
Endpoint: _347_ (rising edge-triggered flip-flop clocked by core_clock)
Path Group: core_clock
Path Type: min

Fanout     Cap    Slew   Delay    Time   Description
-----------------------------------------------------------------------------
                  0.00    0.00    0.00   clock core_clock (rise edge)
                          0.00    0.00   clock network delay (ideal)
                  0.00    0.00    0.00 ^ _347_/CLK (sky130_fd_sc_hd__dfrtp_4)
     7    0.05    0.17    0.48    0.48 ^ _347_/Q (sky130_fd_sc_hd__dfrtp_4)
                                         one_second_counter[17] (net)
                  0.17    0.00    0.49 ^ _251_/A (sky130_fd_sc_hd__xor2_1)
     1    0.01    0.06    0.12    0.61 v _251_/X (sky130_fd_sc_hd__xor2_1)
                                         _131_ (net)
                  0.06    0.00    0.61 v _252_/B (sky130_fd_sc_hd__nor2_1)
     1    0.01    0.16    0.15    0.75 ^ _252_/Y (sky130_fd_sc_hd__nor2_1)
                                         _008_ (net)
                  0.16    0.00    0.75 ^ _347_/D (sky130_fd_sc_hd__dfrtp_4)
                                  0.75   data arrival time

                  0.00    0.00    0.00   clock core_clock (rise edge)
                          0.00    0.00   clock network delay (ideal)
                          0.00    0.00   clock reconvergence pessimism
                                  0.00 ^ _347_/CLK (sky130_fd_sc_hd__dfrtp_4)
                         -0.06   -0.06   library hold time
                                 -0.06   data required time
-----------------------------------------------------------------------------
                                 -0.06   data required time
                                 -0.75   data arrival time
-----------------------------------------------------------------------------
                                  0.82   slack (MET)


Startpoint: _341_ (rising edge-triggered flip-flop clocked by core_clock)
Endpoint: _341_ (rising edge-triggered flip-flop clocked by core_clock)
Path Group: core_clock
Path Type: min

Fanout     Cap    Slew   Delay    Time   Description
-----------------------------------------------------------------------------
                  0.00    0.00    0.00   clock core_clock (rise edge)
                          0.00    0.00   clock network delay (ideal)
                  0.00    0.00    0.00 ^ _341_/CLK (sky130_fd_sc_hd__dfrtp_4)
     4    0.03    0.10    0.51    0.51 v _341_/Q (sky130_fd_sc_hd__dfrtp_4)
                                         one_second_counter[11] (net)
                  0.10    0.00    0.51 v _227_/B1 (sky130_fd_sc_hd__a21oi_2)
     1    0.01    0.18    0.19    0.70 ^ _227_/Y (sky130_fd_sc_hd__a21oi_2)
                                         _113_ (net)
                  0.18    0.00    0.70 ^ _229_/B (sky130_fd_sc_hd__nor3_2)
     1    0.02    0.07    0.11    0.81 v _229_/Y (sky130_fd_sc_hd__nor3_2)
                                         _002_ (net)
                  0.07    0.00    0.81 v _341_/D (sky130_fd_sc_hd__dfrtp_4)
                                  0.81   data arrival time

                  0.00    0.00    0.00   clock core_clock (rise edge)
                          0.00    0.00   clock network delay (ideal)
                          0.00    0.00   clock reconvergence pessimism
                                  0.00 ^ _341_/CLK (sky130_fd_sc_hd__dfrtp_4)
                         -0.06   -0.06   library hold time
                                 -0.06   data required time
-----------------------------------------------------------------------------
                                 -0.06   data required time
                                 -0.81   data arrival time
-----------------------------------------------------------------------------
                                  0.87   slack (MET)


Startpoint: _354_ (rising edge-triggered flip-flop clocked by core_clock)
Endpoint: _354_ (rising edge-triggered flip-flop clocked by core_clock)
Path Group: core_clock
Path Type: min

Fanout     Cap    Slew   Delay    Time   Description
-----------------------------------------------------------------------------
                  0.00    0.00    0.00   clock core_clock (rise edge)
                          0.00    0.00   clock network delay (ideal)
                  0.00    0.00    0.00 ^ _354_/CLK (sky130_fd_sc_hd__dfrtp_4)
     3    0.03    0.10    0.50    0.50 v _354_/Q (sky130_fd_sc_hd__dfrtp_4)
                                         one_second_counter[24] (net)
                  0.10    0.00    0.51 v _276_/B1 (sky130_fd_sc_hd__a21oi_4)
     1    0.02    0.18    0.20    0.71 ^ _276_/Y (sky130_fd_sc_hd__a21oi_4)
                                         _149_ (net)
                  0.18    0.00    0.71 ^ _278_/B (sky130_fd_sc_hd__nor3_2)
     1    0.02    0.07    0.11    0.82 v _278_/Y (sky130_fd_sc_hd__nor3_2)
                                         _016_ (net)
                  0.07    0.00    0.83 v _354_/D (sky130_fd_sc_hd__dfrtp_4)
                                  0.83   data arrival time

                  0.00    0.00    0.00   clock core_clock (rise edge)
                          0.00    0.00   clock network delay (ideal)
                          0.00    0.00   clock reconvergence pessimism
                                  0.00 ^ _354_/CLK (sky130_fd_sc_hd__dfrtp_4)
                         -0.06   -0.06   library hold time
                                 -0.06   data required time
-----------------------------------------------------------------------------
                                 -0.06   data required time
                                 -0.83   data arrival time
-----------------------------------------------------------------------------
                                  0.89   slack (MET)


Startpoint: _335_ (rising edge-triggered flip-flop clocked by core_clock)
Endpoint: _335_ (rising edge-triggered flip-flop clocked by core_clock)
Path Group: core_clock
Path Type: min

Fanout     Cap    Slew   Delay    Time   Description
-----------------------------------------------------------------------------
                  0.00    0.00    0.00   clock core_clock (rise edge)
                          0.00    0.00   clock network delay (ideal)
                  0.00    0.00    0.00 ^ _335_/CLK (sky130_fd_sc_hd__dfrtp_4)
     3    0.04    0.11    0.52    0.52 v _335_/Q (sky130_fd_sc_hd__dfrtp_4)
                                         one_second_counter[5] (net)
                  0.11    0.00    0.52 v _207_/B1 (sky130_fd_sc_hd__a21oi_1)
     1    0.01    0.18    0.20    0.72 ^ _207_/Y (sky130_fd_sc_hd__a21oi_1)
                                         _099_ (net)
                  0.18    0.00    0.72 ^ _209_/B (sky130_fd_sc_hd__nor3_1)
     1    0.01    0.07    0.11    0.83 v _209_/Y (sky130_fd_sc_hd__nor3_1)
                                         _022_ (net)
                  0.07    0.00    0.83 v _335_/D (sky130_fd_sc_hd__dfrtp_4)
                                  0.83   data arrival time

                  0.00    0.00    0.00   clock core_clock (rise edge)
                          0.00    0.00   clock network delay (ideal)
                          0.00    0.00   clock reconvergence pessimism
                                  0.00 ^ _335_/CLK (sky130_fd_sc_hd__dfrtp_4)
                         -0.06   -0.06   library hold time
                                 -0.06   data required time
-----------------------------------------------------------------------------
                                 -0.06   data required time
                                 -0.83   data arrival time
-----------------------------------------------------------------------------
                                  0.89   slack (MET)


Startpoint: _357_ (rising edge-triggered flip-flop clocked by core_clock)
Endpoint: _359_ (rising edge-triggered flip-flop clocked by core_clock)
Path Group: core_clock
Path Type: min

Fanout     Cap    Slew   Delay    Time   Description
-----------------------------------------------------------------------------
                  0.00    0.00    0.00   clock core_clock (rise edge)
                          0.00    0.00   clock network delay (ideal)
                  0.00    0.00    0.00 ^ _357_/CLK (sky130_fd_sc_hd__dfrtp_4)
     5    0.05    0.17    0.48    0.48 ^ _357_/Q (sky130_fd_sc_hd__dfrtp_4)
                                         one_second_enable (net)
                  0.17    0.01    0.49 ^ _171_/A1 (sky130_fd_sc_hd__a21oi_2)
     1    0.02    0.08    0.12    0.61 v _171_/Y (sky130_fd_sc_hd__a21oi_2)
                                         _071_ (net)
                  0.08    0.00    0.61 v _172_/B (sky130_fd_sc_hd__nor2_2)
     1    0.02    0.22    0.21    0.82 ^ _172_/Y (sky130_fd_sc_hd__nor2_2)
                                         _061_ (net)
                  0.22    0.00    0.82 ^ _359_/D (sky130_fd_sc_hd__dfrtp_4)
                                  0.82   data arrival time

                  0.00    0.00    0.00   clock core_clock (rise edge)
                          0.00    0.00   clock network delay (ideal)
                          0.00    0.00   clock reconvergence pessimism
                                  0.00 ^ _359_/CLK (sky130_fd_sc_hd__dfrtp_4)
                         -0.08   -0.08   library hold time
                                 -0.08   data required time
-----------------------------------------------------------------------------
                                 -0.08   data required time
                                 -0.82   data arrival time
-----------------------------------------------------------------------------
                                  0.90   slack (MET)


Startpoint: _339_ (rising edge-triggered flip-flop clocked by core_clock)
Endpoint: _339_ (rising edge-triggered flip-flop clocked by core_clock)
Path Group: core_clock
Path Type: min

Fanout     Cap    Slew   Delay    Time   Description
-----------------------------------------------------------------------------
                  0.00    0.00    0.00   clock core_clock (rise edge)
                          0.00    0.00   clock network delay (ideal)
                  0.00    0.00    0.00 ^ _339_/CLK (sky130_fd_sc_hd__dfrtp_4)
     3    0.05    0.12    0.53    0.53 v _339_/Q (sky130_fd_sc_hd__dfrtp_4)
                                         one_second_counter[9] (net)
                  0.12    0.00    0.53 v _220_/B1 (sky130_fd_sc_hd__a21oi_4)
     1    0.02    0.18    0.21    0.74 ^ _220_/Y (sky130_fd_sc_hd__a21oi_4)
                                         _108_ (net)
                  0.18    0.00    0.75 ^ _222_/B (sky130_fd_sc_hd__nor3_2)
     1    0.02    0.07    0.11    0.86 v _222_/Y (sky130_fd_sc_hd__nor3_2)
                                         _026_ (net)
                  0.07    0.00    0.86 v _339_/D (sky130_fd_sc_hd__dfrtp_4)
                                  0.86   data arrival time

                  0.00    0.00    0.00   clock core_clock (rise edge)
                          0.00    0.00   clock network delay (ideal)
                          0.00    0.00   clock reconvergence pessimism
                                  0.00 ^ _339_/CLK (sky130_fd_sc_hd__dfrtp_4)
                         -0.06   -0.06   library hold time
                                 -0.06   data required time
-----------------------------------------------------------------------------
                                 -0.06   data required time
                                 -0.86   data arrival time
-----------------------------------------------------------------------------
                                  0.92   slack (MET)


Startpoint: _346_ (rising edge-triggered flip-flop clocked by core_clock)
Endpoint: _348_ (rising edge-triggered flip-flop clocked by core_clock)
Path Group: core_clock
Path Type: min

Fanout     Cap    Slew   Delay    Time   Description
-----------------------------------------------------------------------------
                  0.00    0.00    0.00   clock core_clock (rise edge)
                          0.00    0.00   clock network delay (ideal)
                  0.00    0.00    0.00 ^ _346_/CLK (sky130_fd_sc_hd__dfrtp_4)
     6    0.05    0.17    0.49    0.49 ^ _346_/Q (sky130_fd_sc_hd__dfrtp_4)
                                         one_second_counter[16] (net)
                  0.17    0.01    0.50 ^ _248_/A (sky130_fd_sc_hd__nand2_4)
     3    0.03    0.09    0.12    0.61 v _248_/Y (sky130_fd_sc_hd__nand2_4)
                                         _129_ (net)
                  0.09    0.00    0.62 v _255_/A2 (sky130_fd_sc_hd__o211a_1)
     1    0.02    0.09    0.28    0.89 v _255_/X (sky130_fd_sc_hd__o211a_1)
                                         _009_ (net)
                  0.09    0.00    0.89 v _348_/D (sky130_fd_sc_hd__dfrtp_4)
                                  0.89   data arrival time

                  0.00    0.00    0.00   clock core_clock (rise edge)
                          0.00    0.00   clock network delay (ideal)
                          0.00    0.00   clock reconvergence pessimism
                                  0.00 ^ _348_/CLK (sky130_fd_sc_hd__dfrtp_4)
                         -0.07   -0.07   library hold time
                                 -0.07   data required time
-----------------------------------------------------------------------------
                                 -0.07   data required time
                                 -0.89   data arrival time
-----------------------------------------------------------------------------
                                  0.96   slack (MET)


Startpoint: _355_ (rising edge-triggered flip-flop clocked by core_clock)
Endpoint: _355_ (rising edge-triggered flip-flop clocked by core_clock)
Path Group: core_clock
Path Type: min

Fanout     Cap    Slew   Delay    Time   Description
-----------------------------------------------------------------------------
                  0.00    0.00    0.00   clock core_clock (rise edge)
                          0.00    0.00   clock network delay (ideal)
                  0.00    0.00    0.00 ^ _355_/CLK (sky130_fd_sc_hd__dfrtp_4)
     4    0.04    0.15    0.47    0.47 ^ _355_/Q (sky130_fd_sc_hd__dfrtp_4)
                                         one_second_counter[25] (net)
                  0.15    0.01    0.47 ^ _280_/A (sky130_fd_sc_hd__nand2_1)
     1    0.01    0.07    0.10    0.57 v _280_/Y (sky130_fd_sc_hd__nand2_1)
                                         _152_ (net)
                  0.07    0.00    0.57 v _281_/C (sky130_fd_sc_hd__and3_2)
     1    0.02    0.08    0.27    0.84 v _281_/X (sky130_fd_sc_hd__and3_2)
                                         _153_ (net)
                  0.08    0.00    0.84 v _282_/A (sky130_fd_sc_hd__clkbuf_1)
     1    0.00    0.04    0.11    0.95 v _282_/X (sky130_fd_sc_hd__clkbuf_1)
                                         _017_ (net)
                  0.04    0.00    0.95 v _355_/D (sky130_fd_sc_hd__dfrtp_4)
                                  0.95   data arrival time

                  0.00    0.00    0.00   clock core_clock (rise edge)
                          0.00    0.00   clock network delay (ideal)
                          0.00    0.00   clock reconvergence pessimism
                                  0.00 ^ _355_/CLK (sky130_fd_sc_hd__dfrtp_4)
                         -0.05   -0.05   library hold time
                                 -0.05   data required time
-----------------------------------------------------------------------------
                                 -0.05   data required time
                                 -0.95   data arrival time
-----------------------------------------------------------------------------
                                  1.00   slack (MET)


Startpoint: _331_ (rising edge-triggered flip-flop clocked by core_clock)
Endpoint: _331_ (rising edge-triggered flip-flop clocked by core_clock)
Path Group: core_clock
Path Type: min

Fanout     Cap    Slew   Delay    Time   Description
-----------------------------------------------------------------------------
                  0.00    0.00    0.00   clock core_clock (rise edge)
                          0.00    0.00   clock network delay (ideal)
                  0.00    0.00    0.00 ^ _331_/CLK (sky130_fd_sc_hd__dfrtp_4)
     6    0.06    0.19    0.51    0.51 ^ _331_/Q (sky130_fd_sc_hd__dfrtp_4)
                                         one_second_counter[1] (net)
                  0.19    0.01    0.51 ^ _191_/A (sky130_fd_sc_hd__nand2_2)
     1    0.02    0.09    0.12    0.63 v _191_/Y (sky130_fd_sc_hd__nand2_2)
                                         _087_ (net)
                  0.09    0.00    0.63 v _193_/A (sky130_fd_sc_hd__and3_1)
     1    0.01    0.06    0.18    0.82 v _193_/X (sky130_fd_sc_hd__and3_1)
                                         _089_ (net)
                  0.06    0.00    0.82 v _194_/A (sky130_fd_sc_hd__buf_1)
     1    0.01    0.08    0.14    0.95 v _194_/X (sky130_fd_sc_hd__buf_1)
                                         _011_ (net)
                  0.08    0.00    0.96 v _331_/D (sky130_fd_sc_hd__dfrtp_4)
                                  0.96   data arrival time

                  0.00    0.00    0.00   clock core_clock (rise edge)
                          0.00    0.00   clock network delay (ideal)
                          0.00    0.00   clock reconvergence pessimism
                                  0.00 ^ _331_/CLK (sky130_fd_sc_hd__dfrtp_4)
                         -0.07   -0.07   library hold time
                                 -0.07   data required time
-----------------------------------------------------------------------------
                                 -0.07   data required time
                                 -0.96   data arrival time
-----------------------------------------------------------------------------
                                  1.02   slack (MET)


Startpoint: _352_ (rising edge-triggered flip-flop clocked by core_clock)
Endpoint: _352_ (rising edge-triggered flip-flop clocked by core_clock)
Path Group: core_clock
Path Type: min

Fanout     Cap    Slew   Delay    Time   Description
-----------------------------------------------------------------------------
                  0.00    0.00    0.00   clock core_clock (rise edge)
                          0.00    0.00   clock network delay (ideal)
                  0.00    0.00    0.00 ^ _352_/CLK (sky130_fd_sc_hd__dfrtp_4)
     3    0.05    0.16    0.48    0.48 ^ _352_/Q (sky130_fd_sc_hd__dfrtp_4)
                                         one_second_counter[22] (net)
                  0.16    0.01    0.48 ^ _270_/A (sky130_fd_sc_hd__nand2_4)
     2    0.04    0.11    0.13    0.61 v _270_/Y (sky130_fd_sc_hd__nand2_4)
                                         _145_ (net)
                  0.11    0.00    0.61 v _271_/C (sky130_fd_sc_hd__and3_1)
     1    0.01    0.08    0.25    0.87 v _271_/X (sky130_fd_sc_hd__and3_1)
                                         _146_ (net)
                  0.08    0.00    0.87 v _272_/A (sky130_fd_sc_hd__clkbuf_1)
     1    0.00    0.04    0.11    0.98 v _272_/X (sky130_fd_sc_hd__clkbuf_1)
                                         _014_ (net)
                  0.04    0.00    0.98 v _352_/D (sky130_fd_sc_hd__dfrtp_4)
                                  0.98   data arrival time

                  0.00    0.00    0.00   clock core_clock (rise edge)
                          0.00    0.00   clock network delay (ideal)
                          0.00    0.00   clock reconvergence pessimism
                                  0.00 ^ _352_/CLK (sky130_fd_sc_hd__dfrtp_4)
                         -0.05   -0.05   library hold time
                                 -0.05   data required time
-----------------------------------------------------------------------------
                                 -0.05   data required time
                                 -0.98   data arrival time
-----------------------------------------------------------------------------
                                  1.03   slack (MET)


Startpoint: _333_ (rising edge-triggered flip-flop clocked by core_clock)
Endpoint: _333_ (rising edge-triggered flip-flop clocked by core_clock)
Path Group: core_clock
Path Type: min

Fanout     Cap    Slew   Delay    Time   Description
-----------------------------------------------------------------------------
                  0.00    0.00    0.00   clock core_clock (rise edge)
                          0.00    0.00   clock network delay (ideal)
                  0.00    0.00    0.00 ^ _333_/CLK (sky130_fd_sc_hd__dfrtp_4)
     2    0.03    0.12    0.44    0.44 ^ _333_/Q (sky130_fd_sc_hd__dfrtp_4)
                                         one_second_counter[3] (net)
                  0.12    0.00    0.45 ^ _199_/B1 (sky130_fd_sc_hd__a31o_1)
     1    0.01    0.09    0.15    0.59 ^ _199_/X (sky130_fd_sc_hd__a31o_1)
                                         _093_ (net)
                  0.09    0.00    0.59 ^ _200_/C (sky130_fd_sc_hd__and3b_1)
     1    0.01    0.10    0.21    0.80 ^ _200_/X (sky130_fd_sc_hd__and3b_1)
                                         _094_ (net)
                  0.10    0.00    0.80 ^ _201_/A (sky130_fd_sc_hd__buf_2)
     1    0.03    0.14    0.20    1.00 ^ _201_/X (sky130_fd_sc_hd__buf_2)
                                         _020_ (net)
                  0.14    0.00    1.01 ^ _333_/D (sky130_fd_sc_hd__dfrtp_4)
                                  1.01   data arrival time

                  0.00    0.00    0.00   clock core_clock (rise edge)
                          0.00    0.00   clock network delay (ideal)
                          0.00    0.00   clock reconvergence pessimism
                                  0.00 ^ _333_/CLK (sky130_fd_sc_hd__dfrtp_4)
                         -0.06   -0.06   library hold time
                                 -0.06   data required time
-----------------------------------------------------------------------------
                                 -0.06   data required time
                                 -1.01   data arrival time
-----------------------------------------------------------------------------
                                  1.07   slack (MET)


Startpoint: _350_ (rising edge-triggered flip-flop clocked by core_clock)
Endpoint: _350_ (rising edge-triggered flip-flop clocked by core_clock)
Path Group: core_clock
Path Type: min

Fanout     Cap    Slew   Delay    Time   Description
-----------------------------------------------------------------------------
                  0.00    0.00    0.00   clock core_clock (rise edge)
                          0.00    0.00   clock network delay (ideal)
                  0.00    0.00    0.00 ^ _350_/CLK (sky130_fd_sc_hd__dfrtp_4)
     4    0.03    0.13    0.45    0.45 ^ _350_/Q (sky130_fd_sc_hd__dfrtp_4)
                                         one_second_counter[20] (net)
                  0.13    0.00    0.45 ^ _263_/A (sky130_fd_sc_hd__nand2_2)
     2    0.02    0.09    0.11    0.56 v _263_/Y (sky130_fd_sc_hd__nand2_2)
                                         _140_ (net)
                  0.09    0.00    0.56 v _264_/C (sky130_fd_sc_hd__and3_2)
     1    0.03    0.09    0.29    0.85 v _264_/X (sky130_fd_sc_hd__and3_2)
                                         _141_ (net)
                  0.09    0.00    0.85 v _265_/A (sky130_fd_sc_hd__buf_1)
     1    0.01    0.09    0.16    1.01 v _265_/X (sky130_fd_sc_hd__buf_1)
                                         _012_ (net)
                  0.09    0.00    1.01 v _350_/D (sky130_fd_sc_hd__dfrtp_4)
                                  1.01   data arrival time

                  0.00    0.00    0.00   clock core_clock (rise edge)
                          0.00    0.00   clock network delay (ideal)
                          0.00    0.00   clock reconvergence pessimism
                                  0.00 ^ _350_/CLK (sky130_fd_sc_hd__dfrtp_4)
                         -0.07   -0.07   library hold time
                                 -0.07   data required time
-----------------------------------------------------------------------------
                                 -0.07   data required time
                                 -1.01   data arrival time
-----------------------------------------------------------------------------
                                  1.08   slack (MET)


Startpoint: _336_ (rising edge-triggered flip-flop clocked by core_clock)
Endpoint: _336_ (rising edge-triggered flip-flop clocked by core_clock)
Path Group: core_clock
Path Type: min

Fanout     Cap    Slew   Delay    Time   Description
-----------------------------------------------------------------------------
                  0.00    0.00    0.00   clock core_clock (rise edge)
                          0.00    0.00   clock network delay (ideal)
                  0.00    0.00    0.00 ^ _336_/CLK (sky130_fd_sc_hd__dfrtp_4)
     3    0.04    0.14    0.46    0.46 ^ _336_/Q (sky130_fd_sc_hd__dfrtp_4)
                                         one_second_counter[6] (net)
                  0.14    0.00    0.46 ^ _211_/A (sky130_fd_sc_hd__nand2_4)
     2    0.03    0.09    0.11    0.57 v _211_/Y (sky130_fd_sc_hd__nand2_4)
                                         _102_ (net)
                  0.09    0.01    0.57 v _212_/C (sky130_fd_sc_hd__and3_2)
     1    0.02    0.08    0.28    0.86 v _212_/X (sky130_fd_sc_hd__and3_2)
                                         _103_ (net)
                  0.08    0.00    0.86 v _213_/A (sky130_fd_sc_hd__clkbuf_2)
     1    0.02    0.08    0.16    1.02 v _213_/X (sky130_fd_sc_hd__clkbuf_2)
                                         _023_ (net)
                  0.08    0.00    1.02 v _336_/D (sky130_fd_sc_hd__dfrtp_4)
                                  1.02   data arrival time

                  0.00    0.00    0.00   clock core_clock (rise edge)
                          0.00    0.00   clock network delay (ideal)
                          0.00    0.00   clock reconvergence pessimism
                                  0.00 ^ _336_/CLK (sky130_fd_sc_hd__dfrtp_4)
                         -0.06   -0.06   library hold time
                                 -0.06   data required time
-----------------------------------------------------------------------------
                                 -0.06   data required time
                                 -1.02   data arrival time
-----------------------------------------------------------------------------
                                  1.09   slack (MET)


Startpoint: _338_ (rising edge-triggered flip-flop clocked by core_clock)
Endpoint: _338_ (rising edge-triggered flip-flop clocked by core_clock)
Path Group: core_clock
Path Type: min

Fanout     Cap    Slew   Delay    Time   Description
-----------------------------------------------------------------------------
                  0.00    0.00    0.00   clock core_clock (rise edge)
                          0.00    0.00   clock network delay (ideal)
                  0.00    0.00    0.00 ^ _338_/CLK (sky130_fd_sc_hd__dfrtp_4)
     5    0.06    0.18    0.50    0.50 ^ _338_/Q (sky130_fd_sc_hd__dfrtp_4)
                                         one_second_counter[8] (net)
                  0.18    0.00    0.50 ^ _217_/A (sky130_fd_sc_hd__nand2_2)
     1    0.02    0.10    0.12    0.63 v _217_/Y (sky130_fd_sc_hd__nand2_2)
                                         _106_ (net)
                  0.10    0.00    0.63 v _218_/C (sky130_fd_sc_hd__and3_2)
     1    0.03    0.09    0.29    0.92 v _218_/X (sky130_fd_sc_hd__and3_2)
                                         _107_ (net)
                  0.09    0.00    0.92 v _219_/A (sky130_fd_sc_hd__buf_1)
     1    0.01    0.04    0.12    1.04 v _219_/X (sky130_fd_sc_hd__buf_1)
                                         _025_ (net)
                  0.04    0.00    1.04 v _338_/D (sky130_fd_sc_hd__dfrtp_4)
                                  1.04   data arrival time

                  0.00    0.00    0.00   clock core_clock (rise edge)
                          0.00    0.00   clock network delay (ideal)
                          0.00    0.00   clock reconvergence pessimism
                                  0.00 ^ _338_/CLK (sky130_fd_sc_hd__dfrtp_4)
                         -0.05   -0.05   library hold time
                                 -0.05   data required time
-----------------------------------------------------------------------------
                                 -0.05   data required time
                                 -1.04   data arrival time
-----------------------------------------------------------------------------
                                  1.10   slack (MET)


Startpoint: _332_ (rising edge-triggered flip-flop clocked by core_clock)
Endpoint: _332_ (rising edge-triggered flip-flop clocked by core_clock)
Path Group: core_clock
Path Type: min

Fanout     Cap    Slew   Delay    Time   Description
-----------------------------------------------------------------------------
                  0.00    0.00    0.00   clock core_clock (rise edge)
                          0.00    0.00   clock network delay (ideal)
                  0.00    0.00    0.00 ^ _332_/CLK (sky130_fd_sc_hd__dfrtp_4)
     4    0.04    0.15    0.47    0.47 ^ _332_/Q (sky130_fd_sc_hd__dfrtp_4)
                                         one_second_counter[2] (net)
                  0.15    0.01    0.48 ^ _195_/A (sky130_fd_sc_hd__nand3_2)
     1    0.02    0.13    0.14    0.62 v _195_/Y (sky130_fd_sc_hd__nand3_2)
                                         _090_ (net)
                  0.13    0.00    0.62 v _197_/A (sky130_fd_sc_hd__and3_2)
     1    0.03    0.10    0.28    0.90 v _197_/X (sky130_fd_sc_hd__and3_2)
                                         _092_ (net)
                  0.10    0.01    0.91 v _198_/A (sky130_fd_sc_hd__buf_1)
     1    0.01    0.05    0.13    1.04 v _198_/X (sky130_fd_sc_hd__buf_1)
                                         _019_ (net)
                  0.05    0.00    1.04 v _332_/D (sky130_fd_sc_hd__dfrtp_4)
                                  1.04   data arrival time

                  0.00    0.00    0.00   clock core_clock (rise edge)
                          0.00    0.00   clock network delay (ideal)
                          0.00    0.00   clock reconvergence pessimism
                                  0.00 ^ _332_/CLK (sky130_fd_sc_hd__dfrtp_4)
                         -0.06   -0.06   library hold time
                                 -0.06   data required time
-----------------------------------------------------------------------------
                                 -0.06   data required time
                                 -1.04   data arrival time
-----------------------------------------------------------------------------
                                  1.10   slack (MET)


Startpoint: _360_ (rising edge-triggered flip-flop clocked by core_clock)
Endpoint: _360_ (rising edge-triggered flip-flop clocked by core_clock)
Path Group: core_clock
Path Type: min

Fanout     Cap    Slew   Delay    Time   Description
-----------------------------------------------------------------------------
                  0.00    0.00    0.00   clock core_clock (rise edge)
                          0.00    0.00   clock network delay (ideal)
                  0.00    0.00    0.00 ^ _360_/CLK (sky130_fd_sc_hd__dfrtp_4)
     6    0.07    0.22    0.53    0.53 ^ _360_/Q (sky130_fd_sc_hd__dfrtp_4)
                                         decoder.digit[2] (net)
                  0.22    0.00    0.54 ^ _163_/A (sky130_fd_sc_hd__nand2_4)
     2    0.04    0.11    0.15    0.68 v _163_/Y (sky130_fd_sc_hd__nand2_4)
                                         _065_ (net)
                  0.11    0.00    0.69 v _169_/A (sky130_fd_sc_hd__and2_1)
     1    0.01    0.06    0.19    0.87 v _169_/X (sky130_fd_sc_hd__and2_1)
                                         _070_ (net)
                  0.06    0.00    0.88 v _170_/A (sky130_fd_sc_hd__clkbuf_2)
     1    0.02    0.09    0.16    1.04 v _170_/X (sky130_fd_sc_hd__clkbuf_2)
                                         _062_ (net)
                  0.09    0.00    1.04 v _360_/D (sky130_fd_sc_hd__dfrtp_4)
                                  1.04   data arrival time

                  0.00    0.00    0.00   clock core_clock (rise edge)
                          0.00    0.00   clock network delay (ideal)
                          0.00    0.00   clock reconvergence pessimism
                                  0.00 ^ _360_/CLK (sky130_fd_sc_hd__dfrtp_4)
                         -0.07   -0.07   library hold time
                                 -0.07   data required time
-----------------------------------------------------------------------------
                                 -0.07   data required time
                                 -1.04   data arrival time
-----------------------------------------------------------------------------
                                  1.11   slack (MET)


Startpoint: _342_ (rising edge-triggered flip-flop clocked by core_clock)
Endpoint: _343_ (rising edge-triggered flip-flop clocked by core_clock)
Path Group: core_clock
Path Type: min

Fanout     Cap    Slew   Delay    Time   Description
-----------------------------------------------------------------------------
                  0.00    0.00    0.00   clock core_clock (rise edge)
                          0.00    0.00   clock network delay (ideal)
                  0.00    0.00    0.00 ^ _342_/CLK (sky130_fd_sc_hd__dfrtp_4)
     5    0.05    0.16    0.48    0.48 ^ _342_/Q (sky130_fd_sc_hd__dfrtp_4)
                                         one_second_counter[12] (net)
                  0.16    0.00    0.49 ^ _235_/A (sky130_fd_sc_hd__nand3_4)
     3    0.03    0.11    0.13    0.62 v _235_/Y (sky130_fd_sc_hd__nand3_4)
                                         _119_ (net)
                  0.11    0.00    0.62 v _236_/C (sky130_fd_sc_hd__and3_2)
     1    0.03    0.10    0.30    0.92 v _236_/X (sky130_fd_sc_hd__and3_2)
                                         _120_ (net)
                  0.10    0.01    0.93 v _237_/A (sky130_fd_sc_hd__buf_1)
     1    0.01    0.07    0.15    1.08 v _237_/X (sky130_fd_sc_hd__buf_1)
                                         _004_ (net)
                  0.07    0.00    1.08 v _343_/D (sky130_fd_sc_hd__dfrtp_4)
                                  1.08   data arrival time

                  0.00    0.00    0.00   clock core_clock (rise edge)
                          0.00    0.00   clock network delay (ideal)
                          0.00    0.00   clock reconvergence pessimism
                                  0.00 ^ _343_/CLK (sky130_fd_sc_hd__dfrtp_4)
                         -0.06   -0.06   library hold time
                                 -0.06   data required time
-----------------------------------------------------------------------------
                                 -0.06   data required time
                                 -1.08   data arrival time
-----------------------------------------------------------------------------
                                  1.14   slack (MET)


Startpoint: _334_ (rising edge-triggered flip-flop clocked by core_clock)
Endpoint: _334_ (rising edge-triggered flip-flop clocked by core_clock)
Path Group: core_clock
Path Type: min

Fanout     Cap    Slew   Delay    Time   Description
-----------------------------------------------------------------------------
                  0.00    0.00    0.00   clock core_clock (rise edge)
                          0.00    0.00   clock network delay (ideal)
                  0.00    0.00    0.00 ^ _334_/CLK (sky130_fd_sc_hd__dfrtp_4)
     5    0.06    0.18    0.50    0.50 ^ _334_/Q (sky130_fd_sc_hd__dfrtp_4)
                                         one_second_counter[4] (net)
                  0.18    0.01    0.50 ^ _203_/A (sky130_fd_sc_hd__nand2_2)
     1    0.03    0.12    0.14    0.64 v _203_/Y (sky130_fd_sc_hd__nand2_2)
                                         _096_ (net)
                  0.12    0.00    0.65 v _205_/B (sky130_fd_sc_hd__and3_1)
     1    0.01    0.08    0.24    0.89 v _205_/X (sky130_fd_sc_hd__and3_1)
                                         _098_ (net)
                  0.08    0.00    0.89 v _206_/A (sky130_fd_sc_hd__dlymetal6s2s_1)
     1    0.02    0.09    0.20    1.09 v _206_/X (sky130_fd_sc_hd__dlymetal6s2s_1)
                                         _021_ (net)
                  0.09    0.00    1.09 v _334_/D (sky130_fd_sc_hd__dfrtp_4)
                                  1.09   data arrival time

                  0.00    0.00    0.00   clock core_clock (rise edge)
                          0.00    0.00   clock network delay (ideal)
                          0.00    0.00   clock reconvergence pessimism
                                  0.00 ^ _334_/CLK (sky130_fd_sc_hd__dfrtp_4)
                         -0.07   -0.07   library hold time
                                 -0.07   data required time
-----------------------------------------------------------------------------
                                 -0.07   data required time
                                 -1.09   data arrival time
-----------------------------------------------------------------------------
                                  1.16   slack (MET)


Startpoint: _342_ (rising edge-triggered flip-flop clocked by core_clock)
Endpoint: _342_ (rising edge-triggered flip-flop clocked by core_clock)
Path Group: core_clock
Path Type: min

Fanout     Cap    Slew   Delay    Time   Description
-----------------------------------------------------------------------------
                  0.00    0.00    0.00   clock core_clock (rise edge)
                          0.00    0.00   clock network delay (ideal)
                  0.00    0.00    0.00 ^ _342_/CLK (sky130_fd_sc_hd__dfrtp_4)
     5    0.05    0.16    0.48    0.48 ^ _342_/Q (sky130_fd_sc_hd__dfrtp_4)
                                         one_second_counter[12] (net)
                  0.16    0.00    0.48 ^ _231_/A (sky130_fd_sc_hd__nand2_1)
     1    0.02    0.12    0.15    0.63 v _231_/Y (sky130_fd_sc_hd__nand2_1)
                                         _116_ (net)
                  0.12    0.00    0.63 v _232_/C (sky130_fd_sc_hd__and3_2)
     1    0.03    0.09    0.31    0.94 v _232_/X (sky130_fd_sc_hd__and3_2)
                                         _117_ (net)
                  0.09    0.00    0.94 v _233_/A (sky130_fd_sc_hd__buf_1)
     1    0.01    0.08    0.15    1.09 v _233_/X (sky130_fd_sc_hd__buf_1)
                                         _003_ (net)
                  0.08    0.00    1.09 v _342_/D (sky130_fd_sc_hd__dfrtp_4)
                                  1.09   data arrival time

                  0.00    0.00    0.00   clock core_clock (rise edge)
                          0.00    0.00   clock network delay (ideal)
                          0.00    0.00   clock reconvergence pessimism
                                  0.00 ^ _342_/CLK (sky130_fd_sc_hd__dfrtp_4)
                         -0.07   -0.07   library hold time
                                 -0.07   data required time
-----------------------------------------------------------------------------
                                 -0.07   data required time
                                 -1.09   data arrival time
-----------------------------------------------------------------------------
                                  1.16   slack (MET)


Startpoint: _356_ (rising edge-triggered flip-flop clocked by core_clock)
Endpoint: _357_ (rising edge-triggered flip-flop clocked by core_clock)
Path Group: core_clock
Path Type: min

Fanout     Cap    Slew   Delay    Time   Description
-----------------------------------------------------------------------------
                  0.00    0.00    0.00   clock core_clock (rise edge)
                          0.00    0.00   clock network delay (ideal)
                  0.00    0.00    0.00 ^ _356_/CLK (sky130_fd_sc_hd__dfrtp_2)
     2    0.02    0.08    0.42    0.42 v _356_/Q (sky130_fd_sc_hd__dfrtp_2)
                                         one_second_counter[26] (net)
                  0.08    0.00    0.42 v _187_/B1_N (sky130_fd_sc_hd__a21bo_4)
     9    0.08    0.25    0.34    0.76 ^ _187_/X (sky130_fd_sc_hd__a21bo_4)
                                         _085_ (net)
                  0.25    0.01    0.77 ^ _188_/A (sky130_fd_sc_hd__inv_2)
     2    0.03    0.11    0.14    0.90 v _188_/Y (sky130_fd_sc_hd__inv_2)
                                         _086_ (net)
                  0.11    0.00    0.90 v _189_/A (sky130_fd_sc_hd__buf_8)
    10    0.10    0.08    0.20    1.10 v _189_/X (sky130_fd_sc_hd__buf_8)
                                         _027_ (net)
                  0.08    0.00    1.10 v _357_/D (sky130_fd_sc_hd__dfrtp_4)
                                  1.10   data arrival time

                  0.00    0.00    0.00   clock core_clock (rise edge)
                          0.00    0.00   clock network delay (ideal)
                          0.00    0.00   clock reconvergence pessimism
                                  0.00 ^ _357_/CLK (sky130_fd_sc_hd__dfrtp_4)
                         -0.07   -0.07   library hold time
                                 -0.07   data required time
-----------------------------------------------------------------------------
                                 -0.07   data required time
                                 -1.10   data arrival time
-----------------------------------------------------------------------------
                                  1.17   slack (MET)


Startpoint: _346_ (rising edge-triggered flip-flop clocked by core_clock)
Endpoint: _346_ (rising edge-triggered flip-flop clocked by core_clock)
Path Group: core_clock
Path Type: min

Fanout     Cap    Slew   Delay    Time   Description
-----------------------------------------------------------------------------
                  0.00    0.00    0.00   clock core_clock (rise edge)
                          0.00    0.00   clock network delay (ideal)
                  0.00    0.00    0.00 ^ _346_/CLK (sky130_fd_sc_hd__dfrtp_4)
     6    0.05    0.17    0.49    0.49 ^ _346_/Q (sky130_fd_sc_hd__dfrtp_4)
                                         one_second_counter[16] (net)
                  0.17    0.01    0.50 ^ _248_/A (sky130_fd_sc_hd__nand2_4)
     3    0.03    0.09    0.12    0.61 v _248_/Y (sky130_fd_sc_hd__nand2_4)
                                         _129_ (net)
                  0.09    0.00    0.62 v _249_/C (sky130_fd_sc_hd__and3_2)
     1    0.03    0.09    0.29    0.91 v _249_/X (sky130_fd_sc_hd__and3_2)
                                         _130_ (net)
                  0.09    0.00    0.91 v _250_/A (sky130_fd_sc_hd__buf_2)
     1    0.03    0.09    0.20    1.11 v _250_/X (sky130_fd_sc_hd__buf_2)
                                         _007_ (net)
                  0.09    0.01    1.11 v _346_/D (sky130_fd_sc_hd__dfrtp_4)
                                  1.11   data arrival time

                  0.00    0.00    0.00   clock core_clock (rise edge)
                          0.00    0.00   clock network delay (ideal)
                          0.00    0.00   clock reconvergence pessimism
                                  0.00 ^ _346_/CLK (sky130_fd_sc_hd__dfrtp_4)
                         -0.07   -0.07   library hold time
                                 -0.07   data required time
-----------------------------------------------------------------------------
                                 -0.07   data required time
                                 -1.11   data arrival time
-----------------------------------------------------------------------------
                                  1.18   slack (MET)


Startpoint: _344_ (rising edge-triggered flip-flop clocked by core_clock)
Endpoint: _344_ (rising edge-triggered flip-flop clocked by core_clock)
Path Group: core_clock
Path Type: min

Fanout     Cap    Slew   Delay    Time   Description
-----------------------------------------------------------------------------
                  0.00    0.00    0.00   clock core_clock (rise edge)
                          0.00    0.00   clock network delay (ideal)
                  0.00    0.00    0.00 ^ _344_/CLK (sky130_fd_sc_hd__dfrtp_4)
     3    0.03    0.12    0.45    0.45 ^ _344_/Q (sky130_fd_sc_hd__dfrtp_4)
                                         one_second_counter[14] (net)
                  0.12    0.00    0.45 ^ _238_/A (sky130_fd_sc_hd__inv_2)
     2    0.03    0.08    0.10    0.55 v _238_/Y (sky130_fd_sc_hd__inv_2)
                                         _121_ (net)
                  0.08    0.00    0.55 v _239_/A (sky130_fd_sc_hd__nand2_2)
     1    0.02    0.10    0.12    0.67 ^ _239_/Y (sky130_fd_sc_hd__nand2_2)
                                         _122_ (net)
                  0.10    0.00    0.67 ^ _241_/B (sky130_fd_sc_hd__and3_2)
     1    0.02    0.13    0.26    0.93 ^ _241_/X (sky130_fd_sc_hd__and3_2)
                                         _124_ (net)
                  0.13    0.00    0.94 ^ _242_/A (sky130_fd_sc_hd__clkbuf_2)
     1    0.02    0.13    0.20    1.13 ^ _242_/X (sky130_fd_sc_hd__clkbuf_2)
                                         _005_ (net)
                  0.13    0.00    1.13 ^ _344_/D (sky130_fd_sc_hd__dfrtp_4)
                                  1.13   data arrival time

                  0.00    0.00    0.00   clock core_clock (rise edge)
                          0.00    0.00   clock network delay (ideal)
                          0.00    0.00   clock reconvergence pessimism
                                  0.00 ^ _344_/CLK (sky130_fd_sc_hd__dfrtp_4)
                         -0.06   -0.06   library hold time
                                 -0.06   data required time
-----------------------------------------------------------------------------
                                 -0.06   data required time
                                 -1.13   data arrival time
-----------------------------------------------------------------------------
                                  1.19   slack (MET)


Startpoint: _349_ (rising edge-triggered flip-flop clocked by core_clock)
Endpoint: _349_ (rising edge-triggered flip-flop clocked by core_clock)
Path Group: core_clock
Path Type: min

Fanout     Cap    Slew   Delay    Time   Description
-----------------------------------------------------------------------------
                  0.00    0.00    0.00   clock core_clock (rise edge)
                          0.00    0.00   clock network delay (ideal)
                  0.00    0.00    0.00 ^ _349_/CLK (sky130_fd_sc_hd__dfrtp_4)
     4    0.05    0.16    0.47    0.47 ^ _349_/Q (sky130_fd_sc_hd__dfrtp_4)
                                         one_second_counter[19] (net)
                  0.16    0.01    0.48 ^ _256_/B1 (sky130_fd_sc_hd__a41o_2)
     1    0.02    0.12    0.19    0.67 ^ _256_/X (sky130_fd_sc_hd__a41o_2)
                                         _134_ (net)
                  0.12    0.00    0.67 ^ _260_/B (sky130_fd_sc_hd__and3_2)
     1    0.02    0.13    0.26    0.94 ^ _260_/X (sky130_fd_sc_hd__and3_2)
                                         _138_ (net)
                  0.13    0.00    0.94 ^ _261_/A (sky130_fd_sc_hd__buf_1)
     1    0.01    0.16    0.19    1.13 ^ _261_/X (sky130_fd_sc_hd__buf_1)
                                         _010_ (net)
                  0.16    0.00    1.13 ^ _349_/D (sky130_fd_sc_hd__dfrtp_4)
                                  1.13   data arrival time

                  0.00    0.00    0.00   clock core_clock (rise edge)
                          0.00    0.00   clock network delay (ideal)
                          0.00    0.00   clock reconvergence pessimism
                                  0.00 ^ _349_/CLK (sky130_fd_sc_hd__dfrtp_4)
                         -0.07   -0.07   library hold time
                                 -0.07   data required time
-----------------------------------------------------------------------------
                                 -0.07   data required time
                                 -1.13   data arrival time
-----------------------------------------------------------------------------
                                  1.19   slack (MET)


Startpoint: _340_ (rising edge-triggered flip-flop clocked by core_clock)
Endpoint: _340_ (rising edge-triggered flip-flop clocked by core_clock)
Path Group: core_clock
Path Type: min

Fanout     Cap    Slew   Delay    Time   Description
-----------------------------------------------------------------------------
                  0.00    0.00    0.00   clock core_clock (rise edge)
                          0.00    0.00   clock network delay (ideal)
                  0.00    0.00    0.00 ^ _340_/CLK (sky130_fd_sc_hd__dfrtp_4)
     6    0.05    0.16    0.48    0.48 ^ _340_/Q (sky130_fd_sc_hd__dfrtp_4)
                                         one_second_counter[10] (net)
                  0.16    0.00    0.48 ^ _224_/A (sky130_fd_sc_hd__nand2_1)
     1    0.02    0.12    0.15    0.63 v _224_/Y (sky130_fd_sc_hd__nand2_1)
                                         _111_ (net)
                  0.12    0.00    0.63 v _225_/C (sky130_fd_sc_hd__and3_2)
     1    0.02    0.08    0.29    0.93 v _225_/X (sky130_fd_sc_hd__and3_2)
                                         _112_ (net)
                  0.08    0.00    0.93 v _226_/A (sky130_fd_sc_hd__dlymetal6s2s_1)
     1    0.02    0.09    0.20    1.13 v _226_/X (sky130_fd_sc_hd__dlymetal6s2s_1)
                                         _001_ (net)
                  0.09    0.00    1.13 v _340_/D (sky130_fd_sc_hd__dfrtp_4)
                                  1.13   data arrival time

                  0.00    0.00    0.00   clock core_clock (rise edge)
                          0.00    0.00   clock network delay (ideal)
                          0.00    0.00   clock reconvergence pessimism
                                  0.00 ^ _340_/CLK (sky130_fd_sc_hd__dfrtp_4)
                         -0.07   -0.07   library hold time
                                 -0.07   data required time
-----------------------------------------------------------------------------
                                 -0.07   data required time
                                 -1.13   data arrival time
-----------------------------------------------------------------------------
                                  1.20   slack (MET)



worst slack corner Typical: 0.6468
