
===========================================================================
report_checks -unconstrained
===========================================================================
======================= Fastest Corner ===================================

Startpoint: _334_ (rising edge-triggered flip-flop clocked by core_clock)
Endpoint: _354_ (rising edge-triggered flip-flop clocked by core_clock)
Path Group: core_clock
Path Type: max
Corner: Fastest

Fanout     Cap    Slew   Delay    Time   Description
-----------------------------------------------------------------------------
                          0.00    0.00   clock core_clock (rise edge)
                          0.00    0.00   clock source latency
     1    0.02    0.00    0.00    0.00 ^ clk (in)
                                         clk (net)
                  0.00    0.00    0.00 ^ clkbuf_0_clk/A (sky130_fd_sc_hd__clkbuf_16)
     4    0.07    0.07    0.11    0.11 ^ clkbuf_0_clk/X (sky130_fd_sc_hd__clkbuf_16)
                                         clknet_0_clk (net)
                  0.07    0.01    0.11 ^ clkbuf_2_3__f_clk/A (sky130_fd_sc_hd__clkbuf_16)
    10    0.07    0.06    0.12    0.23 ^ clkbuf_2_3__f_clk/X (sky130_fd_sc_hd__clkbuf_16)
                                         clknet_2_3__leaf_clk (net)
                  0.07    0.00    0.24 ^ _334_/CLK (sky130_fd_sc_hd__dfrtp_4)
     8    0.11    0.13    0.39    0.63 v _334_/Q (sky130_fd_sc_hd__dfrtp_4)
                                         one_second_counter[4] (net)
                  0.14    0.02    0.65 v _178_/D (sky130_fd_sc_hd__and4_2)
     2    0.04    0.09    0.25    0.90 v _178_/X (sky130_fd_sc_hd__and4_2)
                                         _076_ (net)
                  0.09    0.01    0.91 v _179_/B (sky130_fd_sc_hd__and2_4)
     5    0.13    0.12    0.21    1.11 v _179_/X (sky130_fd_sc_hd__and2_4)
                                         _077_ (net)
                  0.12    0.02    1.13 v _184_/A2 (sky130_fd_sc_hd__o31a_2)
     1    0.03    0.09    0.29    1.42 v _184_/X (sky130_fd_sc_hd__o31a_2)
                                         _082_ (net)
                  0.09    0.01    1.42 v _186_/A2 (sky130_fd_sc_hd__o211ai_4)
     2    0.05    0.29    0.27    1.69 ^ _186_/Y (sky130_fd_sc_hd__o211ai_4)
                                         _084_ (net)
                  0.29    0.01    1.69 ^ _187_/A2 (sky130_fd_sc_hd__a21bo_4)
    11    0.15    0.37    0.31    2.01 ^ _187_/X (sky130_fd_sc_hd__a21bo_4)
                                         _085_ (net)
                  0.37    0.03    2.04 ^ _188_/A (sky130_fd_sc_hd__inv_2)
     2    0.04    0.14    0.10    2.14 v _188_/Y (sky130_fd_sc_hd__inv_2)
                                         _086_ (net)
                  0.14    0.00    2.15 v _189_/A (sky130_fd_sc_hd__buf_8)
    10    0.16    0.09    0.16    2.31 v _189_/X (sky130_fd_sc_hd__buf_8)
                                         _027_ (net)
                  0.11    0.03    2.34 v _278_/A (sky130_fd_sc_hd__nor3_2)
     2    0.05    0.56    0.48    2.82 ^ _278_/Y (sky130_fd_sc_hd__nor3_2)
                                         _016_ (net)
                  0.56    0.01    2.83 ^ _354_/D (sky130_fd_sc_hd__dfrtp_4)
                                  2.83   data arrival time

                         10.00   10.00   clock core_clock (rise edge)
                          0.00   10.00   clock source latency
     1    0.02    0.00    0.00   10.00 ^ clk (in)
                                         clk (net)
                  0.00    0.00   10.00 ^ clkbuf_0_clk/A (sky130_fd_sc_hd__clkbuf_16)
     4    0.07    0.07    0.11   10.11 ^ clkbuf_0_clk/X (sky130_fd_sc_hd__clkbuf_16)
                                         clknet_0_clk (net)
                  0.07    0.01   10.11 ^ clkbuf_2_2__f_clk/A (sky130_fd_sc_hd__clkbuf_16)
     7    0.06    0.06    0.12   10.23 ^ clkbuf_2_2__f_clk/X (sky130_fd_sc_hd__clkbuf_16)
                                         clknet_2_2__leaf_clk (net)
                  0.06    0.01   10.23 ^ _354_/CLK (sky130_fd_sc_hd__dfrtp_4)
                          0.00   10.23   clock reconvergence pessimism
                         -0.08   10.15   library setup time
                                 10.15   data required time
-----------------------------------------------------------------------------
                                 10.15   data required time
                                 -2.83   data arrival time
-----------------------------------------------------------------------------
                                  7.32   slack (MET)



======================= Slowest Corner ===================================

Startpoint: _343_ (rising edge-triggered flip-flop clocked by core_clock)
Endpoint: _346_ (rising edge-triggered flip-flop clocked by core_clock)
Path Group: core_clock
Path Type: max
Corner: Slowest

Fanout     Cap    Slew   Delay    Time   Description
-----------------------------------------------------------------------------
                          0.00    0.00   clock core_clock (rise edge)
                          0.00    0.00   clock source latency
     1    0.02    0.00    0.00    0.00 ^ clk (in)
                                         clk (net)
                  0.00    0.00    0.00 ^ clkbuf_0_clk/A (sky130_fd_sc_hd__clkbuf_16)
     4    0.07    0.14    0.26    0.26 ^ clkbuf_0_clk/X (sky130_fd_sc_hd__clkbuf_16)
                                         clknet_0_clk (net)
                  0.14    0.00    0.26 ^ clkbuf_2_1__f_clk/A (sky130_fd_sc_hd__clkbuf_16)
     9    0.05    0.10    0.29    0.55 ^ clkbuf_2_1__f_clk/X (sky130_fd_sc_hd__clkbuf_16)
                                         clknet_2_1__leaf_clk (net)
                  0.11    0.01    0.56 ^ _343_/CLK (sky130_fd_sc_hd__dfrtp_4)
     5    0.10    0.31    1.26    1.82 v _343_/Q (sky130_fd_sc_hd__dfrtp_4)
                                         one_second_counter[13] (net)
                  0.31    0.02    1.83 v _180_/D (sky130_fd_sc_hd__and4_2)
     3    0.04    0.20    0.76    2.59 v _180_/X (sky130_fd_sc_hd__and4_2)
                                         _078_ (net)
                  0.20    0.01    2.60 v _181_/D (sky130_fd_sc_hd__or4_1)
     1    0.01    0.27    1.14    3.73 v _181_/X (sky130_fd_sc_hd__or4_1)
                                         _079_ (net)
                  0.27    0.00    3.73 v _184_/A3 (sky130_fd_sc_hd__o31a_2)
     1    0.03    0.22    0.79    4.52 v _184_/X (sky130_fd_sc_hd__o31a_2)
                                         _082_ (net)
                  0.22    0.01    4.53 v _186_/A2 (sky130_fd_sc_hd__o211ai_4)
     2    0.05    0.62    0.63    5.15 ^ _186_/Y (sky130_fd_sc_hd__o211ai_4)
                                         _084_ (net)
                  0.62    0.01    5.16 ^ _187_/A2 (sky130_fd_sc_hd__a21bo_4)
    11    0.15    0.72    0.89    6.05 ^ _187_/X (sky130_fd_sc_hd__a21bo_4)
                                         _085_ (net)
                  0.72    0.03    6.08 ^ _202_/A (sky130_fd_sc_hd__clkbuf_8)
    12    0.15    0.39    0.72    6.80 ^ _202_/X (sky130_fd_sc_hd__clkbuf_8)
                                         _095_ (net)
                  0.40    0.03    6.83 ^ _249_/A (sky130_fd_sc_hd__and3_2)
     2    0.06    0.49    0.82    7.64 ^ _249_/X (sky130_fd_sc_hd__and3_2)
                                         _130_ (net)
                  0.49    0.01    7.66 ^ _250_/A (sky130_fd_sc_hd__buf_2)
     2    0.06    0.48    0.66    8.32 ^ _250_/X (sky130_fd_sc_hd__buf_2)
                                         _007_ (net)
                  0.49    0.02    8.34 ^ _346_/D (sky130_fd_sc_hd__dfrtp_4)
                                  8.34   data arrival time

                         10.00   10.00   clock core_clock (rise edge)
                          0.00   10.00   clock source latency
     1    0.02    0.00    0.00   10.00 ^ clk (in)
                                         clk (net)
                  0.00    0.00   10.00 ^ clkbuf_0_clk/A (sky130_fd_sc_hd__clkbuf_16)
     4    0.07    0.14    0.26   10.26 ^ clkbuf_0_clk/X (sky130_fd_sc_hd__clkbuf_16)
                                         clknet_0_clk (net)
                  0.14    0.00   10.26 ^ clkbuf_2_1__f_clk/A (sky130_fd_sc_hd__clkbuf_16)
     9    0.05    0.10    0.29   10.55 ^ clkbuf_2_1__f_clk/X (sky130_fd_sc_hd__clkbuf_16)
                                         clknet_2_1__leaf_clk (net)
                  0.10    0.01   10.56 ^ _346_/CLK (sky130_fd_sc_hd__dfrtp_4)
                          0.00   10.56   clock reconvergence pessimism
                         -0.24   10.32   library setup time
                                 10.32   data required time
-----------------------------------------------------------------------------
                                 10.32   data required time
                                 -8.34   data arrival time
-----------------------------------------------------------------------------
                                  1.98   slack (MET)



======================= Typical Corner ===================================

Startpoint: _343_ (rising edge-triggered flip-flop clocked by core_clock)
Endpoint: _354_ (rising edge-triggered flip-flop clocked by core_clock)
Path Group: core_clock
Path Type: max
Corner: Typical

Fanout     Cap    Slew   Delay    Time   Description
-----------------------------------------------------------------------------
                          0.00    0.00   clock core_clock (rise edge)
                          0.00    0.00   clock source latency
     1    0.02    0.00    0.00    0.00 ^ clk (in)
                                         clk (net)
                  0.00    0.00    0.00 ^ clkbuf_0_clk/A (sky130_fd_sc_hd__clkbuf_16)
     4    0.07    0.09    0.15    0.15 ^ clkbuf_0_clk/X (sky130_fd_sc_hd__clkbuf_16)
                                         clknet_0_clk (net)
                  0.09    0.00    0.16 ^ clkbuf_2_1__f_clk/A (sky130_fd_sc_hd__clkbuf_16)
     9    0.05    0.07    0.16    0.32 ^ clkbuf_2_1__f_clk/X (sky130_fd_sc_hd__clkbuf_16)
                                         clknet_2_1__leaf_clk (net)
                  0.07    0.01    0.32 ^ _343_/CLK (sky130_fd_sc_hd__dfrtp_4)
     5    0.10    0.17    0.60    0.93 v _343_/Q (sky130_fd_sc_hd__dfrtp_4)
                                         one_second_counter[13] (net)
                  0.17    0.02    0.95 v _180_/D (sky130_fd_sc_hd__and4_2)
     3    0.04    0.11    0.37    1.32 v _180_/X (sky130_fd_sc_hd__and4_2)
                                         _078_ (net)
                  0.11    0.01    1.32 v _181_/D (sky130_fd_sc_hd__or4_1)
     1    0.01    0.13    0.48    1.80 v _181_/X (sky130_fd_sc_hd__or4_1)
                                         _079_ (net)
                  0.13    0.00    1.80 v _184_/A3 (sky130_fd_sc_hd__o31a_2)
     1    0.03    0.13    0.40    2.20 v _184_/X (sky130_fd_sc_hd__o31a_2)
                                         _082_ (net)
                  0.13    0.01    2.21 v _186_/A2 (sky130_fd_sc_hd__o211ai_4)
     2    0.05    0.39    0.37    2.58 ^ _186_/Y (sky130_fd_sc_hd__o211ai_4)
                                         _084_ (net)
                  0.39    0.01    2.59 ^ _187_/A2 (sky130_fd_sc_hd__a21bo_4)
    11    0.15    0.47    0.48    3.06 ^ _187_/X (sky130_fd_sc_hd__a21bo_4)
                                         _085_ (net)
                  0.47    0.03    3.10 ^ _188_/A (sky130_fd_sc_hd__inv_2)
     2    0.04    0.16    0.21    3.30 v _188_/Y (sky130_fd_sc_hd__inv_2)
                                         _086_ (net)
                  0.16    0.00    3.31 v _189_/A (sky130_fd_sc_hd__buf_8)
    10    0.16    0.12    0.23    3.54 v _189_/X (sky130_fd_sc_hd__buf_8)
                                         _027_ (net)
                  0.14    0.03    3.57 v _278_/A (sky130_fd_sc_hd__nor3_2)
     2    0.05    0.78    0.68    4.26 ^ _278_/Y (sky130_fd_sc_hd__nor3_2)
                                         _016_ (net)
                  0.78    0.01    4.27 ^ _354_/D (sky130_fd_sc_hd__dfrtp_4)
                                  4.27   data arrival time

                         10.00   10.00   clock core_clock (rise edge)
                          0.00   10.00   clock source latency
     1    0.02    0.00    0.00   10.00 ^ clk (in)
                                         clk (net)
                  0.00    0.00   10.00 ^ clkbuf_0_clk/A (sky130_fd_sc_hd__clkbuf_16)
     4    0.07    0.09    0.15   10.15 ^ clkbuf_0_clk/X (sky130_fd_sc_hd__clkbuf_16)
                                         clknet_0_clk (net)
                  0.09    0.01   10.16 ^ clkbuf_2_2__f_clk/A (sky130_fd_sc_hd__clkbuf_16)
     7    0.06    0.08    0.17   10.33 ^ clkbuf_2_2__f_clk/X (sky130_fd_sc_hd__clkbuf_16)
                                         clknet_2_2__leaf_clk (net)
                  0.08    0.01   10.33 ^ _354_/CLK (sky130_fd_sc_hd__dfrtp_4)
                          0.00   10.33   clock reconvergence pessimism
                         -0.19   10.15   library setup time
                                 10.15   data required time
-----------------------------------------------------------------------------
                                 10.15   data required time
                                 -4.27   data arrival time
-----------------------------------------------------------------------------
                                  5.88   slack (MET)




===========================================================================
report_checks --slack_max -0.01
============================================================================
======================= Fastest Corner ===================================

No paths found.

======================= Slowest Corner ===================================

No paths found.

======================= Typical Corner ===================================

No paths found.


===========================================================================
 report_check_types -max_slew -max_cap -max_fanout -violators
============================================================================
======================= Fastest Corner ===================================


max slew violations count Fastest: 0
max fanout violations count Fastest: 0
max cap violations count Fastest: 0
======================= Slowest Corner ===================================


max slew violations count Slowest: 0
max fanout violations count Slowest: 0
max cap violations count Slowest: 0
======================= Typical Corner ===================================


max slew violations count Typical: 0
max fanout violations count Typical: 0
max cap violations count Typical: 0

===========================================================================
report_parasitic_annotation -report_unannotated
============================================================================
Found 11 unannotated drivers.
 ZeroToFiveCounter_10/LO
 ZeroToFiveCounter_11/LO
 ZeroToFiveCounter_12/LO
 ZeroToFiveCounter_13/LO
 ZeroToFiveCounter_14/LO
 ZeroToFiveCounter_15/LO
 ZeroToFiveCounter_16/LO
 ZeroToFiveCounter_9/HI
 clkload0/X
 clkload1/Y
 clkload2/X
Found 0 partially unannotated drivers.

===========================================================================
max slew violation count 0
max fanout violation count 0
max cap violation count 0
============================================================================

===========================================================================
check_setup -verbose -unconstrained_endpoints -multiple_clock -no_clock -no_input_delay -loops -generated_clocks
===========================================================================
Warning: There is 1 input port missing set_input_delay.
  rst
Warning: There are 15 unconstrained endpoints.
  an[0]
  an[1]
  an[2]
  an[3]
  an[4]
  an[5]
  an[6]
  an[7]
  seg[0]
  seg[1]
  seg[2]
  seg[3]
  seg[4]
  seg[5]
  seg[6]
